#
# There is insufficient memory for the Java Runtime Environment to continue.
# Native memory allocation (mmap) failed to map 65536 bytes. Error detail: Failed to commit metaspace.
# Possible reasons:
#   The system is out of physical RAM or swap space
#   This process is running with CompressedOops enabled, and the Java Heap may be blocking the growth of the native heap
# Possible solutions:
#   Reduce memory load on the system
#   Increase physical memory or swap space
#   Check if swap backing store is full
#   Decrease Java heap size (-Xmx/-Xms)
#   Decrease number of Java threads
#   Decrease Java thread stack sizes (-Xss)
#   Set larger code cache with -XX:ReservedCodeCacheSize=
#   JVM is running with Unscaled Compressed Oops mode in which the Java heap is
#     placed in the first 4GB address space. The Java Heap base address is the
#     maximum limit for the native heap growth. Please use -XX:HeapBaseMinAddress
#     to set the Java Heap base and to place the Java Heap above 4GB virtual address.
# This output file may be truncated or incomplete.
#
#  Out of Memory Error (virtualSpaceNode.cpp:110), pid=12388, tid=13800
#
# JRE version: OpenJDK Runtime Environment Temurin-17.0.11+9 (17.0.11+9) (build 17.0.11+9)
# Java VM: OpenJDK 64-Bit Server VM Temurin-17.0.11+9 (17.0.11+9, mixed mode, tiered, compressed oops, compressed class ptrs, parallel gc, windows-amd64)
# No core dump will be written. Minidumps are not enabled by default on client versions of Windows
#

---------------  S U M M A R Y ------------

Command Line: --add-modules=ALL-SYSTEM --add-opens=java.base/java.util=ALL-UNNAMED --add-opens=java.base/java.lang=ALL-UNNAMED --add-opens=java.base/sun.nio.fs=ALL-UNNAMED -Declipse.application=org.eclipse.jdt.ls.core.id1 -Dosgi.bundles.defaultStartLevel=4 -Declipse.product=org.eclipse.jdt.ls.core.product -Djava.import.generatesMetadataFilesAtProjectRoot=false -DDetectVMInstallationsJob.disabled=true -Dfile.encoding=utf8 -XX:+UseParallelGC -XX:GCTimeRatio=4 -XX:AdaptiveSizePolicyWeight=90 -Dsun.zip.disableMemoryMapping=true -Xmx1G -Xms100m -Xlog:disable -javaagent:c:\Users\maxim\.vscode\extensions\redhat.java-1.32.0-win32-x64\lombok\lombok-1.18.33.jar c:\Users\maxim\.vscode\extensions\redhat.java-1.32.0-win32-x64\server\plugins\org.eclipse.equinox.launcher_1.6.900.v20240613-2009.jar -configuration c:\Users\maxim\AppData\Roaming\Code\User\globalStorage\redhat.java\1.32.0\config_ss_win -data c:\Users\maxim\AppData\Roaming\Code\User\workspaceStorage\9c533155a620a7e78ab5c3f109caaddd\redhat.java\ss_ws --pipe=\\.\pipe\lsp-4b10089fcc394431e2d7ef0aa39a5a0b-sock

Host: Intel(R) Celeron(R) CPU N3350 @ 1.10GHz, 2 cores, 3G,  Windows 10 , 64 bit Build 19041 (10.0.19041.4597)
Time: Sat Jul 13 15:35:19 2024 Hora estándar de Argentina elapsed time: 26.918934 seconds (0d 0h 0m 26s)

---------------  T H R E A D  ---------------

Current thread (0x000001913363e140):  JavaThread "main" [_thread_in_vm, id=13800, stack(0x000000404bf00000,0x000000404c000000)]

Stack: [0x000000404bf00000,0x000000404c000000]
Native frames: (J=compiled Java code, j=interpreted, Vv=VM code, C=native code)
V  [jvm.dll+0x67d429]
V  [jvm.dll+0x834b7a]
V  [jvm.dll+0x83663e]
V  [jvm.dll+0x836ca3]
V  [jvm.dll+0x247dbf]
V  [jvm.dll+0x83083b]
V  [jvm.dll+0x621d56]
V  [jvm.dll+0x1c1b3e]
V  [jvm.dll+0x6246b1]
V  [jvm.dll+0x6226f6]
V  [jvm.dll+0x62c5c7]
V  [jvm.dll+0x1ebb1b]
V  [jvm.dll+0x1ec055]
V  [jvm.dll+0x1ecb10]
V  [jvm.dll+0x1e1f11]
V  [jvm.dll+0x54250e]
V  [jvm.dll+0x7aecb8]
V  [jvm.dll+0x7aeda4]
V  [jvm.dll+0x4106a5]
V  [jvm.dll+0x416819]
C  [java.dll+0x17ec]

Java frames: (J=compiled Java code, j=interpreted, Vv=VM code)
j  java.lang.ClassLoader.defineClass1(Ljava/lang/ClassLoader;Ljava/lang/String;[BIILjava/security/ProtectionDomain;Ljava/lang/String;)Ljava/lang/Class;+0 java.base@17.0.11
j  java.lang.ClassLoader.defineClass(Ljava/lang/String;[BIILjava/security/ProtectionDomain;)Ljava/lang/Class;+27 java.base@17.0.11
j  java.security.SecureClassLoader.defineClass(Ljava/lang/String;[BIILjava/security/CodeSource;)Ljava/lang/Class;+12 java.base@17.0.11
j  java.net.URLClassLoader.defineClass(Ljava/lang/String;Ljdk/internal/loader/Resource;)Ljava/lang/Class;+221 java.base@17.0.11
j  java.net.URLClassLoader$1.run()Ljava/lang/Class;+43 java.base@17.0.11
j  java.net.URLClassLoader$1.run()Ljava/lang/Object;+1 java.base@17.0.11
J 898 c1 java.security.AccessController.executePrivileged(Ljava/security/PrivilegedExceptionAction;Ljava/security/AccessControlContext;Ljava/lang/Class;)Ljava/lang/Object; java.base@17.0.11 (65 bytes) @ 0x000001913645f234 [0x000001913645f0e0+0x0000000000000154]
j  java.security.AccessController.doPrivileged(Ljava/security/PrivilegedExceptionAction;Ljava/security/AccessControlContext;)Ljava/lang/Object;+13 java.base@17.0.11
j  java.net.URLClassLoader.findClass(Ljava/lang/String;)Ljava/lang/Class;+13 java.base@17.0.11
J 924 c1 java.lang.ClassLoader.loadClass(Ljava/lang/String;Z)Ljava/lang/Class; java.base@17.0.11 (121 bytes) @ 0x00000191364674dc [0x0000019136466f40+0x000000000000059c]
J 796 c1 java.lang.ClassLoader.loadClass(Ljava/lang/String;)Ljava/lang/Class; java.base@17.0.11 (7 bytes) @ 0x0000019136430d3c [0x0000019136430c40+0x00000000000000fc]
v  ~StubRoutines::call_stub
j  org.eclipse.osgi.storage.Storage.getChildStorageManager()Lorg/eclipse/osgi/storagemanager/StorageManager;+14
j  org.eclipse.osgi.storage.Storage.getInfoInputStream()Ljava/io/InputStream;+1
j  org.eclipse.osgi.storage.Storage.<init>(Lorg/eclipse/osgi/internal/framework/EquinoxContainer;[Ljava/lang/String;)V+525
j  org.eclipse.osgi.storage.Storage.createStorage(Lorg/eclipse/osgi/internal/framework/EquinoxContainer;)Lorg/eclipse/osgi/storage/Storage;+11
j  org.eclipse.osgi.internal.framework.EquinoxContainer.<init>(Ljava/util/Map;Lorg/osgi/framework/connect/ModuleConnector;)V+146
j  org.eclipse.osgi.launch.Equinox.<init>(Ljava/util/Map;Lorg/osgi/framework/connect/ModuleConnector;)V+10
j  org.eclipse.osgi.launch.Equinox.<init>(Ljava/util/Map;)V+3
j  org.eclipse.core.runtime.adaptor.EclipseStarter.startup([Ljava/lang/String;Ljava/lang/Runnable;)Lorg/osgi/framework/BundleContext;+28
j  org.eclipse.core.runtime.adaptor.EclipseStarter.run([Ljava/lang/String;Ljava/lang/Runnable;)Ljava/lang/Object;+21
v  ~StubRoutines::call_stub
j  jdk.internal.reflect.NativeMethodAccessorImpl.invoke0(Ljava/lang/reflect/Method;Ljava/lang/Object;[Ljava/lang/Object;)Ljava/lang/Object;+0 java.base@17.0.11
j  jdk.internal.reflect.NativeMethodAccessorImpl.invoke(Ljava/lang/Object;[Ljava/lang/Object;)Ljava/lang/Object;+133 java.base@17.0.11
j  jdk.internal.reflect.DelegatingMethodAccessorImpl.invoke(Ljava/lang/Object;[Ljava/lang/Object;)Ljava/lang/Object;+6 java.base@17.0.11
j  java.lang.reflect.Method.invoke(Ljava/lang/Object;[Ljava/lang/Object;)Ljava/lang/Object;+59 java.base@17.0.11
j  org.eclipse.equinox.launcher.Main.invokeFramework([Ljava/lang/String;[Ljava/net/URL;)V+202
j  org.eclipse.equinox.launcher.Main.basicRun([Ljava/lang/String;)V+159
j  org.eclipse.equinox.launcher.Main.run([Ljava/lang/String;)I+4
j  org.eclipse.equinox.launcher.Main.main([Ljava/lang/String;)V+10
v  ~StubRoutines::call_stub

Compiled method (c1)   27585  898       3       java.security.AccessController::executePrivileged (65 bytes)
 total in heap  [0x000001913645ef10,0x000001913645f4f8] = 1512
 relocation     [0x000001913645f068,0x000001913645f0c8] = 96
 main code      [0x000001913645f0e0,0x000001913645f380] = 672
 stub code      [0x000001913645f380,0x000001913645f3d8] = 88
 metadata       [0x000001913645f3d8,0x000001913645f3e8] = 16
 scopes data    [0x000001913645f3e8,0x000001913645f460] = 120
 scopes pcs     [0x000001913645f460,0x000001913645f4e0] = 128
 dependencies   [0x000001913645f4e0,0x000001913645f4e8] = 8
 nul chk table  [0x000001913645f4e8,0x000001913645f4f8] = 16

[Constant Pool (empty)]

[MachCode]
[Verified Entry Point]
  # {method} {0x0000019148030fe8} 'executePrivileged' '(Ljava/security/PrivilegedExceptionAction;Ljava/security/AccessControlContext;Ljava/lang/Class;)Ljava/lang/Object;' in 'java/security/AccessController'
  # parm0:    rdx:rdx   = 'java/security/PrivilegedExceptionAction'
  # parm1:    r8:r8     = 'java/security/AccessControlContext'
  # parm2:    r9:r9     = 'java/lang/Class'
  #           [sp+0x50]  (sp of caller)
  0x000001913645f0e0: 8984 2400 | 90ff ff55 | 4883 ec40 | 4c89 4424 

  0x000001913645f0f0: ;   {metadata(method data for {method} {0x0000019148030fe8} 'executePrivileged' '(Ljava/security/PrivilegedExceptionAction;Ljava/security/AccessControlContext;Ljava/lang/Class;)Ljava/lang/Object;' in 'java/security/AccessController')}
  0x000001913645f0f0: 3048 bee0 | 7f9b 4891 | 0100 008b | becc 0000 | 0083 c702 | 89be cc00 | 0000 81e7 | fe07 0000 
  0x000001913645f110: 83ff 000f | 84b7 0100 | 0049 83f8 

  0x000001913645f11c: ;   {metadata(method data for {method} {0x0000019148030fe8} 'executePrivileged' '(Ljava/security/PrivilegedExceptionAction;Ljava/security/AccessControlContext;Ljava/lang/Class;)Ljava/lang/Object;' in 'java/security/AccessController')}
  0x000001913645f11c: 0048 bee0 | 7f9b 4891 | 0100 0048 | bf10 0100 | 0000 0000 | 000f 840a | 0000 0048 | bf20 0100 
  0x000001913645f13c: 0000 0000 | 0048 8b1c | 3e48 8d5b | 0148 891c | 3e4c 894c | 2428 4889 | 5424 200f | 841f 0000 
  0x000001913645f15c: ;   {metadata(method data for {method} {0x0000019148030fe8} 'executePrivileged' '(Ljava/security/PrivilegedExceptionAction;Ljava/security/AccessControlContext;Ljava/lang/Class;)Ljava/lang/Object;' in 'java/security/AccessController')}
  0x000001913645f15c: 0048 bee0 | 7f9b 4891 | 0100 0048 | 8386 3001 | 0000 0149 | 8bd0 0f1f 

  0x000001913645f174: ;   {static_call}
  0x000001913645f174: 4400 00e8 

  0x000001913645f178: ; ImmutableOopMap {[32]=Oop [40]=Oop [48]=Oop }
                      ;*invokestatic ensureMaterializedForStackWalk {reexecute=0 rethrow=0 return_oop=0}
                      ; - java.security.AccessController::executePrivileged@5
  0x000001913645f178: 0902 0000 

  0x000001913645f17c: ;   {metadata(method data for {method} {0x0000019148030fe8} 'executePrivileged' '(Ljava/security/PrivilegedExceptionAction;Ljava/security/AccessControlContext;Ljava/lang/Class;)Ljava/lang/Object;' in 'java/security/AccessController')}
  0x000001913645f17c: 48ba e07f | 9b48 9101 | 0000 ff82 | 4001 0000 | 488b 5424 | 2048 3b02 

  0x000001913645f194: ;   {metadata(method data for {method} {0x0000019148030fe8} 'executePrivileged' '(Ljava/security/PrivilegedExceptionAction;Ljava/security/AccessControlContext;Ljava/lang/Class;)Ljava/lang/Object;' in 'java/security/AccessController')}
  0x000001913645f194: 488b f248 | bfe0 7f9b | 4891 0100 | 008b 7608 | 48c1 e603 | 483b b7b0 | 0100 0075 | 0d48 8387 
  0x000001913645f1b4: b801 0000 | 01e9 6600 | 0000 483b | b7c0 0100 | 0075 0d48 | 8387 c801 | 0000 01e9 | 5000 0000 
  0x000001913645f1d4: 4881 bfb0 | 0100 0000 | 0000 0075 | 1748 89b7 | b001 0000 | 48c7 87b8 | 0100 0001 | 0000 00e9 
  0x000001913645f1f4: 2c00 0000 | 4881 bfc0 | 0100 0000 | 0000 0075 | 1748 89b7 | c001 0000 | 48c7 87c8 | 0100 0001 
  0x000001913645f214: 0000 00e9 | 0800 0000 | 4883 87a0 | 0100 0001 | 9048 b8a0 | 5d86 4c91 

  0x000001913645f22c: ;   {virtual_call}
  0x000001913645f22c: 0100 00e8 

  0x000001913645f230: ; ImmutableOopMap {[40]=Oop [48]=Oop }
                      ;*invokeinterface run {reexecute=0 rethrow=0 return_oop=0}
                      ; - java.security.AccessController::executePrivileged@29
  0x000001913645f230: d4d4 4a07 

  0x000001913645f234: ;   {metadata(method data for {method} {0x0000019148030fe8} 'executePrivileged' '(Ljava/security/PrivilegedExceptionAction;Ljava/security/AccessControlContext;Ljava/lang/Class;)Ljava/lang/Object;' in 'java/security/AccessController')}
  0x000001913645f234: 48be e07f | 9b48 9101 | 0000 ff86 | d801 0000 | 4c8b 4c24 

  0x000001913645f248: ;   {metadata(method data for {method} {0x0000019148030fe8} 'executePrivileged' '(Ljava/security/PrivilegedExceptionAction;Ljava/security/AccessControlContext;Ljava/lang/Class;)Ljava/lang/Object;' in 'java/security/AccessController')}
  0x000001913645f248: 2848 bee0 | 7f9b 4891 | 0100 0048 | 8386 3802 

  0x000001913645f258: ;   {metadata(method data for {method} {0x0000019148035da8} 'reachabilityFence' '(Ljava/lang/Object;)V' in 'java/lang/ref/Reference')}
  0x000001913645f258: 0000 0148 | be60 955e | 4891 0100 | 008b becc | 0000 0083 | c702 89be | cc00 0000 | 81e7 feff 
  0x000001913645f278: 1f00 83ff | 000f 8473 

  0x000001913645f280: ;   {metadata(method data for {method} {0x0000019148030fe8} 'executePrivileged' '(Ljava/security/PrivilegedExceptionAction;Ljava/security/AccessControlContext;Ljava/lang/Class;)Ljava/lang/Object;' in 'java/security/AccessController')}
  0x000001913645f280: 0000 0048 | bee0 7f9b | 4891 0100 | 0048 8386 | 4802 0000 

  0x000001913645f294: ;   {metadata(method data for {method} {0x0000019148035da8} 'reachabilityFence' '(Ljava/lang/Object;)V' in 'java/lang/ref/Reference')}
  0x000001913645f294: 0148 be60 | 955e 4891 | 0100 008b | becc 0000 | 0083 c702 | 89be cc00 | 0000 81e7 | feff 1f00 
  0x000001913645f2b4: 83ff 000f | 845a 0000 | 0048 83c4 

  0x000001913645f2c0: ;   {poll_return}
  0x000001913645f2c0: 405d 493b | a750 0300 | 000f 8766 | 0000 00c3 

  0x000001913645f2d0: ;   {metadata({method} {0x0000019148030fe8} 'executePrivileged' '(Ljava/security/PrivilegedExceptionAction;Ljava/security/AccessControlContext;Ljava/lang/Class;)Ljava/lang/Object;' in 'java/security/AccessController')}
  0x000001913645f2d0: 49ba e00f | 0348 9101 | 0000 4c89 | 5424 0848 | c704 24ff 

  0x000001913645f2e4: ;   {runtime_call counter_overflow Runtime1 stub}
  0x000001913645f2e4: ffff ffe8 

  0x000001913645f2e8: ; ImmutableOopMap {rdx=Oop r8=Oop [48]=Oop r9=Oop }
                      ;*synchronization entry
                      ; - java.security.AccessController::executePrivileged@-1
  0x000001913645f2e8: 94a9 4a07 | e928 feff 

  0x000001913645f2f0: ;   {runtime_call throw_null_pointer_exception Runtime1 stub}
  0x000001913645f2f0: ffe8 2a79 

  0x000001913645f2f4: ; ImmutableOopMap {[40]=Oop rdx=Oop [48]=Oop }
                      ;*invokeinterface run {reexecute=0 rethrow=0 return_oop=0}
                      ; - java.security.AccessController::executePrivileged@29
                      ;   {metadata({method} {0x0000019148035da8} 'reachabilityFence' '(Ljava/lang/Object;)V' in 'java/lang/ref/Reference')}
  0x000001913645f2f4: 4107 49ba | a05d 0348 | 9101 0000 | 4c89 5424 | 0848 c704 | 24ff ffff 

  0x000001913645f30c: ;   {runtime_call counter_overflow Runtime1 stub}
  0x000001913645f30c: ffe8 6ea9 

  0x000001913645f310: ; ImmutableOopMap {rax=Oop r9=Oop }
                      ;*synchronization entry
                      ; - java.lang.ref.Reference::reachabilityFence@-1
                      ; - java.security.AccessController::executePrivileged@56
  0x000001913645f310: 4a07 e96c 

  0x000001913645f314: ;   {metadata({method} {0x0000019148035da8} 'reachabilityFence' '(Ljava/lang/Object;)V' in 'java/lang/ref/Reference')}
  0x000001913645f314: ffff ff49 | baa0 5d03 | 4891 0100 | 004c 8954 | 2408 48c7 | 0424 ffff 

  0x000001913645f32c: ;   {runtime_call counter_overflow Runtime1 stub}
  0x000001913645f32c: ffff e84d 

  0x000001913645f330: ; ImmutableOopMap {rax=Oop }
                      ;*synchronization entry
                      ; - java.lang.ref.Reference::reachabilityFence@-1
                      ; - java.security.AccessController::executePrivileged@60
  0x000001913645f330: a94a 07eb 

  0x000001913645f334: ;   {internal_word}
  0x000001913645f334: 8849 bac2 | f245 3691 | 0100 004d | 8997 6803 

  0x000001913645f344: ;   {runtime_call SafepointBlob}
  0x000001913645f344: 0000 e935 | 7f40 0790 | 9049 8b87 | e003 0000 | 49c7 87e0 | 0300 0000 | 0000 0049 | c787 e803 
  0x000001913645f364: 0000 0000 | 0000 4883 

  0x000001913645f36c: ;   {runtime_call unwind_exception Runtime1 stub}
  0x000001913645f36c: c440 5de9 | 8c87 4107 | f4f4 f4f4 | f4f4 f4f4 | f4f4 f4f4 
[Stub Code]
  0x000001913645f380: ;   {no_reloc}
  0x000001913645f380: 0f1f 4400 

  0x000001913645f384: ;   {static_stub}
  0x000001913645f384: 0048 bb58 | 0d03 4891 

  0x000001913645f38c: ;   {runtime_call I2C/C2I adapters}
  0x000001913645f38c: 0100 00e9 | bc66 4007 

  0x000001913645f394: ;   {static_stub}
  0x000001913645f394: 9048 bb00 | 0000 0000 

  0x000001913645f39c: ;   {runtime_call}
  0x000001913645f39c: 0000 00e9 | fbff ffff 
[Exception Handler]
  0x000001913645f3a4: ;   {runtime_call handle_exception_from_callee Runtime1 stub}
  0x000001913645f3a4: e857 5a41 

  0x000001913645f3a8: ;   {external_word}
  0x000001913645f3a8: 0748 b930 | 9a36 bbfc | 7f00 0048 

  0x000001913645f3b4: ;   {runtime_call}
  0x000001913645f3b4: 83e4 f049 | ba40 2bff | bafc 7f00 | 0041 ffd2 

  0x000001913645f3c4: ;   {section_word}
  0x000001913645f3c4: f449 bac5 | f345 3691 | 0100 0041 

  0x000001913645f3d0: ;   {runtime_call DeoptimizationBlob}
  0x000001913645f3d0: 52e9 ca77 | 4007 f4f4 
[/MachCode]


Compiled method (c1)   27624  924   !   3       java.lang.ClassLoader::loadClass (121 bytes)
 total in heap  [0x0000019136466c90,0x0000019136468238] = 5544
 relocation     [0x0000019136466de8,0x0000019136466f38] = 336
 main code      [0x0000019136466f40,0x0000019136467b00] = 3008
 stub code      [0x0000019136467b00,0x0000019136467be8] = 232
 oops           [0x0000019136467be8,0x0000019136467bf8] = 16
 metadata       [0x0000019136467bf8,0x0000019136467c60] = 104
 scopes data    [0x0000019136467c60,0x0000019136467ec0] = 608
 scopes pcs     [0x0000019136467ec0,0x0000019136468080] = 448
 dependencies   [0x0000019136468080,0x00000191364680a0] = 32
 handler table  [0x00000191364680a0,0x0000019136468220] = 384
 nul chk table  [0x0000019136468220,0x0000019136468238] = 24

[Constant Pool (empty)]

[MachCode]
[Entry Point]
  # {method} {0x000001914801d4a8} 'loadClass' '(Ljava/lang/String;Z)Ljava/lang/Class;' in 'java/lang/ClassLoader'
  # this:     rdx:rdx   = 'java/lang/ClassLoader'
  # parm0:    r8:r8     = 'java/lang/String'
  # parm1:    r9        = boolean
  #           [sp+0xd0]  (sp of caller)
  0x0000019136466f40: 448b 5208 | 49c1 e203 

  0x0000019136466f48: ;   {runtime_call ic_miss_stub}
  0x0000019136466f48: 4c3b d00f | 852f 9e3f | 0766 6666 | 0f1f 8400 | 0000 0000 | 6666 6690 
[Verified Entry Point]
  0x0000019136466f60: 8984 2400 | 90ff ff55 | 4881 ecc0 | 0000 0048 | 8954 2450 | 4c89 4424 

  0x0000019136466f78: ;   {metadata(method data for {method} {0x000001914801d4a8} 'loadClass' '(Ljava/lang/String;Z)Ljava/lang/Class;' in 'java/lang/ClassLoader')}
  0x0000019136466f78: 5848 bef8 | 9e9b 4891 | 0100 008b | becc 0000 | 0083 c702 | 89be cc00 | 0000 81e7 | fe07 0000 
  0x0000019136466f98: 83ff 000f | 8444 0900 | 0044 894c | 2460 488b 

  0x0000019136466fa8: ;   {metadata(method data for {method} {0x000001914801d4a8} 'loadClass' '(Ljava/lang/String;Z)Ljava/lang/Class;' in 'java/lang/ClassLoader')}
  0x0000019136466fa8: f248 bff8 | 9e9b 4891 | 0100 008b | 7608 48c1 | e603 483b | b720 0100 | 0075 0d48 | 8387 2801 
  0x0000019136466fc8: 0000 01e9 | 6600 0000 | 483b b730 | 0100 0075 | 0d48 8387 | 3801 0000 | 01e9 5000 | 0000 4881 
  0x0000019136466fe8: bf20 0100 | 0000 0000 | 0075 1748 | 89b7 2001 | 0000 48c7 | 8728 0100 | 0001 0000 | 00e9 2c00 
  0x0000019136467008: 0000 4881 | bf30 0100 | 0000 0000 | 0075 1748 | 89b7 3001 | 0000 48c7 | 8738 0100 | 0001 0000 
  0x0000019136467028: 00e9 0800 | 0000 4883 | 8710 0100 | 0001 498b | f04c 8bc6 | 488b fa48 | 8bd7 0f1f 

  0x0000019136467044: ;   {optimized virtual_call}
  0x0000019136467044: 4400 00e8 

  0x0000019136467048: ; ImmutableOopMap {[80]=Oop [88]=Oop }
                      ;*invokevirtual getClassLoadingLock {reexecute=0 rethrow=0 return_oop=0}
                      ; - java.lang.ClassLoader::loadClass@2
  0x0000019136467048: 9430 fbff | 4889 4424 | 6848 8d94 | 24a0 0000 | 0048 8bf0 | 4889 7208 

  0x0000019136467060: ; implicit exception: dispatches to 0x0000019136467906
  0x0000019136467060: 488b 0648 | 83c8 0148 | 8902 f048 | 0fb1 160f | 8413 0000 | 0048 2bc4 | 4881 e007 | f0ff ff48 
  0x0000019136467080: 8902 0f85 | 8308 0000 | 488b 5424 

  0x000001913646708c: ;   {metadata(method data for {method} {0x000001914801d4a8} 'loadClass' '(Ljava/lang/String;Z)Ljava/lang/Class;' in 'java/lang/ClassLoader')}
  0x000001913646708c: 5048 bef8 | 9e9b 4891 | 0100 0048 | 8386 4801 

  0x000001913646709c: ;   {metadata(method data for {method} {0x000001914801e5d8} 'findLoadedClass' '(Ljava/lang/String;)Ljava/lang/Class;' in 'java/lang/ClassLoader')}
  0x000001913646709c: 0000 0148 | ba90 e87d | 4891 0100 | 008b b2cc | 0000 0083 | c602 89b2 | cc00 0000 | 81e6 feff 
  0x00000191364670bc: 1f00 83fe | 000f 8457 

  0x00000191364670c4: ;   {metadata(method data for {method} {0x000001914801e5d8} 'findLoadedClass' '(Ljava/lang/String;)Ljava/lang/Class;' in 'java/lang/ClassLoader')}
  0x00000191364670c4: 0800 0048 | ba90 e87d | 4891 0100 | 0048 8382 | 1001 0000 | 0148 8b54 

  0x00000191364670dc: ;   {static_call}
  0x00000191364670dc: 2458 90e8 

  0x00000191364670e0: ; ImmutableOopMap {[80]=Oop [88]=Oop [104]=Oop [168]=Oop }
                      ;*invokestatic checkName {reexecute=0 rethrow=0 return_oop=0}
                      ; - java.lang.ClassLoader::findLoadedClass@1
                      ; - java.lang.ClassLoader::loadClass@10
  0x00000191364670e0: fc45 eeff 

  0x00000191364670e4: ;   {metadata(method data for {method} {0x000001914801e5d8} 'findLoadedClass' '(Ljava/lang/String;)Ljava/lang/Class;' in 'java/lang/ClassLoader')}
  0x00000191364670e4: 83f8 0049 | b890 e87d | 4891 0100 | 0048 ba20 | 0100 0000 | 0000 000f | 850a 0000 | 0048 ba30 
  0x0000019136467104: 0100 0000 | 0000 0049 | 8b34 1048 | 8d76 0149 | 8934 100f | 850f 0000 

  0x000001913646711c: ;   {oop(NULL)}
  0x000001913646711c: 0048 be00 | 0000 0000 | 0000 00e9 | 2b00 0000 | 488b 5424 

  0x0000019136467130: ;   {metadata(method data for {method} {0x000001914801e5d8} 'findLoadedClass' '(Ljava/lang/String;)Ljava/lang/Class;' in 'java/lang/ClassLoader')}
  0x0000019136467130: 5049 b890 | e87d 4891 | 0100 0049 | 8380 4001 | 0000 014c | 8b44 2458 | 488b 5424 

  0x000001913646714c: ;   {optimized virtual_call}
  0x000001913646714c: 5066 90e8 

  0x0000019136467150: ; ImmutableOopMap {[80]=Oop [88]=Oop [104]=Oop [168]=Oop }
                      ;*invokevirtual findLoadedClass0 {reexecute=0 rethrow=0 return_oop=0}
                      ; - java.lang.ClassLoader::findLoadedClass@11
                      ; - java.lang.ClassLoader::loadClass@10
  0x0000019136467150: e47e 9707 | 488b f048 

  0x0000019136467158: ;   {metadata(method data for {method} {0x000001914801d4a8} 'loadClass' '(Ljava/lang/String;Z)Ljava/lang/Class;' in 'java/lang/ClassLoader')}
  0x0000019136467158: 83fe 0048 | bff8 9e9b | 4891 0100 | 0048 bb80 | 0100 0000 | 0000 000f | 850a 0000 | 0048 bb90 
  0x0000019136467178: 0100 0000 | 0000 0048 | 8b04 1f48 | 8d40 0148 | 8904 1f0f | 857b 0500 | 0048 8974 

  0x0000019136467194: ;   {metadata(method data for {method} {0x000001914801d4a8} 'loadClass' '(Ljava/lang/String;Z)Ljava/lang/Class;' in 'java/lang/ClassLoader')}
  0x0000019136467194: 2470 48bf | f89e 9b48 | 9101 0000 | 4883 87a0 | 0100 0001 

  0x00000191364671a8: ;   {runtime_call}
  0x00000191364671a8: 49ba 4089 | 0bbb fc7f | 0000 41ff | d248 8944 | 2478 488b | 5424 508b | 7218 4883 

  0x00000191364671c4: ;   {metadata(method data for {method} {0x000001914801d4a8} 'loadClass' '(Ljava/lang/String;Z)Ljava/lang/Class;' in 'java/lang/ClassLoader')}
  0x00000191364671c4: fe00 49b8 | f89e 9b48 | 9101 0000 | 49b9 b001 | 0000 0000 | 0000 0f84 | 0a00 0000 | 49b9 c001 
  0x00000191364671e4: 0000 0000 | 0000 4b8b | 3c08 488d | 7f01 4b89 | 3c08 0f84 | cd00 0000 

  0x00000191364671fc: ; implicit exception: dispatches to 0x000001913646793f
  0x00000191364671fc: 483b 064c 

  0x0000019136467200: ;   {metadata(method data for {method} {0x000001914801d4a8} 'loadClass' '(Ljava/lang/String;Z)Ljava/lang/Class;' in 'java/lang/ClassLoader')}
  0x0000019136467200: 8bc6 49b9 | f89e 9b48 | 9101 0000 | 458b 4008 | 49c1 e003 | 4d3b 81e0 | 0100 0075 | 0d49 8381 
  0x0000019136467220: e801 0000 | 01e9 6600 | 0000 4d3b | 81f0 0100 | 0075 0d49 | 8381 f801 | 0000 01e9 | 5000 0000 
  0x0000019136467240: 4981 b9e0 | 0100 0000 | 0000 0075 | 174d 8981 | e001 0000 | 49c7 81e8 | 0100 0001 | 0000 00e9 
  0x0000019136467260: 2c00 0000 | 4981 b9f0 | 0100 0000 | 0000 0075 | 174d 8981 | f001 0000 | 49c7 81f8 | 0100 0001 
  0x0000019136467280: 0000 00e9 | 0800 0000 | 4983 81d0 | 0100 0001 | 4c8b 4424 | 5841 b900 | 0000 0048 | 8bd6 0f1f 
  0x00000191364672a0: 8000 0000 | 0048 b830 | 1805 0001 

  0x00000191364672ac: ;   {virtual_call}
  0x00000191364672ac: 0000 00e8 

  0x00000191364672b0: ; ImmutableOopMap {[104]=Oop [88]=Oop [112]=Oop [80]=Oop [168]=Oop }
                      ;*invokevirtual loadClass {reexecute=0 rethrow=0 return_oop=0}
                      ; - java.lang.ClassLoader::loadClass@38
  0x00000191364672b0: 0ca1 fdff 

  0x00000191364672b4: ;   {metadata(method data for {method} {0x000001914801d4a8} 'loadClass' '(Ljava/lang/String;Z)Ljava/lang/Class;' in 'java/lang/ClassLoader')}
  0x00000191364672b4: 48ba f89e | 9b48 9101 | 0000 ff82 | 0802 0000 | e9c9 0000 

  0x00000191364672c8: ;   {metadata(method data for {method} {0x000001914801d4a8} 'loadClass' '(Ljava/lang/String;Z)Ljava/lang/Class;' in 'java/lang/ClassLoader')}
  0x00000191364672c8: 0048 baf8 | 9e9b 4891 | 0100 0048 | 8382 2002 

  0x00000191364672d8: ;   {metadata(method data for {method} {0x000001914801e498} 'findBootstrapClassOrNull' '(Ljava/lang/String;)Ljava/lang/Class;' in 'java/lang/ClassLoader')}
  0x00000191364672d8: 0000 0148 | bab8 009b | 4891 0100 | 008b b2cc | 0000 0083 | c602 89b2 | cc00 0000 | 81e6 feff 
  0x00000191364672f8: 1f00 83fe | 000f 8441 

  0x0000019136467300: ;   {metadata(method data for {method} {0x000001914801e498} 'findBootstrapClassOrNull' '(Ljava/lang/String;)Ljava/lang/Class;' in 'java/lang/ClassLoader')}
  0x0000019136467300: 0600 0048 | bab8 009b | 4891 0100 | 0048 8382 | 1001 0000 | 0148 8b54 | 2458 0f1f 

  0x000001913646731c: ;   {static_call}
  0x000001913646731c: 4400 00e8 

  0x0000019136467320: ; ImmutableOopMap {[104]=Oop [88]=Oop [112]=Oop [80]=Oop [168]=Oop }
                      ;*invokestatic checkName {reexecute=0 rethrow=0 return_oop=0}
                      ; - java.lang.ClassLoader::findBootstrapClassOrNull@1
                      ; - java.lang.ClassLoader::loadClass@47
  0x0000019136467320: 5ca3 3f07 

  0x0000019136467324: ;   {metadata(method data for {method} {0x000001914801e498} 'findBootstrapClassOrNull' '(Ljava/lang/String;)Ljava/lang/Class;' in 'java/lang/ClassLoader')}
  0x0000019136467324: 83f8 0048 | bab8 009b | 4891 0100 | 0048 be20 | 0100 0000 | 0000 000f | 850a 0000 | 0048 be30 
  0x0000019136467344: 0100 0000 | 0000 0048 | 8b3c 3248 | 8d7f 0148 | 893c 320f | 850f 0000 

  0x000001913646735c: ;   {oop(NULL)}
  0x000001913646735c: 0048 be00 | 0000 0000 | 0000 00e9 | 2300 0000 

  0x000001913646736c: ;   {metadata(method data for {method} {0x000001914801e498} 'findBootstrapClassOrNull' '(Ljava/lang/String;)Ljava/lang/Class;' in 'java/lang/ClassLoader')}
  0x000001913646736c: 48ba b800 | 9b48 9101 | 0000 4883 | 8240 0100 | 0001 488b | 5424 580f 

  0x0000019136467384: ;   {static_call}
  0x0000019136467384: 1f40 00e8 

  0x0000019136467388: ; ImmutableOopMap {[104]=Oop [88]=Oop [80]=Oop [112]=Oop [168]=Oop }
                      ;*invokestatic findBootstrapClass {reexecute=0 rethrow=0 return_oop=0}
                      ; - java.lang.ClassLoader::findBootstrapClassOrNull@10
                      ; - java.lang.ClassLoader::loadClass@47
  0x0000019136467388: f4a2 3f07 | 488b f048 

  0x0000019136467390: ;   {metadata(method data for {method} {0x000001914801d4a8} 'loadClass' '(Ljava/lang/String;Z)Ljava/lang/Class;' in 'java/lang/ClassLoader')}
  0x0000019136467390: 8bc6 48be | f89e 9b48 | 9101 0000 | ff86 3002 | 0000 e91e | 0000 0049 | 8b87 e003 | 0000 4d33 
  0x00000191364673b0: d24d 8997 | e003 0000 | 4d33 d24d | 8997 e803 | 0000 488b | c648 83f8 

  0x00000191364673c8: ;   {metadata(method data for {method} {0x000001914801d4a8} 'loadClass' '(Ljava/lang/String;Z)Ljava/lang/Class;' in 'java/lang/ClassLoader')}
  0x00000191364673c8: 0048 bef8 | 9e9b 4891 | 0100 0048 | bf58 0200 | 0000 0000 | 000f 840a | 0000 0048 | bf48 0200 
  0x00000191364673e8: 0000 0000 | 0048 8b1c | 3e48 8d5b | 0148 891c | 3e0f 8408 | 0000 0048 | 8bf0 e905 

  0x0000019136467404: ;   {metadata(method data for {method} {0x000001914801d4a8} 'loadClass' '(Ljava/lang/String;Z)Ljava/lang/Class;' in 'java/lang/ClassLoader')}
  0x0000019136467404: 0300 0048 | bef8 9e9b | 4891 0100 | 0048 8386 | 6802 0000 

  0x0000019136467418: ;   {runtime_call}
  0x0000019136467418: 0149 ba40 | 890b bbfc | 7f00 0041 | ffd2 488b 

  0x0000019136467428: ;   {metadata(method data for {method} {0x000001914801d4a8} 'loadClass' '(Ljava/lang/String;Z)Ljava/lang/Class;' in 'java/lang/ClassLoader')}
  0x0000019136467428: 5424 5049 | b8f8 9e9b | 4891 0100 | 008b 5208 | 48c1 e203 | 493b 9088 | 0200 0075 | 0d49 8380 
  0x0000019136467448: 9002 0000 | 01e9 6600 | 0000 493b | 9098 0200 | 0075 0d49 | 8380 a002 | 0000 01e9 | 5000 0000 
  0x0000019136467468: 4981 b888 | 0200 0000 | 0000 0075 | 1749 8990 | 8802 0000 | 49c7 8090 | 0200 0001 | 0000 00e9 
  0x0000019136467488: 2c00 0000 | 4981 b898 | 0200 0000 | 0000 0075 | 1749 8990 | 9802 0000 | 49c7 80a0 | 0200 0001 
  0x00000191364674a8: 0000 00e9 | 0800 0000 | 4983 8078 | 0200 0001 | 4c8b 4424 | 5848 8b54 | 2450 4889 | 8424 8000 
  0x00000191364674c8: 0000 6666 | 9048 b860 | 3d86 4c91 

  0x00000191364674d4: ;   {virtual_call}
  0x00000191364674d4: 0100 00e8 

  0x00000191364674d8: ; ImmutableOopMap {[104]=Oop [80]=Oop [168]=Oop }
                      ;*invokevirtual findClass {reexecute=0 rethrow=0 return_oop=0}
                      ; - java.lang.ClassLoader::loadClass@69
  0x00000191364674d8: 4cee 3f07 

  0x00000191364674dc: ;   {metadata(method data for {method} {0x000001914801d4a8} 'loadClass' '(Ljava/lang/String;Z)Ljava/lang/Class;' in 'java/lang/ClassLoader')}
  0x00000191364674dc: 49b8 f89e | 9b48 9101 | 0000 4983 | 80b0 0200 

  0x00000191364674ec: ;   {metadata(method data for {method} {0x000001914857d418} 'getParentDelegationTime' '()Ljdk/internal/perf/PerfCounter;' in 'jdk/internal/perf/PerfCounter')}
  0x00000191364674ec: 0001 49b8 | 28a3 9b48 | 9101 0000 | 418b 90cc | 0000 0083 | c202 4189 | 90cc 0000 | 0081 e2fe 
  0x000001913646750c: ff1f 0083 | fa00 0f84 | 4d04 0000 

  0x0000019136467518: ;   {oop(a 'jdk/internal/perf/PerfCounter'{0x00000000ec51d6f0})}
  0x0000019136467518: 48ba f0d6 | 51ec 0000 | 0000 4c8b 

  0x0000019136467524: ;   {metadata(method data for {method} {0x000001914801d4a8} 'loadClass' '(Ljava/lang/String;Z)Ljava/lang/Class;' in 'java/lang/ClassLoader')}
  0x0000019136467524: c248 bef8 | 9e9b 4891 

  0x000001913646752c: ;   {metadata('jdk/internal/perf/PerfCounter')}
  0x000001913646752c: 0100 0049 | ba28 4200 | 0001 0000 | 004c 8996 | d002 0000 | 4883 86d8 | 0200 0001 | 4c8b 8424 
  0x000001913646754c: 8000 0000 | 488b 7424 | 784c 2bc6 

  0x0000019136467558: ;   {metadata(method data for {method} {0x000001914857d098} 'addTime' '(J)V' in 'jdk/internal/perf/PerfCounter')}
  0x0000019136467558: 48be 50a4 | 9b48 9101 | 0000 8bbe | cc00 0000 | 83c7 0289 | becc 0000 | 0081 e7fe | ff1f 0083 
  0x0000019136467578: ff00 0f84 | 0604 0000 

  0x0000019136467580: ;   {metadata(method data for {method} {0x000001914857d098} 'addTime' '(J)V' in 'jdk/internal/perf/PerfCounter')}
  0x0000019136467580: 488b f248 | bf50 a49b | 4891 0100 

  0x000001913646758c: ;   {metadata('jdk/internal/perf/PerfCounter')}
  0x000001913646758c: 0049 ba28 | 4200 0001 | 0000 004c | 8997 2001 | 0000 4883 | 8728 0100 | 0001 4889 | 8424 8800 
  0x00000191364675ac: ;   {optimized virtual_call}
  0x00000191364675ac: 0000 90e8 

  0x00000191364675b0: ; ImmutableOopMap {[104]=Oop [80]=Oop [136]=Oop [168]=Oop }
                      ;*invokevirtual add {reexecute=0 rethrow=0 return_oop=0}
                      ; - jdk.internal.perf.PerfCounter::addTime@2
                      ; - java.lang.ClassLoader::loadClass@82
  0x00000191364675b0: 4c13 feff 

  0x00000191364675b4: ;   {metadata(method data for {method} {0x000001914801d4a8} 'loadClass' '(Ljava/lang/String;Z)Ljava/lang/Class;' in 'java/lang/ClassLoader')}
  0x00000191364675b4: 49b8 f89e | 9b48 9101 | 0000 4983 | 80f8 0200 

  0x00000191364675c4: ;   {metadata(method data for {method} {0x000001914857d2f8} 'getFindClassTime' '()Ljdk/internal/perf/PerfCounter;' in 'jdk/internal/perf/PerfCounter')}
  0x00000191364675c4: 0001 49b8 | e8a5 9b48 | 9101 0000 | 418b 90cc | 0000 0083 | c202 4189 | 90cc 0000 | 0081 e2fe 
  0x00000191364675e4: ff1f 0083 | fa00 0f84 | b703 0000 

  0x00000191364675f0: ;   {oop(a 'jdk/internal/perf/PerfCounter'{0x00000000ec51d5d0})}
  0x00000191364675f0: 48ba d0d5 | 51ec 0000 | 0000 4c8b 

  0x00000191364675fc: ;   {metadata(method data for {method} {0x000001914801d4a8} 'loadClass' '(Ljava/lang/String;Z)Ljava/lang/Class;' in 'java/lang/ClassLoader')}
  0x00000191364675fc: c248 bef8 | 9e9b 4891 

  0x0000019136467604: ;   {metadata('jdk/internal/perf/PerfCounter')}
  0x0000019136467604: 0100 0049 | ba28 4200 | 0001 0000 | 004c 8996 | 1803 0000 | 4883 8620 | 0300 0001 | 4c8b 8424 
  0x0000019136467624: 8000 0000 | 0f1f 8000 

  0x000001913646762c: ;   {optimized virtual_call}
  0x000001913646762c: 0000 00e8 

  0x0000019136467630: ; ImmutableOopMap {[104]=Oop [80]=Oop [136]=Oop [168]=Oop }
                      ;*invokevirtual addElapsedTimeFrom {reexecute=0 rethrow=0 return_oop=0}
                      ; - java.lang.ClassLoader::loadClass@90
  0x0000019136467630: 5105 0000 

  0x0000019136467634: ;   {metadata(method data for {method} {0x000001914801d4a8} 'loadClass' '(Ljava/lang/String;Z)Ljava/lang/Class;' in 'java/lang/ClassLoader')}
  0x0000019136467634: 49b8 f89e | 9b48 9101 | 0000 4983 | 8040 0300 

  0x0000019136467644: ;   {metadata(method data for {method} {0x000001914857d268} 'getFindClasses' '()Ljdk/internal/perf/PerfCounter;' in 'jdk/internal/perf/PerfCounter')}
  0x0000019136467644: 0001 49b8 | b8a8 9b48 | 9101 0000 | 418b 90cc | 0000 0083 | c202 4189 | 90cc 0000 | 0081 e2fe 
  0x0000019136467664: ff1f 0083 | fa00 0f84 | 5803 0000 

  0x0000019136467670: ;   {oop(a 'jdk/internal/perf/PerfCounter'{0x00000000ec51d660})}
  0x0000019136467670: 48ba 60d6 | 51ec 0000 | 0000 4c8b 

  0x000001913646767c: ;   {metadata(method data for {method} {0x000001914801d4a8} 'loadClass' '(Ljava/lang/String;Z)Ljava/lang/Class;' in 'java/lang/ClassLoader')}
  0x000001913646767c: c248 bef8 | 9e9b 4891 

  0x0000019136467684: ;   {metadata('jdk/internal/perf/PerfCounter')}
  0x0000019136467684: 0100 0049 | ba28 4200 | 0001 0000 | 004c 8996 | 6003 0000 | 4883 8668 | 0300 0001 

  0x00000191364676a0: ;   {metadata(method data for {method} {0x000001914857d008} 'increment' '()V' in 'jdk/internal/perf/PerfCounter')}
  0x00000191364676a0: 49b8 e0a9 | 9b48 9101 | 0000 418b | b0cc 0000 | 0083 c602 | 4189 b0cc | 0000 0081 | e6fe ff1f 
  0x00000191364676c0: 0083 fe00 | 0f84 1f03 | 0000 4c8b 

  0x00000191364676cc: ;   {metadata(method data for {method} {0x000001914857d008} 'increment' '()V' in 'jdk/internal/perf/PerfCounter')}
  0x00000191364676cc: c248 bee0 | a99b 4891 

  0x00000191364676d4: ;   {metadata('jdk/internal/perf/PerfCounter')}
  0x00000191364676d4: 0100 0049 | ba28 4200 | 0001 0000 | 004c 8996 | 2001 0000 | 4883 8628 | 0100 0001 | 49b8 0100 
  0x00000191364676f4: 0000 0000 | 0000 0f1f 

  0x00000191364676fc: ;   {optimized virtual_call}
  0x00000191364676fc: 4400 00e8 

  0x0000019136467700: ; ImmutableOopMap {[104]=Oop [80]=Oop [136]=Oop [168]=Oop }
                      ;*invokevirtual add {reexecute=0 rethrow=0 return_oop=0}
                      ; - jdk.internal.perf.PerfCounter::increment@2
                      ; - java.lang.ClassLoader::loadClass@96
  0x0000019136467700: fc11 feff | 488b b424 | 8800 0000 | 448b 4c24 | 6041 83f9 

  0x0000019136467714: ;   {metadata(method data for {method} {0x000001914801d4a8} 'loadClass' '(Ljava/lang/String;Z)Ljava/lang/Class;' in 'java/lang/ClassLoader')}
  0x0000019136467714: 0048 b8f8 | 9e9b 4891 | 0100 0048 | ba88 0300 | 0000 0000 | 000f 840a | 0000 0048 | ba98 0300 
  0x0000019136467734: 0000 0000 | 0048 8b3c | 1048 8d7f | 0148 893c | 100f 8479 | 0000 0048 | 8b54 2450 

  0x0000019136467750: ;   {metadata(method data for {method} {0x000001914801d4a8} 'loadClass' '(Ljava/lang/String;Z)Ljava/lang/Class;' in 'java/lang/ClassLoader')}
  0x0000019136467750: 48b8 f89e | 9b48 9101 | 0000 4883 | 80a8 0300 

  0x0000019136467760: ;   {metadata(method data for {method} {0x000001914801e368} 'resolveClass' '(Ljava/lang/Class;)V' in 'java/lang/ClassLoader')}
  0x0000019136467760: 0001 48b8 | 601e 9a48 | 9101 0000 | 8b90 cc00 | 0000 83c2 | 0289 90cc | 0000 0081 | e2fe ff1f 
  0x0000019136467780: 0083 fa00 | 0f84 8002 | 0000 4883 

  0x000001913646778c: ;   {metadata(method data for {method} {0x000001914801e368} 'resolveClass' '(Ljava/lang/Class;)V' in 'java/lang/ClassLoader')}
  0x000001913646778c: fe00 48b8 | 601e 9a48 | 9101 0000 | 48ba 2001 | 0000 0000 | 0000 0f84 | 0a00 0000 | 48ba 1001 
  0x00000191364677ac: 0000 0000 | 0000 488b | 3c10 488d | 7f01 4889 | 3c10 0f84 | 3c00 0000 | 488d 8424 | a000 0000 
  0x00000191364677cc: 488b 1048 | 85d2 0f84 | 0f00 0000 | 488b 7808 | f048 0fb1 | 170f 8544 | 0200 0048 | 8bc6 4881 
  0x00000191364677ec: c4c0 0000 

  0x00000191364677f0: ;   {poll_return}
  0x00000191364677f0: 005d 493b | a750 0300 | 000f 8742 | 0200 00c3 | 4889 b424 | 9800 0000 

  0x0000019136467808: ;   {no_reloc}
  0x0000019136467808: e959 0200 | 0000 0000 | 0000 498b | 8708 0100 | 0048 8d78 | 3049 3bbf | 1801 0000 | 0f87 4602 
  0x0000019136467828: 0000 4989 | bf08 0100 | 0048 c700 | 0100 0000 | 488b ca48 | c1e9 0389 | 4808 4833 | c989 480c 
  0x0000019136467848: 4833 c948 | 8948 1048 | 8948 1848 | 8948 2048 | 8948 2848 

  0x000001913646785c: ;   {metadata(method data for {method} {0x000001914801e368} 'resolveClass' '(Ljava/lang/Class;)V' in 'java/lang/ClassLoader')}
  0x000001913646785c: 8bd0 48be | 601e 9a48 | 9101 0000 | 4883 8630 | 0100 0001 | 488b d048 | 8984 2490 | 0000 000f 
  0x000001913646787c: ;   {optimized virtual_call}
  0x000001913646787c: 1f40 00e8 

  0x0000019136467880: ; ImmutableOopMap {[104]=Oop [144]=Oop [152]=Oop [168]=Oop }
                      ;*invokespecial <init> {reexecute=0 rethrow=0 return_oop=0}
                      ; - java.lang.ClassLoader::resolveClass@8
                      ; - java.lang.ClassLoader::loadClass@106
  0x0000019136467880: fc97 3f07 | 488b 8424 

  0x0000019136467888: ; ImmutableOopMap {[104]=Oop [152]=Oop [168]=Oop rax=Oop }
                      ;*athrow {reexecute=1 rethrow=0 return_oop=0}
                      ; - (reexecute) java.lang.ClassLoader::resolveClass@11
                      ; - java.lang.ClassLoader::loadClass@106
  0x0000019136467888: 9000 0000 

  0x000001913646788c: ;   {section_word}
  0x000001913646788c: 48ba 8c78 | 4636 9101 

  0x0000019136467894: ;   {runtime_call handle_exception_nofpu Runtime1 stub}
  0x0000019136467894: 0000 e865 | db40 0790 | 498b 87e0 | 0300 004d | 33d2 4d89 | 97e0 0300 | 004d 33d2 | 4d89 97e8 
  0x00000191364678b4: 0300 0048 | 8bf0 488d | 8424 a000 | 0000 488b | 3848 85ff | 0f84 0f00 | 0000 488b | 5808 f048 
  0x00000191364678d4: 0fb1 3b0f | 85a0 0100 | 0048 8bc6 | e9f5 0100 

  0x00000191364678e4: ;   {metadata({method} {0x000001914801d4a8} 'loadClass' '(Ljava/lang/String;Z)Ljava/lang/Class;' in 'java/lang/ClassLoader')}
  0x00000191364678e4: 0049 baa0 | d401 4891 | 0100 004c | 8954 2408 | 48c7 0424 | ffff ffff 

  0x00000191364678fc: ;   {runtime_call counter_overflow Runtime1 stub}
  0x00000191364678fc: e87f 234a 

  0x0000019136467900: ; ImmutableOopMap {rdx=Oop [80]=Oop r8=Oop [88]=Oop }
                      ;*synchronization entry
                      ; - java.lang.ClassLoader::loadClass@-1
  0x0000019136467900: 07e9 9bf6 

  0x0000019136467904: ;   {runtime_call throw_null_pointer_exception Runtime1 stub}
  0x0000019136467904: ffff e815 

  0x0000019136467908: ; ImmutableOopMap {[80]=Oop [88]=Oop rsi=Oop [104]=Oop }
                      ;*monitorenter {reexecute=0 rethrow=0 return_oop=0}
                      ; - java.lang.ClassLoader::loadClass@7
  0x0000019136467908: f340 0748 | 8974 2408 | 4889 1424 

  0x0000019136467914: ;   {runtime_call monitorenter_nofpu Runtime1 stub}
  0x0000019136467914: e867 024a 

  0x0000019136467918: ; ImmutableOopMap {[80]=Oop [88]=Oop rsi=Oop [104]=Oop [168]=Oop }
                      ;*monitorenter {reexecute=0 rethrow=0 return_oop=0}
                      ; - java.lang.ClassLoader::loadClass@7
  0x0000019136467918: 07e9 6af7 

  0x000001913646791c: ;   {metadata({method} {0x000001914801e5d8} 'findLoadedClass' '(Ljava/lang/String;)Ljava/lang/Class;' in 'java/lang/ClassLoader')}
  0x000001913646791c: ffff 49ba | d0e5 0148 | 9101 0000 | 4c89 5424 | 0848 c704 | 24ff ffff 

  0x0000019136467934: ;   {runtime_call counter_overflow Runtime1 stub}
  0x0000019136467934: ffe8 4623 

  0x0000019136467938: ; ImmutableOopMap {[80]=Oop [88]=Oop [104]=Oop [168]=Oop }
                      ;*synchronization entry
                      ; - java.lang.ClassLoader::findLoadedClass@-1
                      ; - java.lang.ClassLoader::loadClass@10
  0x0000019136467938: 4a07 e988 

  0x000001913646793c: ;   {runtime_call throw_null_pointer_exception Runtime1 stub}
  0x000001913646793c: f7ff ffe8 

  0x0000019136467940: ; ImmutableOopMap {[104]=Oop [88]=Oop [112]=Oop rsi=Oop [80]=Oop [168]=Oop }
                      ;*invokevirtual loadClass {reexecute=0 rethrow=0 return_oop=0}
                      ; - java.lang.ClassLoader::loadClass@38
  0x0000019136467940: dcf2 4007 

  0x0000019136467944: ;   {metadata({method} {0x000001914801e498} 'findBootstrapClassOrNull' '(Ljava/lang/String;)Ljava/lang/Class;' in 'java/lang/ClassLoader')}
  0x0000019136467944: 49ba 90e4 | 0148 9101 | 0000 4c89 | 5424 0848 | c704 24ff 

  0x0000019136467958: ;   {runtime_call counter_overflow Runtime1 stub}
  0x0000019136467958: ffff ffe8 

  0x000001913646795c: ; ImmutableOopMap {[104]=Oop [88]=Oop [112]=Oop [80]=Oop [168]=Oop }
                      ;*synchronization entry
                      ; - java.lang.ClassLoader::findBootstrapClassOrNull@-1
                      ; - java.lang.ClassLoader::loadClass@47
  0x000001913646795c: 2023 4a07 | e99e f9ff 

  0x0000019136467964: ;   {metadata({method} {0x000001914857d418} 'getParentDelegationTime' '()Ljdk/internal/perf/PerfCounter;' in 'jdk/internal/perf/PerfCounter')}
  0x0000019136467964: ff49 ba10 | d457 4891 | 0100 004c | 8954 2408 | 48c7 0424 | ffff ffff 

  0x000001913646797c: ;   {runtime_call counter_overflow Runtime1 stub}
  0x000001913646797c: e8ff 224a 

  0x0000019136467980: ; ImmutableOopMap {[104]=Oop [80]=Oop rax=Oop [168]=Oop }
                      ;*synchronization entry
                      ; - jdk.internal.perf.PerfCounter::getParentDelegationTime@-1
                      ; - java.lang.ClassLoader::loadClass@74
  0x0000019136467980: 07e9 92fb 

  0x0000019136467984: ;   {metadata({method} {0x000001914857d098} 'addTime' '(J)V' in 'jdk/internal/perf/PerfCounter')}
  0x0000019136467984: ffff 49ba | 90d0 5748 | 9101 0000 | 4c89 5424 | 0848 c704 | 24ff ffff 

  0x000001913646799c: ;   {runtime_call counter_overflow Runtime1 stub}
  0x000001913646799c: ffe8 de22 

  0x00000191364679a0: ; ImmutableOopMap {[104]=Oop [80]=Oop rax=Oop rdx=Oop [168]=Oop }
                      ;*synchronization entry
                      ; - jdk.internal.perf.PerfCounter::addTime@-1
                      ; - java.lang.ClassLoader::loadClass@82
  0x00000191364679a0: 4a07 e9d9 

  0x00000191364679a4: ;   {metadata({method} {0x000001914857d2f8} 'getFindClassTime' '()Ljdk/internal/perf/PerfCounter;' in 'jdk/internal/perf/PerfCounter')}
  0x00000191364679a4: fbff ff49 | baf0 d257 | 4891 0100 | 004c 8954 | 2408 48c7 | 0424 ffff 

  0x00000191364679bc: ;   {runtime_call counter_overflow Runtime1 stub}
  0x00000191364679bc: ffff e8bd 

  0x00000191364679c0: ; ImmutableOopMap {[104]=Oop [80]=Oop [136]=Oop [168]=Oop }
                      ;*synchronization entry
                      ; - jdk.internal.perf.PerfCounter::getFindClassTime@-1
                      ; - java.lang.ClassLoader::loadClass@85
  0x00000191364679c0: 224a 07e9 | 28fc ffff 

  0x00000191364679c8: ;   {metadata({method} {0x000001914857d268} 'getFindClasses' '()Ljdk/internal/perf/PerfCounter;' in 'jdk/internal/perf/PerfCounter')}
  0x00000191364679c8: 49ba 60d2 | 5748 9101 | 0000 4c89 | 5424 0848 | c704 24ff 

  0x00000191364679dc: ;   {runtime_call counter_overflow Runtime1 stub}
  0x00000191364679dc: ffff ffe8 

  0x00000191364679e0: ; ImmutableOopMap {[104]=Oop [80]=Oop [136]=Oop [168]=Oop }
                      ;*synchronization entry
                      ; - jdk.internal.perf.PerfCounter::getFindClasses@-1
                      ; - java.lang.ClassLoader::loadClass@93
  0x00000191364679e0: 9c22 4a07 | e987 fcff 

  0x00000191364679e8: ;   {metadata({method} {0x000001914857d008} 'increment' '()V' in 'jdk/internal/perf/PerfCounter')}
  0x00000191364679e8: ff49 ba00 | d057 4891 | 0100 004c | 8954 2408 | 48c7 0424 | ffff ffff 

  0x0000019136467a00: ;   {runtime_call counter_overflow Runtime1 stub}
  0x0000019136467a00: e87b 224a 

  0x0000019136467a04: ; ImmutableOopMap {[104]=Oop [80]=Oop [136]=Oop rdx=Oop [168]=Oop }
                      ;*synchronization entry
                      ; - jdk.internal.perf.PerfCounter::increment@-1
                      ; - java.lang.ClassLoader::loadClass@96
  0x0000019136467a04: 07e9 c0fc 

  0x0000019136467a08: ;   {metadata({method} {0x000001914801e368} 'resolveClass' '(Ljava/lang/Class;)V' in 'java/lang/ClassLoader')}
  0x0000019136467a08: ffff 49ba | 60e3 0148 | 9101 0000 | 4c89 5424 | 0848 c704 | 24ff ffff 

  0x0000019136467a20: ;   {runtime_call counter_overflow Runtime1 stub}
  0x0000019136467a20: ffe8 5a22 

  0x0000019136467a24: ; ImmutableOopMap {rsi=Oop [104]=Oop [168]=Oop }
                      ;*synchronization entry
                      ; - java.lang.ClassLoader::resolveClass@-1
                      ; - java.lang.ClassLoader::loadClass@106
  0x0000019136467a24: 4a07 e95f | fdff ff48 | 8d84 24a0 | 0000 0048 

  0x0000019136467a34: ;   {runtime_call monitorexit_nofpu Runtime1 stub}
  0x0000019136467a34: 8904 24e8 | 4407 4a07 | e9a6 fdff 

  0x0000019136467a40: ;   {internal_word}
  0x0000019136467a40: ff49 baf2 | 7746 3691 | 0100 004d | 8997 6803 

  0x0000019136467a50: ;   {runtime_call SafepointBlob}
  0x0000019136467a50: 0000 e929 

  0x0000019136467a54: ;   {metadata(NULL)}
  0x0000019136467a54: f83f 0748 | ba00 0000 | 0000 0000 | 00b8 000f 

  0x0000019136467a64: ;   {runtime_call load_klass_patching Runtime1 stub}
  0x0000019136467a64: 050a e895 

  0x0000019136467a68: ; ImmutableOopMap {[152]=Oop [104]=Oop [168]=Oop }
                      ;*new {reexecute=1 rethrow=0 return_oop=0}
                      ; - (reexecute) java.lang.ClassLoader::resolveClass@4
                      ; - java.lang.ClassLoader::loadClass@106
  0x0000019136467a68: 114a 07e9 | 98fd ffff 

  0x0000019136467a70: ;   {runtime_call fast_new_instance Runtime1 stub}
  0x0000019136467a70: 488b d2e8 

  0x0000019136467a74: ; ImmutableOopMap {[152]=Oop [104]=Oop [168]=Oop }
                      ;*new {reexecute=0 rethrow=0 return_oop=0}
                      ; - java.lang.ClassLoader::resolveClass@4
                      ; - java.lang.ClassLoader::loadClass@106
  0x0000019136467a74: 88e8 4007 | e9de fdff | ff48 8d84 | 24a0 0000 | 0048 8904 

  0x0000019136467a88: ;   {runtime_call monitorexit_nofpu Runtime1 stub}
  0x0000019136467a88: 24e8 f206 | 4a07 e94a | feff ff48 | 8b74 2470 | e90a f9ff | ff48 8b74 | 2470 e900 | f9ff ff48 
  0x0000019136467aa8: 8b74 2470 | e9f6 f8ff | ff48 8b74 | 2470 e9ec | f8ff ff90 | 9049 8b87 | e003 0000 | 49c7 87e0 
  0x0000019136467ac8: 0300 0000 | 0000 0049 | c787 e803 | 0000 0000 | 0000 4881 | c4c0 0000 

  0x0000019136467ae0: ;   {runtime_call unwind_exception Runtime1 stub}
  0x0000019136467ae0: 005d e919 | 0041 07f4 | f4f4 f4f4 | f4f4 f4f4 | f4f4 f4f4 | f4f4 f4f4 | f4f4 f4f4 | f4f4 f4f4 
[Stub Code]
  0x0000019136467b00: ;   {no_reloc}
  0x0000019136467b00: 0f1f 4400 

  0x0000019136467b04: ;   {static_stub}
  0x0000019136467b04: 0048 bb00 | 0000 0000 

  0x0000019136467b0c: ;   {runtime_call}
  0x0000019136467b0c: 0000 00e9 | fbff ffff 

  0x0000019136467b14: ;   {static_stub}
  0x0000019136467b14: 9048 bb00 | 0000 0000 

  0x0000019136467b1c: ;   {runtime_call}
  0x0000019136467b1c: 0000 00e9 | fbff ffff 

  0x0000019136467b24: ;   {static_stub}
  0x0000019136467b24: 9048 bb00 | 0000 0000 

  0x0000019136467b2c: ;   {runtime_call}
  0x0000019136467b2c: 0000 00e9 | fbff ffff 

  0x0000019136467b34: ;   {static_stub}
  0x0000019136467b34: 9048 bb00 | 0000 0000 

  0x0000019136467b3c: ;   {runtime_call}
  0x0000019136467b3c: 0000 00e9 | fbff ffff 

  0x0000019136467b44: ;   {static_stub}
  0x0000019136467b44: 9048 bb00 | 0000 0000 

  0x0000019136467b4c: ;   {runtime_call}
  0x0000019136467b4c: 0000 00e9 | fbff ffff 

  0x0000019136467b54: ;   {static_stub}
  0x0000019136467b54: 9048 bb00 | 0000 0000 

  0x0000019136467b5c: ;   {runtime_call}
  0x0000019136467b5c: 0000 00e9 | fbff ffff 

  0x0000019136467b64: ;   {static_stub}
  0x0000019136467b64: 9048 bb00 | 0000 0000 

  0x0000019136467b6c: ;   {runtime_call}
  0x0000019136467b6c: 0000 00e9 | fbff ffff 

  0x0000019136467b74: ;   {static_stub}
  0x0000019136467b74: 9048 bb00 | 0000 0000 

  0x0000019136467b7c: ;   {runtime_call}
  0x0000019136467b7c: 0000 00e9 | fbff ffff 

  0x0000019136467b84: ;   {static_stub}
  0x0000019136467b84: 9048 bb28 | d157 4891 

  0x0000019136467b8c: ;   {runtime_call I2C/C2I adapters}
  0x0000019136467b8c: 0100 00e9 | c002 4007 

  0x0000019136467b94: ;   {static_stub}
  0x0000019136467b94: 9048 bb00 | 0000 0000 

  0x0000019136467b9c: ;   {runtime_call}
  0x0000019136467b9c: 0000 00e9 | fbff ffff 

  0x0000019136467ba4: ;   {static_stub}
  0x0000019136467ba4: 9048 bb00 | 0000 0000 

  0x0000019136467bac: ;   {runtime_call}
  0x0000019136467bac: 0000 00e9 | fbff ffff 
[Exception Handler]
  0x0000019136467bb4: ;   {runtime_call handle_exception_from_callee Runtime1 stub}
  0x0000019136467bb4: e847 d240 

  0x0000019136467bb8: ;   {external_word}
  0x0000019136467bb8: 0748 b930 | 9a36 bbfc | 7f00 0048 

  0x0000019136467bc4: ;   {runtime_call}
  0x0000019136467bc4: 83e4 f049 | ba40 2bff | bafc 7f00 | 0041 ffd2 

  0x0000019136467bd4: ;   {section_word}
  0x0000019136467bd4: f449 bad5 | 7b46 3691 | 0100 0041 

  0x0000019136467be0: ;   {runtime_call DeoptimizationBlob}
  0x0000019136467be0: 52e9 baef | 3f07 f4f4 
[/MachCode]


Compiled method (c1)   28482  796       3       java.lang.ClassLoader::loadClass (7 bytes)
 total in heap  [0x0000019136430a90,0x0000019136430e70] = 992
 relocation     [0x0000019136430be8,0x0000019136430c28] = 64
 main code      [0x0000019136430c40,0x0000019136430dc0] = 384
 stub code      [0x0000019136430dc0,0x0000019136430e08] = 72
 metadata       [0x0000019136430e08,0x0000019136430e10] = 8
 scopes data    [0x0000019136430e10,0x0000019136430e28] = 24
 scopes pcs     [0x0000019136430e28,0x0000019136430e68] = 64
 dependencies   [0x0000019136430e68,0x0000019136430e70] = 8

[Constant Pool (empty)]

[MachCode]
[Entry Point]
  # {method} {0x000001914801d380} 'loadClass' '(Ljava/lang/String;)Ljava/lang/Class;' in 'java/lang/ClassLoader'
  # this:     rdx:rdx   = 'java/lang/ClassLoader'
  # parm0:    r8:r8     = 'java/lang/String'
  #           [sp+0x40]  (sp of caller)
  0x0000019136430c40: 448b 5208 | 49c1 e203 

  0x0000019136430c48: ;   {runtime_call ic_miss_stub}
  0x0000019136430c48: 4c3b d00f | 852f 0143 | 0766 6666 | 0f1f 8400 | 0000 0000 | 6666 6690 
[Verified Entry Point]
  0x0000019136430c60: 8984 2400 | 90ff ff55 | 4883 ec30 

  0x0000019136430c6c: ;   {metadata(method data for {method} {0x000001914801d380} 'loadClass' '(Ljava/lang/String;)Ljava/lang/Class;' in 'java/lang/ClassLoader')}
  0x0000019136430c6c: 49b9 60cb | 9648 9101 | 0000 418b | b1cc 0000 | 0083 c602 | 4189 b1cc | 0000 0081 | e6fe 0700 
  0x0000019136430c8c: 0083 fe00 | 0f84 b900 | 0000 4c8b 

  0x0000019136430c98: ;   {metadata(method data for {method} {0x000001914801d380} 'loadClass' '(Ljava/lang/String;)Ljava/lang/Class;' in 'java/lang/ClassLoader')}
  0x0000019136430c98: ca48 be60 | cb96 4891 | 0100 0045 | 8b49 0849 | c1e1 034c | 3b8e 2001 | 0000 750d | 4883 8628 
  0x0000019136430cb8: 0100 0001 | e966 0000 | 004c 3b8e | 3001 0000 | 750d 4883 | 8638 0100 | 0001 e950 | 0000 0048 
  0x0000019136430cd8: 81be 2001 | 0000 0000 | 0000 7517 | 4c89 8e20 | 0100 0048 | c786 2801 | 0000 0100 | 0000 e92c 
  0x0000019136430cf8: 0000 0048 | 81be 3001 | 0000 0000 | 0000 7517 | 4c89 8e30 | 0100 0048 | c786 3801 | 0000 0100 
  0x0000019136430d18: 0000 e908 | 0000 0048 | 8386 1001 | 0000 0141 | b900 0000 | 0048 b888 | a20c 0001 

  0x0000019136430d34: ;   {virtual_call}
  0x0000019136430d34: 0000 00e8 

  0x0000019136430d38: ; ImmutableOopMap {}
                      ;*invokevirtual loadClass {reexecute=0 rethrow=0 return_oop=0}
                      ; - java.lang.ClassLoader::loadClass@3
  0x0000019136430d38: 0462 0300 | 4883 c430 

  0x0000019136430d40: ;   {poll_return}
  0x0000019136430d40: 5d49 3ba7 | 5003 0000 | 0f87 2200 

  0x0000019136430d4c: ;   {metadata({method} {0x000001914801d380} 'loadClass' '(Ljava/lang/String;)Ljava/lang/Class;' in 'java/lang/ClassLoader')}
  0x0000019136430d4c: 0000 c349 | ba78 d301 | 4891 0100 | 004c 8954 | 2408 48c7 | 0424 ffff 

  0x0000019136430d64: ;   {runtime_call counter_overflow Runtime1 stub}
  0x0000019136430d64: ffff e815 

  0x0000019136430d68: ; ImmutableOopMap {rdx=Oop r8=Oop }
                      ;*synchronization entry
                      ; - java.lang.ClassLoader::loadClass@-1
  0x0000019136430d68: 8f4d 07e9 | 26ff ffff 

  0x0000019136430d70: ;   {internal_word}
  0x0000019136430d70: 49ba 410d | 4336 9101 | 0000 4d89 | 9768 0300 

  0x0000019136430d80: ;   {runtime_call SafepointBlob}
  0x0000019136430d80: 00e9 fa64 | 4307 9090 | 498b 87e0 | 0300 0049 | c787 e003 | 0000 0000 | 0000 49c7 | 87e8 0300 
  0x0000019136430da0: 0000 0000 | 0048 83c4 

  0x0000019136430da8: ;   {runtime_call unwind_exception Runtime1 stub}
  0x0000019136430da8: 305d e951 | 6d44 07f4 | f4f4 f4f4 | f4f4 f4f4 | f4f4 f4f4 | f4f4 f4f4 
[Stub Code]
  0x0000019136430dc0: ;   {no_reloc}
  0x0000019136430dc0: 0f1f 4400 

  0x0000019136430dc4: ;   {static_stub}
  0x0000019136430dc4: 0048 bb00 | 0000 0000 

  0x0000019136430dcc: ;   {runtime_call}
  0x0000019136430dcc: 0000 00e9 | fbff ffff 
[Exception Handler]
  0x0000019136430dd4: ;   {runtime_call handle_exception_from_callee Runtime1 stub}
  0x0000019136430dd4: e827 4044 

  0x0000019136430dd8: ;   {external_word}
  0x0000019136430dd8: 0748 b930 | 9a36 bbfc | 7f00 0048 

  0x0000019136430de4: ;   {runtime_call}
  0x0000019136430de4: 83e4 f049 | ba40 2bff | bafc 7f00 | 0041 ffd2 

  0x0000019136430df4: ;   {section_word}
  0x0000019136430df4: f449 baf5 | 0d43 3691 | 0100 0041 

  0x0000019136430e00: ;   {runtime_call DeoptimizationBlob}
  0x0000019136430e00: 52e9 9a5d | 4307 f4f4 
[/MachCode]


---------------  P R O C E S S  ---------------

Threads class SMR info:
_java_thread_list=0x000001914c26f0c0, length=12, elements={
0x000001913363e140, 0x00000191336fe370, 0x0000019147440f30, 0x0000019147468160,
0x0000019147468fe0, 0x000001914746bc70, 0x000001914746d640, 0x000001914746e330,
0x00000191474d0b20, 0x00000191474d3ce0, 0x00000191336a1e50, 0x000001914c229d60
}

Java Threads: ( => current thread )
=>0x000001913363e140 JavaThread "main" [_thread_in_vm, id=13800, stack(0x000000404bf00000,0x000000404c000000)]
  0x00000191336fe370 JavaThread "Reference Handler" daemon [_thread_blocked, id=10128, stack(0x000000404c200000,0x000000404c300000)]
  0x0000019147440f30 JavaThread "Finalizer" daemon [_thread_blocked, id=11024, stack(0x000000404c300000,0x000000404c400000)]
  0x0000019147468160 JavaThread "Signal Dispatcher" daemon [_thread_blocked, id=12632, stack(0x000000404c400000,0x000000404c500000)]
  0x0000019147468fe0 JavaThread "Attach Listener" daemon [_thread_blocked, id=7284, stack(0x000000404c500000,0x000000404c600000)]
  0x000001914746bc70 JavaThread "Service Thread" daemon [_thread_blocked, id=10884, stack(0x000000404c600000,0x000000404c700000)]
  0x000001914746d640 JavaThread "Monitor Deflation Thread" daemon [_thread_blocked, id=12540, stack(0x000000404c700000,0x000000404c800000)]
  0x000001914746e330 JavaThread "C2 CompilerThread0" daemon [_thread_blocked, id=9020, stack(0x000000404c800000,0x000000404c900000)]
  0x00000191474d0b20 JavaThread "C1 CompilerThread0" daemon [_thread_blocked, id=8020, stack(0x000000404c900000,0x000000404ca00000)]
  0x00000191474d3ce0 JavaThread "Sweeper thread" daemon [_thread_blocked, id=8844, stack(0x000000404ca00000,0x000000404cb00000)]
  0x00000191336a1e50 JavaThread "Common-Cleaner" daemon [_thread_blocked, id=4544, stack(0x000000404cb00000,0x000000404cc00000)]
  0x000001914c229d60 JavaThread "Notification Thread" daemon [_thread_blocked, id=2092, stack(0x000000404cc00000,0x000000404cd00000)]

Other Threads:
  0x000001914742aa90 VMThread "VM Thread" [stack: 0x000000404c100000,0x000000404c200000] [id=7556] _threads_hazard_ptr=0x000001914c26f0c0
  0x000001914c22a240 WatcherThread [stack: 0x000000404cd00000,0x000000404ce00000] [id=11884]
  0x00000191336545a0 GCTaskThread "GC Thread#0" [stack: 0x000000404c000000,0x000000404c100000] [id=15224]
  0x000001914c1887c0 GCTaskThread "GC Thread#1" [stack: 0x000000404ce00000,0x000000404cf00000] [id=14368]

Threads with active compile tasks:

VM state: synchronizing (normal execution)

VM Mutex/Monitor currently owned by a thread:  ([mutex/lock_event])
[0x0000019133637dc0] Metaspace_lock - owner thread: 0x000001913363e140
[0x00000191336391c0] Threads_lock - owner thread: 0x000001914742aa90

Heap address: 0x00000000c0000000, size: 1024 MB, Compressed Oops mode: 32-bit

CDS archive(s) not mapped
Compressed class space mapped at: 0x0000000100000000-0x0000000140000000, reserved size: 1073741824
Narrow klass base: 0x0000000000000000, Narrow klass shift: 3, Narrow klass range: 0x140000000

GC Precious Log:
 CPUs: 2 total, 2 available
 Memory: 3924M
 Large Page Support: Disabled
 NUMA Support: Disabled
 Compressed Oops: Enabled (32-bit)
 Alignments: Space 512K, Generation 512K, Heap 2M
 Heap Min Capacity: 100M
 Heap Initial Capacity: 100M
 Heap Max Capacity: 1G
 Pre-touch: Disabled
 Parallel Workers: 2

Heap:
 PSYoungGen      total 29696K, used 3625K [0x00000000eab00000, 0x00000000ecc00000, 0x0000000100000000)
  eden space 25600K, 1% used [0x00000000eab00000,0x00000000eab7d510,0x00000000ec400000)
  from space 4096K, 76% used [0x00000000ec400000,0x00000000ec70d288,0x00000000ec800000)
  to   space 4096K, 0% used [0x00000000ec800000,0x00000000ec800000,0x00000000ecc00000)
 ParOldGen       total 68608K, used 0K [0x00000000c0000000, 0x00000000c4300000, 0x00000000eab00000)
  object space 68608K, 0% used [0x00000000c0000000,0x00000000c0000000,0x00000000c4300000)
 Metaspace       used 11061K, committed 11200K, reserved 1114112K
  class space    used 1101K, committed 1216K, reserved 1048576K

Card table byte_map: [0x0000019132fe0000,0x00000191331f0000] _byte_map_base: 0x00000191329e0000

Marking Bits: (ParMarkBitMap*) 0x00007ffcbb5dd820
 Begin Bits: [0x00000191452e0000, 0x00000191462e0000)
 End Bits:   [0x00000191462e0000, 0x00000191472e0000)

Polling page: 0x00000191315c0000

Metaspace:

Usage:
  Non-class:      9.73 MB used.
      Class:      1.08 MB used.
       Both:     10.80 MB used.

Virtual space:
  Non-class space:       64.00 MB reserved,       9.75 MB ( 15%) committed,  1 nodes.
      Class space:        1.00 GB reserved,       1.19 MB ( <1%) committed,  1 nodes.
             Both:        1.06 GB reserved,      10.94 MB (  1%) committed. 

Chunk freelists:
   Non-Class:  6.11 MB
       Class:  14.68 MB
        Both:  20.79 MB

MaxMetaspaceSize: unlimited
CompressedClassSpaceSize: 1.00 GB
Initial GC threshold: 21.00 MB
Current GC threshold: 21.00 MB
CDS: off
MetaspaceReclaimPolicy: balanced
 - commit_granule_bytes: 65536.
 - commit_granule_words: 8192.
 - virtual_space_node_default_size: 8388608.
 - enlarge_chunks_in_place: 1.
 - new_chunks_are_fully_committed: 0.
 - uncommit_free_chunks: 1.
 - use_allocation_guard: 0.
 - handle_deallocations: 1.


Internal statistics:

num_allocs_failed_limit: 0.
num_arena_births: 28.
num_arena_deaths: 0.
num_vsnodes_births: 2.
num_vsnodes_deaths: 0.
num_space_committed: 175.
num_space_uncommitted: 0.
num_chunks_returned_to_freelist: 0.
num_chunks_taken_from_freelist: 103.
num_chunk_merges: 0.
num_chunk_splits: 70.
num_chunks_enlarged: 59.
num_inconsistent_stats: 0.

CodeHeap 'non-profiled nmethods': size=120064Kb used=407Kb max_used=407Kb free=119656Kb
 bounds [0x000001913dda0000, 0x000001913e010000, 0x00000191452e0000]
CodeHeap 'profiled nmethods': size=120000Kb used=1698Kb max_used=1698Kb free=118301Kb
 bounds [0x00000191362e0000, 0x0000019136550000, 0x000001913d810000]
CodeHeap 'non-nmethods': size=5696Kb used=1136Kb max_used=1154Kb free=4559Kb
 bounds [0x000001913d810000, 0x000001913da80000, 0x000001913dda0000]
 total_blobs=1428 nmethods=999 adapters=345
 compilation: enabled
              stopped_count=0, restarted_count=0
 full_count=0

Compilation events (20 events):
Event: 26.867 Thread 0x00000191474d0b20  998       3       java.util.stream.StreamOpFlag::getMask (30 bytes)
Event: 26.868 Thread 0x00000191474d0b20 nmethod 998 0x0000019136485b10 code [0x0000019136485ca0, 0x0000019136485e18]
Event: 26.868 Thread 0x00000191474d0b20  999       3       java.util.stream.AbstractPipeline::isParallel (8 bytes)
Event: 26.869 Thread 0x00000191474d0b20 nmethod 999 0x0000019136485e90 code [0x0000019136486020, 0x0000019136486138]
Event: 26.869 Thread 0x00000191474d0b20 1001       3       java.lang.SecurityManager$$Lambda$48/0x0000000100144610::test (8 bytes)
Event: 26.869 Thread 0x00000191474d0b20 nmethod 1001 0x0000019136486210 code [0x00000191364863c0, 0x00000191364865e8]
Event: 26.869 Thread 0x00000191474d0b20 1000       1       java.util.stream.AbstractPipeline::getStreamAndOpFlags (5 bytes)
Event: 26.869 Thread 0x00000191474d0b20 nmethod 1000 0x000001913de05890 code [0x000001913de05a20, 0x000001913de05af8]
Event: 26.869 Thread 0x00000191474d0b20 1002       3       java.util.HashSet::remove (20 bytes)
Event: 26.870 Thread 0x00000191474d0b20 nmethod 1002 0x0000019136486690 code [0x0000019136486840, 0x0000019136486a68]
Event: 26.877 Thread 0x00000191474d0b20 1003       1       java.util.ImmutableCollections$SetN::size (5 bytes)
Event: 26.877 Thread 0x00000191474d0b20 nmethod 1003 0x000001913de05b90 code [0x000001913de05d20, 0x000001913de05df8]
Event: 26.877 Thread 0x00000191474d0b20 1004       3       java.util.stream.ReferencePipeline$StatelessOp::<init> (29 bytes)
Event: 26.878 Thread 0x00000191474d0b20 nmethod 1004 0x0000019136486b10 code [0x0000019136486cc0, 0x0000019136486e88]
Event: 26.878 Thread 0x00000191474d0b20 1005       3       java.util.stream.ReferencePipeline::<init> (7 bytes)
Event: 26.879 Thread 0x00000191474d0b20 nmethod 1005 0x0000019136486f90 code [0x0000019136487120, 0x0000019136487268]
Event: 26.879 Thread 0x00000191474d0b20 1006       3       java.util.stream.Sink$ChainedReference::end (10 bytes)
Event: 26.879 Thread 0x00000191474d0b20 nmethod 1006 0x0000019136487310 code [0x00000191364874c0, 0x0000019136487688]
Event: 26.880 Thread 0x00000191474d0b20 1007       3       sun.net.util.IPAddressUtil::scan (92 bytes)
Event: 26.882 Thread 0x00000191474d0b20 nmethod 1007 0x0000019136487790 code [0x0000019136487a00, 0x0000019136488538]

GC Heap History (2 events):
Event: 26.535 GC heap before
{Heap before GC invocations=1 (full 0):
 PSYoungGen      total 29696K, used 25600K [0x00000000eab00000, 0x00000000ecc00000, 0x0000000100000000)
  eden space 25600K, 100% used [0x00000000eab00000,0x00000000ec400000,0x00000000ec400000)
  from space 4096K, 0% used [0x00000000ec800000,0x00000000ec800000,0x00000000ecc00000)
  to   space 4096K, 0% used [0x00000000ec400000,0x00000000ec400000,0x00000000ec800000)
 ParOldGen       total 68608K, used 0K [0x00000000c0000000, 0x00000000c4300000, 0x00000000eab00000)
  object space 68608K, 0% used [0x00000000c0000000,0x00000000c0000000,0x00000000c4300000)
 Metaspace       used 11025K, committed 11200K, reserved 1114112K
  class space    used 1100K, committed 1216K, reserved 1048576K
}
Event: 26.863 GC heap after
{Heap after GC invocations=1 (full 0):
 PSYoungGen      total 29696K, used 3124K [0x00000000eab00000, 0x00000000ecc00000, 0x0000000100000000)
  eden space 25600K, 0% used [0x00000000eab00000,0x00000000eab00000,0x00000000ec400000)
  from space 4096K, 76% used [0x00000000ec400000,0x00000000ec70d288,0x00000000ec800000)
  to   space 4096K, 0% used [0x00000000ec800000,0x00000000ec800000,0x00000000ecc00000)
 ParOldGen       total 68608K, used 0K [0x00000000c0000000, 0x00000000c4300000, 0x00000000eab00000)
  object space 68608K, 0% used [0x00000000c0000000,0x00000000c0000000,0x00000000c4300000)
 Metaspace       used 11025K, committed 11200K, reserved 1114112K
  class space    used 1100K, committed 1216K, reserved 1048576K
}

Dll operation events (8 events):
Event: 0.033 Loaded shared library c:\Users\maxim\.vscode\extensions\redhat.java-1.32.0-win32-x64\jre\17.0.11-win32-x86_64\bin\java.dll
Event: 1.385 Loaded shared library c:\Users\maxim\.vscode\extensions\redhat.java-1.32.0-win32-x64\jre\17.0.11-win32-x86_64\bin\zip.dll
Event: 1.943 Loaded shared library C:\Users\maxim\.vscode\extensions\redhat.java-1.32.0-win32-x64\jre\17.0.11-win32-x86_64\bin\instrument.dll
Event: 2.252 Loaded shared library C:\Users\maxim\.vscode\extensions\redhat.java-1.32.0-win32-x64\jre\17.0.11-win32-x86_64\bin\net.dll
Event: 2.259 Loaded shared library C:\Users\maxim\.vscode\extensions\redhat.java-1.32.0-win32-x64\jre\17.0.11-win32-x86_64\bin\nio.dll
Event: 2.279 Loaded shared library C:\Users\maxim\.vscode\extensions\redhat.java-1.32.0-win32-x64\jre\17.0.11-win32-x86_64\bin\zip.dll
Event: 3.245 Loaded shared library C:\Users\maxim\.vscode\extensions\redhat.java-1.32.0-win32-x64\jre\17.0.11-win32-x86_64\bin\jimage.dll
Event: 5.654 Loaded shared library c:\Users\maxim\.vscode\extensions\redhat.java-1.32.0-win32-x64\jre\17.0.11-win32-x86_64\bin\verify.dll

Deoptimization events (20 events):
Event: 25.046 Thread 0x000001913363e140 Uncommon trap: trap_request=0xffffff45 fr.pc=0x000001913ddde6bc relative=0x0000000000000a1c
Event: 25.046 Thread 0x000001913363e140 Uncommon trap: reason=unstable_if action=reinterpret pc=0x000001913ddde6bc method=java.util.HashMap.hash(Ljava/lang/Object;)I @ 1 c2
Event: 25.046 Thread 0x000001913363e140 DEOPT PACKING pc=0x000001913ddde6bc sp=0x000000404bffdff0
Event: 25.046 Thread 0x000001913363e140 DEOPT UNPACKING pc=0x000001913d86669d sp=0x000000404bffdf60 mode 2
Event: 25.048 Thread 0x000001913363e140 Uncommon trap: trap_request=0xffffffde fr.pc=0x000001913ddd9af0 relative=0x0000000000000510
Event: 25.048 Thread 0x000001913363e140 Uncommon trap: reason=class_check action=maybe_recompile pc=0x000001913ddd9af0 method=java.util.Collections$UnmodifiableCollection$1.<init>(Ljava/util/Collections$UnmodifiableCollection;)V @ 17 c2
Event: 25.048 Thread 0x000001913363e140 DEOPT PACKING pc=0x000001913ddd9af0 sp=0x000000404bffdf70
Event: 25.048 Thread 0x000001913363e140 DEOPT UNPACKING pc=0x000001913d86669d sp=0x000000404bffdeb8 mode 2
Event: 25.048 Thread 0x000001913363e140 Uncommon trap: trap_request=0xffffff45 fr.pc=0x000001913ddf48d8 relative=0x0000000000000238
Event: 25.048 Thread 0x000001913363e140 Uncommon trap: reason=unstable_if action=reinterpret pc=0x000001913ddf48d8 method=java.util.HashMap.hash(Ljava/lang/Object;)I @ 1 c2
Event: 25.048 Thread 0x000001913363e140 DEOPT PACKING pc=0x000001913ddf48d8 sp=0x000000404bffdf20
Event: 25.048 Thread 0x000001913363e140 DEOPT UNPACKING pc=0x000001913d86669d sp=0x000000404bffddb8 mode 2
Event: 25.050 Thread 0x000001913363e140 Uncommon trap: trap_request=0xffffff45 fr.pc=0x000001913ddfb7d4 relative=0x0000000000000234
Event: 25.050 Thread 0x000001913363e140 Uncommon trap: reason=unstable_if action=reinterpret pc=0x000001913ddfb7d4 method=java.util.HashMap.hash(Ljava/lang/Object;)I @ 1 c2
Event: 25.050 Thread 0x000001913363e140 DEOPT PACKING pc=0x000001913ddfb7d4 sp=0x000000404bffdfc0
Event: 25.050 Thread 0x000001913363e140 DEOPT UNPACKING pc=0x000001913d86669d sp=0x000000404bffdec8 mode 2
Event: 25.051 Thread 0x000001913363e140 Uncommon trap: trap_request=0xffffffde fr.pc=0x000001913ddd9af0 relative=0x0000000000000510
Event: 25.051 Thread 0x000001913363e140 Uncommon trap: reason=class_check action=maybe_recompile pc=0x000001913ddd9af0 method=java.util.Collections$UnmodifiableCollection$1.<init>(Ljava/util/Collections$UnmodifiableCollection;)V @ 17 c2
Event: 25.051 Thread 0x000001913363e140 DEOPT PACKING pc=0x000001913ddd9af0 sp=0x000000404bffdf70
Event: 25.051 Thread 0x000001913363e140 DEOPT UNPACKING pc=0x000001913d86669d sp=0x000000404bffdeb8 mode 2

Classes unloaded (0 events):
No events

Classes redefined (0 events):
No events

Internal exceptions (20 events):
Event: 17.932 Thread 0x000001913363e140 Exception <a 'java/io/FileNotFoundException'{0x00000000eb877318}> (0x00000000eb877318) 
thrown [s\src\hotspot\share\prims\jni.cpp, line 516]
Event: 17.933 Thread 0x000001913363e140 Exception <a 'java/io/FileNotFoundException'{0x00000000eb878060}> (0x00000000eb878060) 
thrown [s\src\hotspot\share\prims\jni.cpp, line 516]
Event: 17.934 Thread 0x000001913363e140 Exception <a 'java/io/FileNotFoundException'{0x00000000eb878d88}> (0x00000000eb878d88) 
thrown [s\src\hotspot\share\prims\jni.cpp, line 516]
Event: 17.934 Thread 0x000001913363e140 Exception <a 'java/io/FileNotFoundException'{0x00000000eb879a80}> (0x00000000eb879a80) 
thrown [s\src\hotspot\share\prims\jni.cpp, line 516]
Event: 18.043 Thread 0x000001913363e140 Implicit null exception at 0x000001913ddc5872 to 0x000001913ddc5ce0
Event: 19.564 Thread 0x000001913363e140 Implicit null exception at 0x000001913ddc6372 to 0x000001913ddc67f8
Event: 19.598 Thread 0x000001913363e140 Exception <a 'java/io/FileNotFoundException'{0x00000000eb8b2898}> (0x00000000eb8b2898) 
thrown [s\src\hotspot\share\prims\jni.cpp, line 516]
Event: 24.434 Thread 0x000001913363e140 Exception <a 'java/lang/ClassNotFoundException'{0x00000000ec0cf958}: sun/net/www/protocol/c/Handler> (0x00000000ec0cf958) 
thrown [s\src\hotspot\share\classfile\systemDictionary.cpp, line 256]
Event: 24.435 Thread 0x000001913363e140 Exception <a 'java/lang/ClassNotFoundException'{0x00000000ec0d0cc8}: sun/net/www/protocol/c/Handler> (0x00000000ec0d0cc8) 
thrown [s\src\hotspot\share\classfile\systemDictionary.cpp, line 256]
Event: 24.436 Thread 0x000001913363e140 Exception <a 'java/lang/ClassNotFoundException'{0x00000000ec0d1e90}: sun/net/www/protocol/c/Handler> (0x00000000ec0d1e90) 
thrown [s\src\hotspot\share\classfile\systemDictionary.cpp, line 256]
Event: 24.580 Thread 0x000001913363e140 Exception <a 'java/io/FileNotFoundException'{0x00000000ec0f5480}> (0x00000000ec0f5480) 
thrown [s\src\hotspot\share\prims\jni.cpp, line 516]
Event: 25.046 Thread 0x000001913363e140 Implicit null exception at 0x000001913ddddcdb to 0x000001913ddde6a4
Event: 25.048 Thread 0x000001913363e140 Implicit null exception at 0x000001913ddf46ec to 0x000001913ddf48c0
Event: 25.050 Thread 0x000001913363e140 Implicit null exception at 0x000001913ddfb5ec to 0x000001913ddfb7bc
Event: 26.319 Thread 0x000001913363e140 Exception <a 'java/lang/NoSuchMethodError'{0x00000000ec3ce060}: 'int java.lang.invoke.DirectMethodHandle$Holder.invokeStaticInit(java.lang.Object, java.lang.Object, java.lang.Object, java.lang.Object)'> (0x00000000ec3ce060) 
thrown [s\src\hotspot\share\interpreter\linkResolver.cpp, line 759]
Event: 26.481 Thread 0x000001913363e140 Exception <a 'java/lang/NoSuchMethodError'{0x00000000ec3d86d0}: 'java.lang.Object java.lang.invoke.DirectMethodHandle$Holder.invokeInterface(java.lang.Object, java.lang.Object)'> (0x00000000ec3d86d0) 
thrown [s\src\hotspot\share\interpreter\linkResolver.cpp, line 759]
Event: 26.483 Thread 0x000001913363e140 Exception <a 'java/lang/IncompatibleClassChangeError'{0x00000000ec3dbec8}: Found class java.lang.Object, but interface was expected> (0x00000000ec3dbec8) 
thrown [s\src\hotspot\share\interpreter\linkResolver.cpp, line 826]
Event: 26.510 Thread 0x000001913363e140 Exception <a 'java/lang/NoSuchMethodError'{0x00000000ec3e03b8}: 'void java.lang.invoke.DirectMethodHandle$Holder.invokeStatic(java.lang.Object, java.lang.Object)'> (0x00000000ec3e03b8) 
thrown [s\src\hotspot\share\interpreter\linkResolver.cpp, line 759]
Event: 26.512 Thread 0x000001913363e140 Exception <a 'java/lang/NoSuchMethodError'{0x00000000ec3e3bb8}: 'void java.lang.invoke.DirectMethodHandle$Holder.invokeStaticInit(java.lang.Object, java.lang.Object)'> (0x00000000ec3e3bb8) 
thrown [s\src\hotspot\share\interpreter\linkResolver.cpp, line 759]
Event: 26.517 Thread 0x000001913363e140 Exception <a 'java/lang/NoSuchMethodError'{0x00000000ec3eb148}: 'int java.lang.invoke.DirectMethodHandle$Holder.invokeStaticInit(java.lang.Object, java.lang.Object)'> (0x00000000ec3eb148) 
thrown [s\src\hotspot\share\interpreter\linkResolver.cpp, line 759]

VM Operations (20 events):
Event: 17.250 Executing VM operation: Cleanup
Event: 17.336 Executing VM operation: Cleanup done
Event: 17.360 Executing VM operation: HandshakeAllThreads
Event: 17.360 Executing VM operation: HandshakeAllThreads done
Event: 18.375 Executing VM operation: Cleanup
Event: 19.565 Executing VM operation: Cleanup done
Event: 20.580 Executing VM operation: Cleanup
Event: 20.599 Executing VM operation: Cleanup done
Event: 21.614 Executing VM operation: Cleanup
Event: 21.697 Executing VM operation: Cleanup done
Event: 22.713 Executing VM operation: Cleanup
Event: 22.751 Executing VM operation: Cleanup done
Event: 23.761 Executing VM operation: Cleanup
Event: 24.378 Executing VM operation: Cleanup done
Event: 25.381 Executing VM operation: Cleanup
Event: 25.381 Executing VM operation: Cleanup done
Event: 26.400 Executing VM operation: Cleanup
Event: 26.481 Executing VM operation: Cleanup done
Event: 26.534 Executing VM operation: ParallelGCFailedAllocation
Event: 26.863 Executing VM operation: ParallelGCFailedAllocation done

Events (20 events):
Event: 25.983 loading class jdk/internal/reflect/UnsafeFieldAccessorFactory
Event: 25.983 loading class jdk/internal/reflect/UnsafeFieldAccessorFactory done
Event: 26.183 loading class jdk/internal/reflect/UnsafeQualifiedStaticObjectFieldAccessorImpl
Event: 26.185 loading class jdk/internal/reflect/UnsafeQualifiedStaticFieldAccessorImpl
Event: 26.218 loading class jdk/internal/reflect/UnsafeQualifiedStaticFieldAccessorImpl done
Event: 26.218 loading class jdk/internal/reflect/UnsafeQualifiedStaticObjectFieldAccessorImpl done
Event: 26.245 loading class java/lang/InstantiationException
Event: 26.246 loading class java/lang/InstantiationException done
Event: 26.278 loading class jdk/internal/vm/annotation/ForceInline
Event: 26.280 loading class jdk/internal/vm/annotation/ForceInline done
Event: 26.303 loading class java/lang/Long$LongCache
Event: 26.306 loading class java/lang/Long$LongCache done
Event: 26.501 loading class java/util/stream/ReferencePipeline$7
Event: 26.506 loading class java/util/stream/ReferencePipeline$7 done
Event: 26.516 loading class java/util/stream/ReferencePipeline$7$1
Event: 26.516 loading class java/util/stream/ReferencePipeline$7$1 done
Event: 26.533 loading class java/util/HashMap$KeySpliterator
Event: 26.533 loading class java/util/HashMap$HashMapSpliterator
Event: 26.533 loading class java/util/HashMap$HashMapSpliterator done
Event: 26.534 loading class java/util/HashMap$KeySpliterator done


Dynamic libraries:
0x00007ff68f470000 - 0x00007ff68f47e000 	c:\Users\maxim\.vscode\extensions\redhat.java-1.32.0-win32-x64\jre\17.0.11-win32-x86_64\bin\java.exe
0x00007ffd522b0000 - 0x00007ffd524a8000 	C:\Windows\SYSTEM32\ntdll.dll
0x00007ffd515c0000 - 0x00007ffd51681000 	C:\Windows\System32\KERNEL32.DLL
0x00007ffd4fa00000 - 0x00007ffd4fcf6000 	C:\Windows\System32\KERNELBASE.dll
0x00007ffd4fea0000 - 0x00007ffd4ffa0000 	C:\Windows\System32\ucrtbase.dll
0x00007ffd492b0000 - 0x00007ffd492c7000 	c:\Users\maxim\.vscode\extensions\redhat.java-1.32.0-win32-x64\jre\17.0.11-win32-x86_64\bin\jli.dll
0x00007ffd50600000 - 0x00007ffd5079f000 	C:\Windows\System32\USER32.dll
0x00007ffd4fd70000 - 0x00007ffd4fd92000 	C:\Windows\System32\win32u.dll
0x00007ffd50490000 - 0x00007ffd504bb000 	C:\Windows\System32\GDI32.dll
0x00007ffd4ffa0000 - 0x00007ffd500b7000 	C:\Windows\System32\gdi32full.dll
0x00007ffd4f960000 - 0x00007ffd4f9fd000 	C:\Windows\System32\msvcp_win.dll
0x00007ffd49230000 - 0x00007ffd4924b000 	c:\Users\maxim\.vscode\extensions\redhat.java-1.32.0-win32-x64\jre\17.0.11-win32-x86_64\bin\VCRUNTIME140.dll
0x00007ffd38d70000 - 0x00007ffd3900a000 	C:\Windows\WinSxS\amd64_microsoft.windows.common-controls_6595b64144ccf1df_6.0.19041.4355_none_60b8b9eb71f62e16\COMCTL32.dll
0x00007ffd514c0000 - 0x00007ffd5155e000 	C:\Windows\System32\msvcrt.dll
0x00007ffd504c0000 - 0x00007ffd504ef000 	C:\Windows\System32\IMM32.DLL
0x00007ffd49460000 - 0x00007ffd4946c000 	c:\Users\maxim\.vscode\extensions\redhat.java-1.32.0-win32-x64\jre\17.0.11-win32-x86_64\bin\vcruntime140_1.dll
0x00007ffd36340000 - 0x00007ffd363cd000 	c:\Users\maxim\.vscode\extensions\redhat.java-1.32.0-win32-x64\jre\17.0.11-win32-x86_64\bin\msvcp140.dll
0x00007ffcbaa40000 - 0x00007ffcbb6a2000 	c:\Users\maxim\.vscode\extensions\redhat.java-1.32.0-win32-x64\jre\17.0.11-win32-x86_64\bin\server\jvm.dll
0x00007ffd509d0000 - 0x00007ffd50a80000 	C:\Windows\System32\ADVAPI32.dll
0x00007ffd50a90000 - 0x00007ffd50b30000 	C:\Windows\System32\sechost.dll
0x00007ffd508a0000 - 0x00007ffd509c3000 	C:\Windows\System32\RPCRT4.dll
0x00007ffd502b0000 - 0x00007ffd502d7000 	C:\Windows\System32\bcrypt.dll
0x00007ffd4f7b0000 - 0x00007ffd4f7fb000 	C:\Windows\SYSTEM32\POWRPROF.dll
0x00007ffd3c270000 - 0x00007ffd3c279000 	C:\Windows\SYSTEM32\WSOCK32.dll
0x00007ffd513c0000 - 0x00007ffd5142b000 	C:\Windows\System32\WS2_32.dll
0x00007ffd3b9a0000 - 0x00007ffd3b9c7000 	C:\Windows\SYSTEM32\WINMM.dll
0x00007ffd47a80000 - 0x00007ffd47a8a000 	C:\Windows\SYSTEM32\VERSION.dll
0x00007ffd4f790000 - 0x00007ffd4f7a2000 	C:\Windows\SYSTEM32\UMPDC.dll
0x00007ffd4d700000 - 0x00007ffd4d712000 	C:\Windows\SYSTEM32\kernel.appcore.dll
0x00007ffd492f0000 - 0x00007ffd492fa000 	c:\Users\maxim\.vscode\extensions\redhat.java-1.32.0-win32-x64\jre\17.0.11-win32-x86_64\bin\jimage.dll
0x00007ffd4b3b0000 - 0x00007ffd4b594000 	C:\Windows\SYSTEM32\DBGHELP.DLL
0x00007ffd46de0000 - 0x00007ffd46e14000 	C:\Windows\SYSTEM32\dbgcore.DLL
0x00007ffd50220000 - 0x00007ffd502a2000 	C:\Windows\System32\bcryptPrimitives.dll
0x00007ffd491f0000 - 0x00007ffd491fe000 	c:\Users\maxim\.vscode\extensions\redhat.java-1.32.0-win32-x64\jre\17.0.11-win32-x86_64\bin\instrument.dll
0x00007ffd48710000 - 0x00007ffd48735000 	c:\Users\maxim\.vscode\extensions\redhat.java-1.32.0-win32-x64\jre\17.0.11-win32-x86_64\bin\java.dll
0x00007ffd48790000 - 0x00007ffd487a8000 	c:\Users\maxim\.vscode\extensions\redhat.java-1.32.0-win32-x64\jre\17.0.11-win32-x86_64\bin\zip.dll
0x00007ffd50b30000 - 0x00007ffd5129c000 	C:\Windows\System32\SHELL32.dll
0x00007ffd4d9e0000 - 0x00007ffd4e17e000 	C:\Windows\SYSTEM32\windows.storage.dll
0x00007ffd517c0000 - 0x00007ffd51b13000 	C:\Windows\System32\combase.dll
0x00007ffd4f2b0000 - 0x00007ffd4f2de000 	C:\Windows\SYSTEM32\Wldp.dll
0x00007ffd520f0000 - 0x00007ffd521bd000 	C:\Windows\System32\OLEAUT32.dll
0x00007ffd521c0000 - 0x00007ffd5226d000 	C:\Windows\System32\SHCORE.dll
0x00007ffd50840000 - 0x00007ffd50895000 	C:\Windows\System32\shlwapi.dll
0x00007ffd4f890000 - 0x00007ffd4f8b4000 	C:\Windows\SYSTEM32\profapi.dll
0x00007ffd48410000 - 0x00007ffd48429000 	C:\Users\maxim\.vscode\extensions\redhat.java-1.32.0-win32-x64\jre\17.0.11-win32-x86_64\bin\net.dll
0x00007ffd46560000 - 0x00007ffd4666a000 	C:\Windows\SYSTEM32\WINHTTP.dll
0x00007ffd4f010000 - 0x00007ffd4f07a000 	C:\Windows\system32\mswsock.dll
0x00007ffd483d0000 - 0x00007ffd483e6000 	C:\Users\maxim\.vscode\extensions\redhat.java-1.32.0-win32-x64\jre\17.0.11-win32-x86_64\bin\nio.dll
0x00007ffd3db40000 - 0x00007ffd3db50000 	c:\Users\maxim\.vscode\extensions\redhat.java-1.32.0-win32-x64\jre\17.0.11-win32-x86_64\bin\verify.dll

dbghelp: loaded successfully - version: 4.0.5 - missing functions: none
symbol engine: initialized successfully - sym options: 0x614 - pdb path: .;c:\Users\maxim\.vscode\extensions\redhat.java-1.32.0-win32-x64\jre\17.0.11-win32-x86_64\bin;C:\Windows\SYSTEM32;C:\Windows\WinSxS\amd64_microsoft.windows.common-controls_6595b64144ccf1df_6.0.19041.4355_none_60b8b9eb71f62e16;c:\Users\maxim\.vscode\extensions\redhat.java-1.32.0-win32-x64\jre\17.0.11-win32-x86_64\bin\server

VM Arguments:
jvm_args: --add-modules=ALL-SYSTEM --add-opens=java.base/java.util=ALL-UNNAMED --add-opens=java.base/java.lang=ALL-UNNAMED --add-opens=java.base/sun.nio.fs=ALL-UNNAMED -Declipse.application=org.eclipse.jdt.ls.core.id1 -Dosgi.bundles.defaultStartLevel=4 -Declipse.product=org.eclipse.jdt.ls.core.product -Djava.import.generatesMetadataFilesAtProjectRoot=false -DDetectVMInstallationsJob.disabled=true -Dfile.encoding=utf8 -XX:+UseParallelGC -XX:GCTimeRatio=4 -XX:AdaptiveSizePolicyWeight=90 -Dsun.zip.disableMemoryMapping=true -Xmx1G -Xms100m -Xlog:disable -javaagent:c:\Users\maxim\.vscode\extensions\redhat.java-1.32.0-win32-x64\lombok\lombok-1.18.33.jar 
java_command: c:\Users\maxim\.vscode\extensions\redhat.java-1.32.0-win32-x64\server\plugins\org.eclipse.equinox.launcher_1.6.900.v20240613-2009.jar -configuration c:\Users\maxim\AppData\Roaming\Code\User\globalStorage\redhat.java\1.32.0\config_ss_win -data c:\Users\maxim\AppData\Roaming\Code\User\workspaceStorage\9c533155a620a7e78ab5c3f109caaddd\redhat.java\ss_ws --pipe=\\.\pipe\lsp-4b10089fcc394431e2d7ef0aa39a5a0b-sock
java_class_path (initial): c:\Users\maxim\.vscode\extensions\redhat.java-1.32.0-win32-x64\server\plugins\org.eclipse.equinox.launcher_1.6.900.v20240613-2009.jar
Launcher Type: SUN_STANDARD

[Global flags]
    uintx AdaptiveSizePolicyWeight                 = 90                                        {product} {command line}
     intx CICompilerCount                          = 2                                         {product} {ergonomic}
    uintx GCTimeRatio                              = 4                                         {product} {command line}
   size_t InitialHeapSize                          = 104857600                                 {product} {command line}
   size_t MaxHeapSize                              = 1073741824                                {product} {command line}
   size_t MaxNewSize                               = 357564416                                 {product} {ergonomic}
   size_t MinHeapDeltaBytes                        = 524288                                    {product} {ergonomic}
   size_t MinHeapSize                              = 104857600                                 {product} {command line}
   size_t NewSize                                  = 34603008                                  {product} {ergonomic}
    uintx NonNMethodCodeHeapSize                   = 5826188                                {pd product} {ergonomic}
    uintx NonProfiledCodeHeapSize                  = 122916026                              {pd product} {ergonomic}
   size_t OldSize                                  = 70254592                                  {product} {ergonomic}
    uintx ProfiledCodeHeapSize                     = 122916026                              {pd product} {ergonomic}
    uintx ReservedCodeCacheSize                    = 251658240                              {pd product} {ergonomic}
     bool SegmentedCodeCache                       = true                                      {product} {ergonomic}
   size_t SoftMaxHeapSize                          = 1073741824                             {manageable} {ergonomic}
     bool UseCompressedClassPointers               = true                           {product lp64_product} {ergonomic}
     bool UseCompressedOops                        = true                           {product lp64_product} {ergonomic}
     bool UseLargePagesIndividualAllocation        = false                                  {pd product} {ergonomic}
     bool UseParallelGC                            = true                                      {product} {command line}

Logging:
Log output configuration:
 #0: stdout all=off uptime,level,tags
 #1: stderr all=off uptime,level,tags

Environment Variables:
JAVA_HOME=C:\Program Files\Java\jdk-17
PATH=C:\Python312\Scripts\;C:\Python312\;C:\Program Files\Eclipse Adoptium\jdk-21.0.3.9-hotspot\bin;C:\Program Files\Common Files\Oracle\Java\javapath;C:\Windows\system32;C:\Windows;C:\Windows\System32\Wbem;C:\Windows\System32\WindowsPowerShell\v1.0\;C:\Windows\System32\OpenSSH\;C:\Program Files\Git\cmd;C:\Program Files\MongoDB\Server\7.0\bin;C:\Program Files\MongoDB\Server\7.0\bin;C:\Program Files\nodejs\;C:\ProgramData\chocolatey\bin;C:\Python\Scripts\;C:\Python\;C:\Users\maxim\AppData\Local\Programs\Python\Python38-32\Scripts\;C:\Users\maxim\AppData\Local\Programs\Python\Python38-32\;C:\Users\maxim\AppData\Local\Microsoft\WindowsApps;C:\Users\maxim\AppData\Local\GitHubDesktop\bin;C:\Users\maxim\AppData\Local\Programs\Microsoft VS Code\bin;C:\Users\maxim\AppData\Roaming\npm
USERNAME=maxim
OS=Windows_NT
PROCESSOR_IDENTIFIER=Intel64 Family 6 Model 92 Stepping 9, GenuineIntel
TMP=C:\Users\maxim\AppData\Local\Temp
TEMP=C:\Users\maxim\AppData\Local\Temp



Periodic native trim disabled


---------------  S Y S T E M  ---------------

OS:
 Windows 10 , 64 bit Build 19041 (10.0.19041.4597)
OS uptime: 1 days 9:03 hours

CPU: total 2 (initial active 2) (2 cores per cpu, 1 threads per core) family 6 model 92 stepping 9 microcode 0x38, cx8, cmov, fxsr, mmx, 3dnowpref, sse, sse2, sse3, ssse3, sse4.1, sse4.2, popcnt, tsc, tscinvbit, aes, erms, clmul, sha, clflush, clflushopt
Processor Information for all 2 processors :
  Max Mhz: 1101, Current Mhz: 1101, Mhz Limit: 1101

Memory: 4k page, system-wide physical 3924M (496M free)
TotalPageFile size 9232M (AvailPageFile size 29M)
current process WorkingSet (physical memory assigned to process): 69M, peak: 69M
current process commit charge ("private bytes"): 174M, peak: 177M

vm_info: OpenJDK 64-Bit Server VM (17.0.11+9) for windows-amd64 JRE (17.0.11+9), built on Apr 17 2024 06:07:48 by "admin" with MS VC++ 16.10 / 16.11 (VS2019)

END.
