#
# There is insufficient memory for the Java Runtime Environment to continue.
# Native memory allocation (malloc) failed to allocate 2097152 bytes. Error detail: AllocateHeap
# Possible reasons:
#   The system is out of physical RAM or swap space
#   This process is running with CompressedOops enabled, and the Java Heap may be blocking the growth of the native heap
# Possible solutions:
#   Reduce memory load on the system
#   Increase physical memory or swap space
#   Check if swap backing store is full
#   Decrease Java heap size (-Xmx/-Xms)
#   Decrease number of Java threads
#   Decrease Java thread stack sizes (-Xss)
#   Set larger code cache with -XX:ReservedCodeCacheSize=
#   JVM is running with Unscaled Compressed Oops mode in which the Java heap is
#     placed in the first 4GB address space. The Java Heap base address is the
#     maximum limit for the native heap growth. Please use -XX:HeapBaseMinAddress
#     to set the Java Heap base and to place the Java Heap above 4GB virtual address.
# This output file may be truncated or incomplete.
#
#  Out of Memory Error (allocation.cpp:44), pid=13720, tid=12848
#
# JRE version: OpenJDK Runtime Environment Temurin-17.0.11+9 (17.0.11+9) (build 17.0.11+9)
# Java VM: OpenJDK 64-Bit Server VM Temurin-17.0.11+9 (17.0.11+9, mixed mode, emulated-client, tiered, compressed oops, compressed class ptrs, g1 gc, windows-amd64)
# No core dump will be written. Minidumps are not enabled by default on client versions of Windows
#

---------------  S U M M A R Y ------------

Command Line: -Xmx1024m -Dsts.lsp.client=vscode -Dsts.log.file=/dev/null -XX:TieredStopAtLevel=1 -Xlog:jni+resolve=off -Dspring.config.location=file:c:\Users\maxim\.vscode\extensions\vmware.vscode-spring-boot-1.55.1\language-server\BOOT-INF\classes\application.properties org.springframework.ide.vscode.boot.app.BootLanguageServerBootApp

Host: Intel(R) Celeron(R) CPU N3350 @ 1.10GHz, 2 cores, 3G,  Windows 10 , 64 bit Build 19041 (10.0.19041.4597)
Time: Sat Jul 13 13:00:19 2024 Hora estándar de Argentina elapsed time: 230.474677 seconds (0d 0h 3m 50s)

---------------  T H R E A D  ---------------

Current thread (0x000001d736ff8200):  VMThread "VM Thread" [stack: 0x0000007182900000,0x0000007182a00000] [id=12848]

Stack: [0x0000007182900000,0x0000007182a00000]
Native frames: (J=compiled Java code, j=interpreted, Vv=VM code, C=native code)
V  [jvm.dll+0x67d429]
V  [jvm.dll+0x834b7a]
V  [jvm.dll+0x83663e]
V  [jvm.dll+0x836ca3]
V  [jvm.dll+0x247dbf]
V  [jvm.dll+0xa6cb3]
V  [jvm.dll+0x2f8b61]
V  [jvm.dll+0x2f4750]
V  [jvm.dll+0x2dcf67]
V  [jvm.dll+0x31fb67]
V  [jvm.dll+0x83b19b]
V  [jvm.dll+0x83bed2]
V  [jvm.dll+0x83c3ed]
V  [jvm.dll+0x83c7c4]
V  [jvm.dll+0x83c890]
V  [jvm.dll+0x7e410a]
V  [jvm.dll+0x67c315]
C  [ucrtbase.dll+0x21bb2]
C  [KERNEL32.DLL+0x17374]
C  [ntdll.dll+0x4cc91]

VM_Operation (0x00000071837ff140): G1CollectFull, mode: safepoint, requested by thread 0x000001d73c881040


---------------  P R O C E S S  ---------------

Threads class SMR info:
_java_thread_list=0x000001d73cb4d1d0, length=20, elements={
0x000001d73703c750, 0x000001d73703dff0, 0x000001d73706aa40, 0x000001d73706b7d0,
0x000001d73706f0c0, 0x000001d73706f990, 0x000001d737070310, 0x000001d737099670,
0x000001d7373b4a40, 0x000001d7373bbd40, 0x000001d73c6913a0, 0x000001d73c881040,
0x000001d73c881520, 0x000001d72ae0e570, 0x000001d73c70c660, 0x000001d73c7e26a0,
0x000001d73c7e2b80, 0x000001d73c267e30, 0x000001d73c2664e0, 0x000001d73c2669f0
}

Java Threads: ( => current thread )
  0x000001d73703c750 JavaThread "Reference Handler" daemon [_thread_blocked, id=11904, stack(0x0000007182a00000,0x0000007182b00000)]
  0x000001d73703dff0 JavaThread "Finalizer" daemon [_thread_blocked, id=11832, stack(0x0000007182b00000,0x0000007182c00000)]
  0x000001d73706aa40 JavaThread "Signal Dispatcher" daemon [_thread_blocked, id=2480, stack(0x0000007182c00000,0x0000007182d00000)]
  0x000001d73706b7d0 JavaThread "Attach Listener" daemon [_thread_blocked, id=4088, stack(0x0000007182d00000,0x0000007182e00000)]
  0x000001d73706f0c0 JavaThread "Service Thread" daemon [_thread_blocked, id=13948, stack(0x0000007182e00000,0x0000007182f00000)]
  0x000001d73706f990 JavaThread "Monitor Deflation Thread" daemon [_thread_blocked, id=928, stack(0x0000007182f00000,0x0000007183000000)]
  0x000001d737070310 JavaThread "C1 CompilerThread0" daemon [_thread_blocked, id=2676, stack(0x0000007183000000,0x0000007183100000)]
  0x000001d737099670 JavaThread "Sweeper thread" daemon [_thread_blocked, id=2740, stack(0x0000007183100000,0x0000007183200000)]
  0x000001d7373b4a40 JavaThread "Notification Thread" daemon [_thread_blocked, id=14460, stack(0x0000007183200000,0x0000007183300000)]
  0x000001d7373bbd40 JavaThread "Common-Cleaner" daemon [_thread_blocked, id=4544, stack(0x0000007183400000,0x0000007183500000)]
  0x000001d73c6913a0 JavaThread "boundedElastic-evictor-1" daemon [_thread_blocked, id=4488, stack(0x0000007183600000,0x0000007183700000)]
  0x000001d73c881040 JavaThread "pool-13-thread-1" [_thread_blocked, id=13904, stack(0x0000007183700000,0x0000007183800000)]
  0x000001d73c881520 JavaThread "LanguageServerApp-lifecycle" [_thread_blocked, id=12812, stack(0x0000007183800000,0x0000007183900000)]
  0x000001d72ae0e570 JavaThread "DestroyJavaVM" [_thread_blocked, id=12340, stack(0x0000007182300000,0x0000007182400000)]
  0x000001d73c70c660 JavaThread "pool-14-thread-1" [_thread_in_native, id=2532, stack(0x0000007183900000,0x0000007183a00000)]
  0x000001d73c7e26a0 JavaThread "Simple-Language-Server main thread" daemon [_thread_blocked, id=14920, stack(0x0000007183a00000,0x0000007183b00000)]
  0x000001d73c7e2b80 JavaThread "parallel-1" daemon [_thread_blocked, id=4256, stack(0x0000007183b00000,0x0000007183c00000)]
  0x000001d73c267e30 JavaThread "pool-6-thread-1" [_thread_blocked, id=15028, stack(0x0000007183c00000,0x0000007183d00000)]
  0x000001d73c2664e0 JavaThread "parallel-2" daemon [_thread_blocked, id=12016, stack(0x0000007183d00000,0x0000007183e00000)]
  0x000001d73c2669f0 JavaThread "Reconciler-1" daemon [_thread_blocked, id=6320, stack(0x0000007183e00000,0x0000007183f00000)]

Other Threads:
=>0x000001d736ff8200 VMThread "VM Thread" [stack: 0x0000007182900000,0x0000007182a00000] [id=12848]
  0x000001d7373b4f20 WatcherThread [stack: 0x0000007183300000,0x0000007183400000] [id=8968]
  0x000001d72afc59c0 GCTaskThread "GC Thread#0" [stack: 0x0000007182400000,0x0000007182500000] [id=11040]
  0x000001d7374bec20 GCTaskThread "GC Thread#1" [stack: 0x0000007183500000,0x0000007183600000] [id=11004]
  0x000001d72afce910 ConcurrentGCThread "G1 Main Marker" [stack: 0x0000007182500000,0x0000007182600000] [id=14188]
  0x000001d72afcf330 ConcurrentGCThread "G1 Conc#0" [stack: 0x0000007182600000,0x0000007182700000] [id=1512]
  0x000001d72b0039c0 ConcurrentGCThread "G1 Refine#0" [stack: 0x0000007182700000,0x0000007182800000] [id=14724]
  0x000001d72b0043f0 ConcurrentGCThread "G1 Service" [stack: 0x0000007182800000,0x0000007182900000] [id=14680]

Threads with active compile tasks:

VM state: at safepoint (normal execution)

VM Mutex/Monitor currently owned by a thread:  ([mutex/lock_event])
[0x000001d72ad46710] Threads_lock - owner thread: 0x000001d736ff8200
[0x000001d72ae0c9e0] Heap_lock - owner thread: 0x000001d73c881040

Heap address: 0x00000000c0000000, size: 1024 MB, Compressed Oops mode: 32-bit

CDS archive(s) not mapped
Compressed class space mapped at: 0x0000000100000000-0x0000000140000000, reserved size: 1073741824
Narrow klass base: 0x0000000000000000, Narrow klass shift: 3, Narrow klass range: 0x140000000

GC Precious Log:
 CPUs: 2 total, 2 available
 Memory: 3924M
 Large Page Support: Disabled
 NUMA Support: Disabled
 Compressed Oops: Enabled (32-bit)
 Heap Region Size: 1M
 Heap Min Capacity: 8M
 Heap Initial Capacity: 62M
 Heap Max Capacity: 1G
 Pre-touch: Disabled
 Parallel Workers: 2
 Concurrent Workers: 1
 Concurrent Refinement Workers: 2
 Periodic GC: Disabled

Heap:
 garbage-first heap   total 76800K, used 24691K [0x00000000c0000000, 0x0000000100000000)
  region size 1024K, 1 young (1024K), 0 survivors (0K)
 Metaspace       used 39959K, committed 40576K, reserved 1114112K
  class space    used 5285K, committed 5568K, reserved 1048576K

Heap Regions: E=young(eden), S=young(survivor), O=old, HS=humongous(starts), HC=humongous(continues), CS=collection set, F=free, OA=open archive, CA=closed archive, TAMS=top-at-mark-start (previous, next)
|   0|0x00000000c0000000, 0x00000000c00ffff8, 0x00000000c0100000| 99%| O|  |TAMS 0x00000000c00ffff8, 0x00000000c0000000| Untracked 
|   1|0x00000000c0100000, 0x00000000c0200000, 0x00000000c0200000|100%| O|  |TAMS 0x00000000c0200000, 0x00000000c0100000| Untracked 
|   2|0x00000000c0200000, 0x00000000c0300000, 0x00000000c0300000|100%| O|  |TAMS 0x00000000c0300000, 0x00000000c0200000| Untracked 
|   3|0x00000000c0300000, 0x00000000c0400000, 0x00000000c0400000|100%| O|  |TAMS 0x00000000c0400000, 0x00000000c0300000| Untracked 
|   4|0x00000000c0400000, 0x00000000c0500000, 0x00000000c0500000|100%|HS|  |TAMS 0x00000000c0500000, 0x00000000c0400000| Untracked 
|   5|0x00000000c0500000, 0x00000000c0600000, 0x00000000c0600000|100%|HC|  |TAMS 0x00000000c0600000, 0x00000000c0500000| Untracked 
|   6|0x00000000c0600000, 0x00000000c0700000, 0x00000000c0700000|100%|HC|  |TAMS 0x00000000c0700000, 0x00000000c0600000| Untracked 
|   7|0x00000000c0700000, 0x00000000c0800000, 0x00000000c0800000|100%|HC|  |TAMS 0x00000000c0800000, 0x00000000c0700000| Untracked 
|   8|0x00000000c0800000, 0x00000000c0900000, 0x00000000c0900000|100%| O|  |TAMS 0x00000000c0900000, 0x00000000c0800000| Untracked 
|   9|0x00000000c0900000, 0x00000000c09ffe60, 0x00000000c0a00000| 99%| O|  |TAMS 0x00000000c09ffe60, 0x00000000c0900000| Untracked 
|  10|0x00000000c0a00000, 0x00000000c0b00000, 0x00000000c0b00000|100%|HS|  |TAMS 0x00000000c0b00000, 0x00000000c0a00000| Untracked 
|  11|0x00000000c0b00000, 0x00000000c0c00000, 0x00000000c0c00000|100%|HC|  |TAMS 0x00000000c0c00000, 0x00000000c0b00000| Untracked 
|  12|0x00000000c0c00000, 0x00000000c0d00000, 0x00000000c0d00000|100%| O|  |TAMS 0x00000000c0d00000, 0x00000000c0c00000| Untracked 
|  13|0x00000000c0d00000, 0x00000000c0dffff8, 0x00000000c0e00000| 99%| O|  |TAMS 0x00000000c0dffff8, 0x00000000c0d00000| Untracked 
|  14|0x00000000c0e00000, 0x00000000c0f00000, 0x00000000c0f00000|100%| O|  |TAMS 0x00000000c0f00000, 0x00000000c0e00000| Untracked 
|  15|0x00000000c0f00000, 0x00000000c0fffff0, 0x00000000c1000000| 99%| O|  |TAMS 0x00000000c0fffff0, 0x00000000c0f00000| Untracked 
|  16|0x00000000c1000000, 0x00000000c1100000, 0x00000000c1100000|100%| O|  |TAMS 0x00000000c1100000, 0x00000000c1000000| Untracked 
|  17|0x00000000c1100000, 0x00000000c11fffc8, 0x00000000c1200000| 99%| O|  |TAMS 0x00000000c11fffc8, 0x00000000c1100000| Untracked 
|  18|0x00000000c1200000, 0x00000000c1300000, 0x00000000c1300000|100%| O|  |TAMS 0x00000000c1300000, 0x00000000c1200000| Untracked 
|  19|0x00000000c1300000, 0x00000000c13fffc8, 0x00000000c1400000| 99%| O|  |TAMS 0x00000000c13fffc8, 0x00000000c1300000| Untracked 
|  20|0x00000000c1400000, 0x00000000c14fffe8, 0x00000000c1500000| 99%| O|  |TAMS 0x00000000c14fffe8, 0x00000000c1400000| Untracked 
|  21|0x00000000c1500000, 0x00000000c15fffb8, 0x00000000c1600000| 99%| O|  |TAMS 0x00000000c15fffb8, 0x00000000c1500000| Untracked 
|  22|0x00000000c1600000, 0x00000000c16ffff8, 0x00000000c1700000| 99%| O|  |TAMS 0x00000000c16ffff8, 0x00000000c1600000| Untracked 
|  23|0x00000000c1700000, 0x00000000c17e3e90, 0x00000000c1800000| 89%| O|  |TAMS 0x00000000c1700000, 0x00000000c1700000| Untracked 
|  24|0x00000000c1800000, 0x00000000c1839200, 0x00000000c1900000| 22%| O|  |TAMS 0x00000000c1800000, 0x00000000c1800000| Untracked 
|  25|0x00000000c1900000, 0x00000000c1900000, 0x00000000c1a00000|  0%| F|  |TAMS 0x00000000c1900000, 0x00000000c1900000| Untracked 
|  26|0x00000000c1a00000, 0x00000000c1a00000, 0x00000000c1b00000|  0%| F|  |TAMS 0x00000000c1a00000, 0x00000000c1a00000| Untracked 
|  27|0x00000000c1b00000, 0x00000000c1b00000, 0x00000000c1c00000|  0%| F|  |TAMS 0x00000000c1b00000, 0x00000000c1b00000| Untracked 
|  28|0x00000000c1c00000, 0x00000000c1c00000, 0x00000000c1d00000|  0%| F|  |TAMS 0x00000000c1c00000, 0x00000000c1c00000| Untracked 
|  29|0x00000000c1d00000, 0x00000000c1d00000, 0x00000000c1e00000|  0%| F|  |TAMS 0x00000000c1d00000, 0x00000000c1d00000| Untracked 
|  30|0x00000000c1e00000, 0x00000000c1e00000, 0x00000000c1f00000|  0%| F|  |TAMS 0x00000000c1e00000, 0x00000000c1e00000| Untracked 
|  31|0x00000000c1f00000, 0x00000000c1f00000, 0x00000000c2000000|  0%| F|  |TAMS 0x00000000c1f00000, 0x00000000c1f00000| Untracked 
|  32|0x00000000c2000000, 0x00000000c2000000, 0x00000000c2100000|  0%| F|  |TAMS 0x00000000c2000000, 0x00000000c2000000| Untracked 
|  33|0x00000000c2100000, 0x00000000c2100000, 0x00000000c2200000|  0%| F|  |TAMS 0x00000000c2100000, 0x00000000c2100000| Untracked 
|  34|0x00000000c2200000, 0x00000000c2200000, 0x00000000c2300000|  0%| F|  |TAMS 0x00000000c2200000, 0x00000000c2200000| Untracked 
|  35|0x00000000c2300000, 0x00000000c2300000, 0x00000000c2400000|  0%| F|  |TAMS 0x00000000c2300000, 0x00000000c2300000| Untracked 
|  36|0x00000000c2400000, 0x00000000c2400000, 0x00000000c2500000|  0%| F|  |TAMS 0x00000000c2400000, 0x00000000c2400000| Untracked 
|  37|0x00000000c2500000, 0x00000000c2500000, 0x00000000c2600000|  0%| F|  |TAMS 0x00000000c2500000, 0x00000000c2500000| Untracked 
|  38|0x00000000c2600000, 0x00000000c2600000, 0x00000000c2700000|  0%| F|  |TAMS 0x00000000c2600000, 0x00000000c2600000| Untracked 
|  39|0x00000000c2700000, 0x00000000c2700000, 0x00000000c2800000|  0%| F|  |TAMS 0x00000000c2700000, 0x00000000c2700000| Untracked 
|  40|0x00000000c2800000, 0x00000000c2800000, 0x00000000c2900000|  0%| F|  |TAMS 0x00000000c2800000, 0x00000000c2800000| Untracked 
|  41|0x00000000c2900000, 0x00000000c2900000, 0x00000000c2a00000|  0%| F|  |TAMS 0x00000000c2900000, 0x00000000c2900000| Untracked 
|  42|0x00000000c2a00000, 0x00000000c2a00000, 0x00000000c2b00000|  0%| F|  |TAMS 0x00000000c2a00000, 0x00000000c2a00000| Untracked 
|  43|0x00000000c2b00000, 0x00000000c2b00000, 0x00000000c2c00000|  0%| F|  |TAMS 0x00000000c2b00000, 0x00000000c2b00000| Untracked 
|  44|0x00000000c2c00000, 0x00000000c2c00000, 0x00000000c2d00000|  0%| F|  |TAMS 0x00000000c2c00000, 0x00000000c2c00000| Untracked 
|  45|0x00000000c2d00000, 0x00000000c2d00000, 0x00000000c2e00000|  0%| F|  |TAMS 0x00000000c2d00000, 0x00000000c2d00000| Untracked 
|  46|0x00000000c2e00000, 0x00000000c2e00000, 0x00000000c2f00000|  0%| F|  |TAMS 0x00000000c2e00000, 0x00000000c2e00000| Untracked 
|  47|0x00000000c2f00000, 0x00000000c2f00000, 0x00000000c3000000|  0%| F|  |TAMS 0x00000000c2f00000, 0x00000000c2f00000| Untracked 
|  48|0x00000000c3000000, 0x00000000c3000000, 0x00000000c3100000|  0%| F|  |TAMS 0x00000000c3000000, 0x00000000c3000000| Untracked 
|  49|0x00000000c3100000, 0x00000000c3100000, 0x00000000c3200000|  0%| F|  |TAMS 0x00000000c3100000, 0x00000000c3100000| Untracked 
|  50|0x00000000c3200000, 0x00000000c3200000, 0x00000000c3300000|  0%| F|  |TAMS 0x00000000c3200000, 0x00000000c3200000| Untracked 
|  51|0x00000000c3300000, 0x00000000c3300000, 0x00000000c3400000|  0%| F|  |TAMS 0x00000000c3300000, 0x00000000c3300000| Untracked 
|  52|0x00000000c3400000, 0x00000000c3400000, 0x00000000c3500000|  0%| F|  |TAMS 0x00000000c3400000, 0x00000000c3400000| Untracked 
|  53|0x00000000c3500000, 0x00000000c3500000, 0x00000000c3600000|  0%| F|  |TAMS 0x00000000c3500000, 0x00000000c3500000| Untracked 
|  54|0x00000000c3600000, 0x00000000c3600000, 0x00000000c3700000|  0%| F|  |TAMS 0x00000000c3600000, 0x00000000c3600000| Untracked 
|  55|0x00000000c3700000, 0x00000000c3700000, 0x00000000c3800000|  0%| F|  |TAMS 0x00000000c3700000, 0x00000000c3700000| Untracked 
|  56|0x00000000c3800000, 0x00000000c3800000, 0x00000000c3900000|  0%| F|  |TAMS 0x00000000c3800000, 0x00000000c3800000| Untracked 
|  57|0x00000000c3900000, 0x00000000c3900000, 0x00000000c3a00000|  0%| F|  |TAMS 0x00000000c3900000, 0x00000000c3900000| Untracked 
|  58|0x00000000c3a00000, 0x00000000c3a00000, 0x00000000c3b00000|  0%| F|  |TAMS 0x00000000c3a00000, 0x00000000c3a00000| Untracked 
|  59|0x00000000c3b00000, 0x00000000c3b00000, 0x00000000c3c00000|  0%| F|  |TAMS 0x00000000c3b00000, 0x00000000c3b00000| Untracked 
|  60|0x00000000c3c00000, 0x00000000c3c00000, 0x00000000c3d00000|  0%| F|  |TAMS 0x00000000c3c00000, 0x00000000c3c00000| Untracked 
|  61|0x00000000c3d00000, 0x00000000c3d00000, 0x00000000c3e00000|  0%| F|  |TAMS 0x00000000c3d00000, 0x00000000c3d00000| Untracked 
|  62|0x00000000c3e00000, 0x00000000c3e00000, 0x00000000c3f00000|  0%| F|  |TAMS 0x00000000c3e00000, 0x00000000c3e00000| Untracked 
|  63|0x00000000c3f00000, 0x00000000c3f00000, 0x00000000c4000000|  0%| F|  |TAMS 0x00000000c3f00000, 0x00000000c3f00000| Untracked 
|  64|0x00000000c4000000, 0x00000000c4000000, 0x00000000c4100000|  0%| F|  |TAMS 0x00000000c4000000, 0x00000000c4000000| Untracked 
|  65|0x00000000c4100000, 0x00000000c4100000, 0x00000000c4200000|  0%| F|  |TAMS 0x00000000c4100000, 0x00000000c4100000| Untracked 
|  66|0x00000000c4200000, 0x00000000c4200000, 0x00000000c4300000|  0%| F|  |TAMS 0x00000000c4200000, 0x00000000c4200000| Untracked 
|  67|0x00000000c4300000, 0x00000000c4300000, 0x00000000c4400000|  0%| F|  |TAMS 0x00000000c4300000, 0x00000000c4300000| Untracked 
|  68|0x00000000c4400000, 0x00000000c4400000, 0x00000000c4500000|  0%| F|  |TAMS 0x00000000c4400000, 0x00000000c4400000| Untracked 
|  69|0x00000000c4500000, 0x00000000c4500000, 0x00000000c4600000|  0%| F|  |TAMS 0x00000000c4500000, 0x00000000c4500000| Untracked 
|  70|0x00000000c4600000, 0x00000000c4600000, 0x00000000c4700000|  0%| F|  |TAMS 0x00000000c4600000, 0x00000000c4600000| Untracked 
|  71|0x00000000c4700000, 0x00000000c4700000, 0x00000000c4800000|  0%| F|  |TAMS 0x00000000c4700000, 0x00000000c4700000| Untracked 
|  72|0x00000000c4800000, 0x00000000c4800000, 0x00000000c4900000|  0%| F|  |TAMS 0x00000000c4800000, 0x00000000c4800000| Untracked 
|  73|0x00000000c4900000, 0x00000000c4900000, 0x00000000c4a00000|  0%| F|  |TAMS 0x00000000c4900000, 0x00000000c4900000| Untracked 
|  74|0x00000000c4a00000, 0x00000000c4a51ee8, 0x00000000c4b00000| 32%| E|  |TAMS 0x00000000c4a00000, 0x00000000c4a00000| Complete 

Card table byte_map: [0x000001d7328a0000,0x000001d732aa0000] _byte_map_base: 0x000001d7322a0000

Marking Bits (Prev, Next): (CMBitMap*) 0x000001d72afc6020, (CMBitMap*) 0x000001d72afc5fe0
 Prev Bits: [0x000001d733ca0000, 0x000001d734ca0000)
 Next Bits: [0x000001d732ca0000, 0x000001d733ca0000)

Polling page: 0x000001d72b040000

Metaspace:

Usage:
  Non-class:     33.86 MB used.
      Class:      5.16 MB used.
       Both:     39.02 MB used.

Virtual space:
  Non-class space:       64.00 MB reserved,      34.19 MB ( 53%) committed,  1 nodes.
      Class space:        1.00 GB reserved,       5.44 MB ( <1%) committed,  1 nodes.
             Both:        1.06 GB reserved,      39.62 MB (  4%) committed. 

Chunk freelists:
   Non-Class:  13.66 MB
       Class:  10.63 MB
        Both:  24.30 MB

MaxMetaspaceSize: unlimited
CompressedClassSpaceSize: 1.00 GB
Initial GC threshold: 21.00 MB
Current GC threshold: 66.06 MB
CDS: off
MetaspaceReclaimPolicy: balanced
 - commit_granule_bytes: 65536.
 - commit_granule_words: 8192.
 - virtual_space_node_default_size: 8388608.
 - enlarge_chunks_in_place: 1.
 - new_chunks_are_fully_committed: 0.
 - uncommit_free_chunks: 1.
 - use_allocation_guard: 0.
 - handle_deallocations: 1.


Internal statistics:

num_allocs_failed_limit: 6.
num_arena_births: 504.
num_arena_deaths: 152.
num_vsnodes_births: 2.
num_vsnodes_deaths: 0.
num_space_committed: 634.
num_space_uncommitted: 0.
num_chunks_returned_to_freelist: 168.
num_chunks_taken_from_freelist: 1690.
num_chunk_merges: 53.
num_chunk_splits: 1184.
num_chunks_enlarged: 914.
num_inconsistent_stats: 0.

CodeCache: size=49152Kb used=6670Kb max_used=6670Kb free=42481Kb
 bounds [0x000001d72f420000, 0x000001d72fab0000, 0x000001d732420000]
 total_blobs=4145 nmethods=3596 adapters=477
 compilation: enabled
              stopped_count=0, restarted_count=0
 full_count=0

Compilation events (20 events):
Event: 26.090 Thread 0x000001d737070310 3585       1       org.antlr.v4.runtime.CommonTokenStream::LT (75 bytes)
Event: 26.090 Thread 0x000001d737070310 nmethod 3585 0x000001d72fa9f190 code [0x000001d72fa9f380, 0x000001d72fa9f698]
Event: 26.091 Thread 0x000001d737070310 3586       1       org.antlr.v4.runtime.CodePointCharStream::index (5 bytes)
Event: 26.091 Thread 0x000001d737070310 nmethod 3586 0x000001d72fa9f810 code [0x000001d72fa9f9a0, 0x000001d72fa9fa78]
Event: 26.091 Thread 0x000001d737070310 3587       1       org.antlr.v4.runtime.Recognizer::getState (5 bytes)
Event: 26.091 Thread 0x000001d737070310 nmethod 3587 0x000001d72fa9fb10 code [0x000001d72fa9fca0, 0x000001d72fa9fd78]
Event: 26.091 Thread 0x000001d737070310 3588       1       org.antlr.v4.runtime.Parser::getTokenStream (5 bytes)
Event: 26.091 Thread 0x000001d737070310 nmethod 3588 0x000001d72fa9fe10 code [0x000001d72fa9ffa0, 0x000001d72faa0078]
Event: 26.122 Thread 0x000001d737070310 3589       1       java.lang.Class::getDeclaredConstructor (31 bytes)
Event: 26.124 Thread 0x000001d737070310 nmethod 3589 0x000001d72faa0110 code [0x000001d72faa0300, 0x000001d72faa0618]
Event: 26.126 Thread 0x000001d737070310 3590  s    1       java.lang.StringBuffer::append (13 bytes)
Event: 26.127 Thread 0x000001d737070310 nmethod 3590 0x000001d72faa0890 code [0x000001d72faa0a20, 0x000001d72faa0be8]
Event: 53.644 Thread 0x000001d737070310 3591       1       java.util.ArrayList::<init> (63 bytes)
Event: 53.644 Thread 0x000001d737070310 nmethod 3591 0x000001d72faa0c90 code [0x000001d72faa0e60, 0x000001d72faa1138]
Event: 63.935 Thread 0x000001d737070310 3592       1       java.lang.invoke.StringConcatFactory::parseRecipe (198 bytes)
Event: 63.938 Thread 0x000001d737070310 nmethod 3592 0x000001d72faa1210 code [0x000001d72faa14e0, 0x000001d72faa2238]
Event: 161.937 Thread 0x000001d737070310 3595       1       java.util.concurrent.locks.AbstractQueuedSynchronizer::signalNext (34 bytes)
Event: 161.938 Thread 0x000001d737070310 nmethod 3595 0x000001d72faa3110 code [0x000001d72faa32a0, 0x000001d72faa33e8]
Event: 215.649 Thread 0x000001d737070310 3596       1       java.lang.System::checkKey (34 bytes)
Event: 215.650 Thread 0x000001d737070310 nmethod 3596 0x000001d72faa3510 code [0x000001d72faa36c0, 0x000001d72faa38b8]

GC Heap History (20 events):
Event: 118.617 GC heap before
{Heap before GC invocations=18 (full 5):
 garbage-first heap   total 76800K, used 24691K [0x00000000c0000000, 0x0000000100000000)
  region size 1024K, 1 young (1024K), 0 survivors (0K)
 Metaspace       used 39959K, committed 40576K, reserved 1114112K
  class space    used 5285K, committed 5568K, reserved 1048576K
}
Event: 118.661 GC heap after
{Heap after GC invocations=19 (full 6):
 garbage-first heap   total 76800K, used 24691K [0x00000000c0000000, 0x0000000100000000)
  region size 1024K, 0 young (0K), 0 survivors (0K)
 Metaspace       used 39959K, committed 40576K, reserved 1114112K
  class space    used 5285K, committed 5568K, reserved 1048576K
}
Event: 130.592 GC heap before
{Heap before GC invocations=19 (full 6):
 garbage-first heap   total 76800K, used 24691K [0x00000000c0000000, 0x0000000100000000)
  region size 1024K, 1 young (1024K), 0 survivors (0K)
 Metaspace       used 39959K, committed 40576K, reserved 1114112K
  class space    used 5285K, committed 5568K, reserved 1048576K
}
Event: 130.637 GC heap after
{Heap after GC invocations=20 (full 7):
 garbage-first heap   total 76800K, used 24691K [0x00000000c0000000, 0x0000000100000000)
  region size 1024K, 0 young (0K), 0 survivors (0K)
 Metaspace       used 39959K, committed 40576K, reserved 1114112K
  class space    used 5285K, committed 5568K, reserved 1048576K
}
Event: 141.023 GC heap before
{Heap before GC invocations=20 (full 7):
 garbage-first heap   total 76800K, used 24691K [0x00000000c0000000, 0x0000000100000000)
  region size 1024K, 1 young (1024K), 0 survivors (0K)
 Metaspace       used 39959K, committed 40576K, reserved 1114112K
  class space    used 5285K, committed 5568K, reserved 1048576K
}
Event: 141.066 GC heap after
{Heap after GC invocations=21 (full 8):
 garbage-first heap   total 76800K, used 24691K [0x00000000c0000000, 0x0000000100000000)
  region size 1024K, 0 young (0K), 0 survivors (0K)
 Metaspace       used 39959K, committed 40576K, reserved 1114112K
  class space    used 5285K, committed 5568K, reserved 1048576K
}
Event: 151.525 GC heap before
{Heap before GC invocations=21 (full 8):
 garbage-first heap   total 76800K, used 24691K [0x00000000c0000000, 0x0000000100000000)
  region size 1024K, 1 young (1024K), 0 survivors (0K)
 Metaspace       used 39959K, committed 40576K, reserved 1114112K
  class space    used 5285K, committed 5568K, reserved 1048576K
}
Event: 151.567 GC heap after
{Heap after GC invocations=22 (full 9):
 garbage-first heap   total 76800K, used 24691K [0x00000000c0000000, 0x0000000100000000)
  region size 1024K, 0 young (0K), 0 survivors (0K)
 Metaspace       used 39959K, committed 40576K, reserved 1114112K
  class space    used 5285K, committed 5568K, reserved 1048576K
}
Event: 161.894 GC heap before
{Heap before GC invocations=22 (full 9):
 garbage-first heap   total 76800K, used 24691K [0x00000000c0000000, 0x0000000100000000)
  region size 1024K, 1 young (1024K), 0 survivors (0K)
 Metaspace       used 39959K, committed 40576K, reserved 1114112K
  class space    used 5285K, committed 5568K, reserved 1048576K
}
Event: 161.936 GC heap after
{Heap after GC invocations=23 (full 10):
 garbage-first heap   total 76800K, used 24691K [0x00000000c0000000, 0x0000000100000000)
  region size 1024K, 0 young (0K), 0 survivors (0K)
 Metaspace       used 39959K, committed 40576K, reserved 1114112K
  class space    used 5285K, committed 5568K, reserved 1048576K
}
Event: 172.280 GC heap before
{Heap before GC invocations=23 (full 10):
 garbage-first heap   total 76800K, used 24691K [0x00000000c0000000, 0x0000000100000000)
  region size 1024K, 1 young (1024K), 0 survivors (0K)
 Metaspace       used 39959K, committed 40576K, reserved 1114112K
  class space    used 5285K, committed 5568K, reserved 1048576K
}
Event: 172.323 GC heap after
{Heap after GC invocations=24 (full 11):
 garbage-first heap   total 76800K, used 24691K [0x00000000c0000000, 0x0000000100000000)
  region size 1024K, 0 young (0K), 0 survivors (0K)
 Metaspace       used 39959K, committed 40576K, reserved 1114112K
  class space    used 5285K, committed 5568K, reserved 1048576K
}
Event: 182.654 GC heap before
{Heap before GC invocations=24 (full 11):
 garbage-first heap   total 76800K, used 24691K [0x00000000c0000000, 0x0000000100000000)
  region size 1024K, 1 young (1024K), 0 survivors (0K)
 Metaspace       used 39959K, committed 40576K, reserved 1114112K
  class space    used 5285K, committed 5568K, reserved 1048576K
}
Event: 182.697 GC heap after
{Heap after GC invocations=25 (full 12):
 garbage-first heap   total 76800K, used 24691K [0x00000000c0000000, 0x0000000100000000)
  region size 1024K, 0 young (0K), 0 survivors (0K)
 Metaspace       used 39959K, committed 40576K, reserved 1114112K
  class space    used 5285K, committed 5568K, reserved 1048576K
}
Event: 194.080 GC heap before
{Heap before GC invocations=25 (full 12):
 garbage-first heap   total 76800K, used 24691K [0x00000000c0000000, 0x0000000100000000)
  region size 1024K, 1 young (1024K), 0 survivors (0K)
 Metaspace       used 39959K, committed 40576K, reserved 1114112K
  class space    used 5285K, committed 5568K, reserved 1048576K
}
Event: 194.125 GC heap after
{Heap after GC invocations=26 (full 13):
 garbage-first heap   total 76800K, used 24691K [0x00000000c0000000, 0x0000000100000000)
  region size 1024K, 0 young (0K), 0 survivors (0K)
 Metaspace       used 39959K, committed 40576K, reserved 1114112K
  class space    used 5285K, committed 5568K, reserved 1048576K
}
Event: 205.175 GC heap before
{Heap before GC invocations=26 (full 13):
 garbage-first heap   total 76800K, used 24691K [0x00000000c0000000, 0x0000000100000000)
  region size 1024K, 1 young (1024K), 0 survivors (0K)
 Metaspace       used 39959K, committed 40576K, reserved 1114112K
  class space    used 5285K, committed 5568K, reserved 1048576K
}
Event: 205.220 GC heap after
{Heap after GC invocations=27 (full 14):
 garbage-first heap   total 76800K, used 24691K [0x00000000c0000000, 0x0000000100000000)
  region size 1024K, 0 young (0K), 0 survivors (0K)
 Metaspace       used 39959K, committed 40576K, reserved 1114112K
  class space    used 5285K, committed 5568K, reserved 1048576K
}
Event: 215.651 GC heap before
{Heap before GC invocations=27 (full 14):
 garbage-first heap   total 76800K, used 24691K [0x00000000c0000000, 0x0000000100000000)
  region size 1024K, 1 young (1024K), 0 survivors (0K)
 Metaspace       used 39959K, committed 40576K, reserved 1114112K
  class space    used 5285K, committed 5568K, reserved 1048576K
}
Event: 215.715 GC heap after
{Heap after GC invocations=28 (full 15):
 garbage-first heap   total 76800K, used 24691K [0x00000000c0000000, 0x0000000100000000)
  region size 1024K, 0 young (0K), 0 survivors (0K)
 Metaspace       used 39959K, committed 40576K, reserved 1114112K
  class space    used 5285K, committed 5568K, reserved 1048576K
}

Dll operation events (8 events):
Event: 0.020 Loaded shared library c:\Users\maxim\.vscode\extensions\redhat.java-1.32.0-win32-x64\jre\17.0.11-win32-x86_64\bin\java.dll
Event: 1.261 Loaded shared library C:\Users\maxim\.vscode\extensions\redhat.java-1.32.0-win32-x64\jre\17.0.11-win32-x86_64\bin\net.dll
Event: 1.269 Loaded shared library C:\Users\maxim\.vscode\extensions\redhat.java-1.32.0-win32-x64\jre\17.0.11-win32-x86_64\bin\nio.dll
Event: 1.339 Loaded shared library C:\Users\maxim\.vscode\extensions\redhat.java-1.32.0-win32-x64\jre\17.0.11-win32-x86_64\bin\zip.dll
Event: 3.110 Loaded shared library C:\Users\maxim\.vscode\extensions\redhat.java-1.32.0-win32-x64\jre\17.0.11-win32-x86_64\bin\jimage.dll
Event: 10.650 Loaded shared library c:\Users\maxim\.vscode\extensions\redhat.java-1.32.0-win32-x64\jre\17.0.11-win32-x86_64\bin\verify.dll
Event: 23.984 Loaded shared library C:\Users\maxim\.vscode\extensions\redhat.java-1.32.0-win32-x64\jre\17.0.11-win32-x86_64\bin\management.dll
Event: 23.996 Loaded shared library C:\Users\maxim\.vscode\extensions\redhat.java-1.32.0-win32-x64\jre\17.0.11-win32-x86_64\bin\management_ext.dll

Deoptimization events (4 events):
Event: 24.991 Thread 0x000001d73c70c660 DEOPT PACKING pc=0x000001d72f8de381 sp=0x00000071839fd9c0
Event: 24.991 Thread 0x000001d73c70c660 DEOPT UNPACKING pc=0x000001d72f477124 sp=0x00000071839fce50 mode 3
Event: 25.028 Thread 0x000001d73c7e26a0 DEOPT PACKING pc=0x000001d72f8c1697 sp=0x0000007183aff260
Event: 25.028 Thread 0x000001d73c7e26a0 DEOPT UNPACKING pc=0x000001d72f477124 sp=0x0000007183afe6b8 mode 3

Classes unloaded (20 events):
Event: 85.946 Thread 0x000001d736ff8200 Unloading class 0x00000001003ad400 'java/lang/invoke/LambdaForm$MH+0x00000001003ad400'
Event: 85.946 Thread 0x000001d736ff8200 Unloading class 0x00000001003ad000 'java/lang/invoke/LambdaForm$MH+0x00000001003ad000'
Event: 85.946 Thread 0x000001d736ff8200 Unloading class 0x0000000100096000 'java/lang/invoke/LambdaForm$MH+0x0000000100096000'
Event: 85.946 Thread 0x000001d736ff8200 Unloading class 0x0000000100095c00 'java/lang/invoke/LambdaForm$MH+0x0000000100095c00'
Event: 85.946 Thread 0x000001d736ff8200 Unloading class 0x0000000100095800 'java/lang/invoke/LambdaForm$MH+0x0000000100095800'
Event: 85.947 Thread 0x000001d736ff8200 Unloading class 0x0000000100095400 'java/lang/invoke/LambdaForm$MH+0x0000000100095400'
Event: 85.947 Thread 0x000001d736ff8200 Unloading class 0x0000000100095000 'java/lang/invoke/LambdaForm$MH+0x0000000100095000'
Event: 85.947 Thread 0x000001d736ff8200 Unloading class 0x0000000100094c00 'java/lang/invoke/LambdaForm$MH+0x0000000100094c00'
Event: 85.947 Thread 0x000001d736ff8200 Unloading class 0x0000000100094800 'java/lang/invoke/LambdaForm$MH+0x0000000100094800'
Event: 85.947 Thread 0x000001d736ff8200 Unloading class 0x0000000100094400 'java/lang/invoke/LambdaForm$MH+0x0000000100094400'
Event: 85.947 Thread 0x000001d736ff8200 Unloading class 0x000000010008e800 'java/lang/invoke/LambdaForm$MH+0x000000010008e800'
Event: 85.947 Thread 0x000001d736ff8200 Unloading class 0x000000010008e400 'java/lang/invoke/LambdaForm$MH+0x000000010008e400'
Event: 85.947 Thread 0x000001d736ff8200 Unloading class 0x000000010008e000 'java/lang/invoke/LambdaForm$MH+0x000000010008e000'
Event: 85.947 Thread 0x000001d736ff8200 Unloading class 0x000000010008dc00 'java/lang/invoke/LambdaForm$MH+0x000000010008dc00'
Event: 85.947 Thread 0x000001d736ff8200 Unloading class 0x000000010008d800 'java/lang/invoke/LambdaForm$MH+0x000000010008d800'
Event: 85.947 Thread 0x000001d736ff8200 Unloading class 0x000000010008d400 'java/lang/invoke/LambdaForm$MH+0x000000010008d400'
Event: 85.947 Thread 0x000001d736ff8200 Unloading class 0x000000010008cc00 'java/lang/invoke/LambdaForm$MH+0x000000010008cc00'
Event: 85.947 Thread 0x000001d736ff8200 Unloading class 0x000000010008c800 'java/lang/invoke/LambdaForm$MH+0x000000010008c800'
Event: 85.947 Thread 0x000001d736ff8200 Unloading class 0x000000010008c000 'java/lang/invoke/LambdaForm$MH+0x000000010008c000'
Event: 85.947 Thread 0x000001d736ff8200 Unloading class 0x000000010008bc00 'java/lang/invoke/LambdaForm$MH+0x000000010008bc00'

Classes redefined (0 events):
No events

Internal exceptions (20 events):
Event: 18.416 Thread 0x000001d72ae0e570 Exception <a 'java/lang/NoSuchMethodError'{0x00000000c49f3090}: 'java.lang.Object java.lang.invoke.DirectMethodHandle$Holder.invokeSpecial(java.lang.Object, java.lang.Object, int, java.lang.Object, java.lang.Object)'> (0x00000000c49f3090) 
thrown [s\src\hotspot\share\interpreter\linkResolver.cpp, line 759]
Event: 18.417 Thread 0x000001d72ae0e570 Exception <a 'java/lang/NoSuchMethodError'{0x00000000c49f6d38}: 'java.lang.Object java.lang.invoke.DelegatingMethodHandle$Holder.delegate(java.lang.Object, int, java.lang.Object, java.lang.Object)'> (0x00000000c49f6d38) 
thrown [s\src\hotspot\share\interpreter\linkResolver.cpp, line 759]
Event: 18.423 Thread 0x000001d72ae0e570 Exception <a 'java/lang/NoSuchMethodError'{0x00000000c4807c00}: 'int java.lang.invoke.Invokers$Holder.linkToTargetMethod(java.lang.Object, java.lang.Object, java.lang.Object)'> (0x00000000c4807c00) 
thrown [s\src\hotspot\share\interpreter\linkResolver.cpp, line 759]
Event: 20.507 Thread 0x000001d72ae0e570 Exception <a 'java/lang/NoSuchMethodError'{0x00000000c44b9450}: 'java.lang.Object java.lang.invoke.DirectMethodHandle$Holder.invokeStaticInit(java.lang.Object, int, int, int, int)'> (0x00000000c44b9450) 
thrown [s\src\hotspot\share\interpreter\linkResolver.cpp, line 759]
Event: 20.680 Thread 0x000001d72ae0e570 Exception <a 'java/lang/NoSuchMethodError'{0x00000000c44f25d8}: 'java.lang.Object java.lang.invoke.DirectMethodHandle$Holder.invokeStaticInit(java.lang.Object, java.lang.Object, int, int, int, int)'> (0x00000000c44f25d8) 
thrown [s\src\hotspot\share\interpreter\linkResolver.cpp, line 759]
Event: 21.474 Thread 0x000001d72ae0e570 Exception <a 'java/lang/NoSuchMethodError'{0x00000000c3b7d1d8}: 'void java.lang.invoke.DirectMethodHandle$Holder.invokeSpecialIFC(java.lang.Object, java.lang.Object, java.lang.Object)'> (0x00000000c3b7d1d8) 
thrown [s\src\hotspot\share\interpreter\linkResolver.cpp, line 759]
Event: 22.566 Thread 0x000001d72ae0e570 Exception <a 'java/lang/NoSuchMethodError'{0x00000000c4afe600}: 'int java.lang.invoke.DirectMethodHandle$Holder.invokeStaticInit(java.lang.Object, java.lang.Object, int, java.lang.Object)'> (0x00000000c4afe600) 
thrown [s\src\hotspot\share\interpreter\linkResolver.cpp, line 759]
Event: 22.686 Thread 0x000001d72ae0e570 Exception <a 'java/lang/NoSuchMethodError'{0x00000000c4823c10}: 'void java.lang.invoke.DirectMethodHandle$Holder.invokeSpecial(java.lang.Object, java.lang.Object, java.lang.Object, java.lang.Object, java.lang.Object, java.lang.Object, java.lang.Object)'> (0x00000000c4823c10) 
thrown [s\src\hotspot\share\interpreter\linkResolver.cpp, line 759]
Event: 23.317 Thread 0x000001d72ae0e570 Exception <a 'java/lang/NoSuchMethodError'{0x00000000c4349dd0}: 'java.lang.Object java.lang.invoke.DirectMethodHandle$Holder.invokeInterface(java.lang.Object, java.lang.Object, int)'> (0x00000000c4349dd0) 
thrown [s\src\hotspot\share\interpreter\linkResolver.cpp, line 759]
Event: 23.324 Thread 0x000001d72ae0e570 Exception <a 'java/lang/IncompatibleClassChangeError'{0x00000000c4360b58}: Found class java.lang.Object, but interface was expected> (0x00000000c4360b58) 
thrown [s\src\hotspot\share\interpreter\linkResolver.cpp, line 826]
Event: 23.956 Thread 0x000001d72ae0e570 Exception <a 'java/lang/NoSuchMethodError'{0x00000000c4440e80}: 'java.lang.Object java.lang.invoke.DirectMethodHandle$Holder.newInvokeSpecial(java.lang.Object, java.lang.Object, int, java.lang.Object, java.lang.Object)'> (0x00000000c4440e80) 
thrown [s\src\hotspot\share\interpreter\linkResolver.cpp, line 759]
Event: 23.961 Thread 0x000001d72ae0e570 Exception <a 'java/lang/NoSuchMethodError'{0x00000000c4454580}: 'java.lang.Object java.lang.invoke.DirectMethodHandle$Holder.invokeSpecial(java.lang.Object, java.lang.Object, int, java.lang.Object, int, java.lang.Object)'> (0x00000000c4454580) 
thrown [s\src\hotspot\share\interpreter\linkResolver.cpp, line 759]
Event: 23.962 Thread 0x000001d72ae0e570 Exception <a 'java/lang/NoSuchMethodError'{0x00000000c445c388}: 'java.lang.Object java.lang.invoke.DirectMethodHandle$Holder.newInvokeSpecial(java.lang.Object, java.lang.Object, int, java.lang.Object, int)'> (0x00000000c445c388) 
thrown [s\src\hotspot\share\interpreter\linkResolver.cpp, line 759]
Event: 23.963 Thread 0x000001d72ae0e570 Exception <a 'java/lang/NoSuchMethodError'{0x00000000c4460488}: 'java.lang.Object java.lang.invoke.DirectMethodHandle$Holder.invokeSpecial(java.lang.Object, java.lang.Object, java.lang.Object, int, java.lang.Object, int)'> (0x00000000c4460488) 
thrown [s\src\hotspot\share\interpreter\linkResolver.cpp, line 759]
Event: 24.874 Thread 0x000001d73c7e26a0 Exception <a 'java/lang/NoSuchMethodError'{0x00000000c3871660}: 'java.lang.Object java.lang.invoke.DirectMethodHandle$Holder.invokeStatic(java.lang.Object, int, java.lang.Object)'> (0x00000000c3871660) 
thrown [s\src\hotspot\share\interpreter\linkResolver.cpp, line 759]
Event: 24.880 Thread 0x000001d73c70c660 Exception <a 'java/lang/NoSuchMethodError'{0x00000000c380cdf8}: 'java.lang.Object java.lang.invoke.DirectMethodHandle$Holder.invokeStatic(java.lang.Object, java.lang.Object, java.lang.Object, int, java.lang.Object, java.lang.Object)'> (0x00000000c380cdf8) 
thrown [s\src\hotspot\share\interpreter\linkResolver.cpp, line 759]
Event: 25.846 Thread 0x000001d73c2669f0 Exception <a 'java/lang/NoSuchMethodError'{0x00000000c31297d8}: 'int java.lang.invoke.DirectMethodHandle$Holder.invokeStatic(java.lang.Object)'> (0x00000000c31297d8) 
thrown [s\src\hotspot\share\interpreter\linkResolver.cpp, line 759]
Event: 25.847 Thread 0x000001d73c2669f0 Exception <a 'java/lang/NoSuchMethodError'{0x00000000c312cbd8}: 'int java.lang.invoke.DirectMethodHandle$Holder.invokeStaticInit(java.lang.Object)'> (0x00000000c312cbd8) 
thrown [s\src\hotspot\share\interpreter\linkResolver.cpp, line 759]
Event: 64.003 Thread 0x000001d73c881040 Exception <a 'java/lang/NoSuchMethodError'{0x00000000c4582eb8}: 'void java.lang.invoke.DirectMethodHandle$Holder.invokeStatic(java.lang.Object, long)'> (0x00000000c4582eb8) 
thrown [s\src\hotspot\share\interpreter\linkResolver.cpp, line 759]
Event: 64.004 Thread 0x000001d73c881040 Exception <a 'java/lang/NoSuchMethodError'{0x00000000c4588260}: 'java.lang.Object java.lang.invoke.DirectMethodHandle$Holder.newInvokeSpecial(java.lang.Object, long)'> (0x00000000c4588260) 
thrown [s\src\hotspot\share\interpreter\linkResolver.cpp, line 759]

VM Operations (20 events):
Event: 118.662 Executing VM operation: G1CollectFull done
Event: 130.592 Executing VM operation: G1CollectFull
Event: 130.637 Executing VM operation: G1CollectFull done
Event: 141.023 Executing VM operation: G1CollectFull
Event: 141.066 Executing VM operation: G1CollectFull done
Event: 151.524 Executing VM operation: G1CollectFull
Event: 151.568 Executing VM operation: G1CollectFull done
Event: 161.893 Executing VM operation: G1CollectFull
Event: 161.937 Executing VM operation: G1CollectFull done
Event: 172.280 Executing VM operation: G1CollectFull
Event: 172.323 Executing VM operation: G1CollectFull done
Event: 182.654 Executing VM operation: G1CollectFull
Event: 182.697 Executing VM operation: G1CollectFull done
Event: 194.079 Executing VM operation: G1CollectFull
Event: 194.125 Executing VM operation: G1CollectFull done
Event: 205.174 Executing VM operation: G1CollectFull
Event: 205.221 Executing VM operation: G1CollectFull done
Event: 215.650 Executing VM operation: G1CollectFull
Event: 215.716 Executing VM operation: G1CollectFull done
Event: 230.463 Executing VM operation: G1CollectFull

Events (20 events):
Event: 25.886 loading class java/util/EmptyStackException
Event: 25.886 loading class java/util/EmptyStackException done
Event: 25.902 loading class java/io/InvalidClassException
Event: 25.902 loading class java/io/InvalidClassException done
Event: 25.939 loading class java/util/ArrayList$ListItr
Event: 25.940 loading class java/util/ArrayList$ListItr done
Event: 26.086 loading class java/util/regex/Pattern$1
Event: 26.087 loading class java/util/regex/Pattern$1 done
Event: 63.936 loading class java/lang/ProcessBuilder
Event: 63.938 loading class java/lang/ProcessBuilder done
Event: 63.938 loading class java/lang/ProcessImpl
Event: 63.939 loading class java/lang/ProcessImpl done
Event: 64.005 loading class java/lang/ProcessImpl$2
Event: 64.006 loading class java/lang/ProcessImpl$2 done
Event: 64.006 loading class java/lang/Process$PipeInputStream
Event: 64.006 loading class java/lang/Process$PipeInputStream done
Event: 64.007 loading class jdk/internal/event/ProcessStartEvent
Event: 64.008 loading class jdk/internal/event/ProcessStartEvent done
Event: 64.395 loading class java/io/FileOutputStream$1
Event: 64.396 loading class java/io/FileOutputStream$1 done


Dynamic libraries:
0x00007ff6837f0000 - 0x00007ff6837fe000 	c:\Users\maxim\.vscode\extensions\redhat.java-1.32.0-win32-x64\jre\17.0.11-win32-x86_64\bin\java.exe
0x00007ffd522b0000 - 0x00007ffd524a8000 	C:\Windows\SYSTEM32\ntdll.dll
0x00007ffd515c0000 - 0x00007ffd51681000 	C:\Windows\System32\KERNEL32.DLL
0x00007ffd4fa00000 - 0x00007ffd4fcf6000 	C:\Windows\System32\KERNELBASE.dll
0x00007ffd4fea0000 - 0x00007ffd4ffa0000 	C:\Windows\System32\ucrtbase.dll
0x00007ffd493c0000 - 0x00007ffd493d7000 	c:\Users\maxim\.vscode\extensions\redhat.java-1.32.0-win32-x64\jre\17.0.11-win32-x86_64\bin\jli.dll
0x00007ffd50600000 - 0x00007ffd5079f000 	C:\Windows\System32\USER32.dll
0x00007ffd4fd70000 - 0x00007ffd4fd92000 	C:\Windows\System32\win32u.dll
0x00007ffd50490000 - 0x00007ffd504bb000 	C:\Windows\System32\GDI32.dll
0x00007ffd4ffa0000 - 0x00007ffd500b7000 	C:\Windows\System32\gdi32full.dll
0x00007ffd4f960000 - 0x00007ffd4f9fd000 	C:\Windows\System32\msvcp_win.dll
0x00007ffd49230000 - 0x00007ffd4924b000 	c:\Users\maxim\.vscode\extensions\redhat.java-1.32.0-win32-x64\jre\17.0.11-win32-x86_64\bin\VCRUNTIME140.dll
0x00007ffd38d70000 - 0x00007ffd3900a000 	C:\Windows\WinSxS\amd64_microsoft.windows.common-controls_6595b64144ccf1df_6.0.19041.4355_none_60b8b9eb71f62e16\COMCTL32.dll
0x00007ffd514c0000 - 0x00007ffd5155e000 	C:\Windows\System32\msvcrt.dll
0x00007ffd504c0000 - 0x00007ffd504ef000 	C:\Windows\System32\IMM32.DLL
0x00007ffd499f0000 - 0x00007ffd499fc000 	c:\Users\maxim\.vscode\extensions\redhat.java-1.32.0-win32-x64\jre\17.0.11-win32-x86_64\bin\vcruntime140_1.dll
0x00007ffd36290000 - 0x00007ffd3631d000 	c:\Users\maxim\.vscode\extensions\redhat.java-1.32.0-win32-x64\jre\17.0.11-win32-x86_64\bin\msvcp140.dll
0x00007ffcfd590000 - 0x00007ffcfe1f2000 	c:\Users\maxim\.vscode\extensions\redhat.java-1.32.0-win32-x64\jre\17.0.11-win32-x86_64\bin\server\jvm.dll
0x00007ffd509d0000 - 0x00007ffd50a80000 	C:\Windows\System32\ADVAPI32.dll
0x00007ffd50a90000 - 0x00007ffd50b30000 	C:\Windows\System32\sechost.dll
0x00007ffd508a0000 - 0x00007ffd509c3000 	C:\Windows\System32\RPCRT4.dll
0x00007ffd502b0000 - 0x00007ffd502d7000 	C:\Windows\System32\bcrypt.dll
0x00007ffd4f7b0000 - 0x00007ffd4f7fb000 	C:\Windows\SYSTEM32\POWRPROF.dll
0x00007ffd3c270000 - 0x00007ffd3c279000 	C:\Windows\SYSTEM32\WSOCK32.dll
0x00007ffd513c0000 - 0x00007ffd5142b000 	C:\Windows\System32\WS2_32.dll
0x00007ffd3b9a0000 - 0x00007ffd3b9c7000 	C:\Windows\SYSTEM32\WINMM.dll
0x00007ffd47a80000 - 0x00007ffd47a8a000 	C:\Windows\SYSTEM32\VERSION.dll
0x00007ffd4f790000 - 0x00007ffd4f7a2000 	C:\Windows\SYSTEM32\UMPDC.dll
0x00007ffd4d700000 - 0x00007ffd4d712000 	C:\Windows\SYSTEM32\kernel.appcore.dll
0x00007ffd49470000 - 0x00007ffd4947a000 	c:\Users\maxim\.vscode\extensions\redhat.java-1.32.0-win32-x64\jre\17.0.11-win32-x86_64\bin\jimage.dll
0x00007ffd4b3b0000 - 0x00007ffd4b594000 	C:\Windows\SYSTEM32\DBGHELP.DLL
0x00007ffd46de0000 - 0x00007ffd46e14000 	C:\Windows\SYSTEM32\dbgcore.DLL
0x00007ffd50220000 - 0x00007ffd502a2000 	C:\Windows\System32\bcryptPrimitives.dll
0x00007ffd48a20000 - 0x00007ffd48a45000 	c:\Users\maxim\.vscode\extensions\redhat.java-1.32.0-win32-x64\jre\17.0.11-win32-x86_64\bin\java.dll
0x00007ffd48a00000 - 0x00007ffd48a18000 	c:\Users\maxim\.vscode\extensions\redhat.java-1.32.0-win32-x64\jre\17.0.11-win32-x86_64\bin\zip.dll
0x00007ffd50b30000 - 0x00007ffd5129c000 	C:\Windows\System32\SHELL32.dll
0x00007ffd4d9e0000 - 0x00007ffd4e17e000 	C:\Windows\SYSTEM32\windows.storage.dll
0x00007ffd517c0000 - 0x00007ffd51b13000 	C:\Windows\System32\combase.dll
0x00007ffd4f2b0000 - 0x00007ffd4f2de000 	C:\Windows\SYSTEM32\Wldp.dll
0x00007ffd520f0000 - 0x00007ffd521bd000 	C:\Windows\System32\OLEAUT32.dll
0x00007ffd521c0000 - 0x00007ffd5226d000 	C:\Windows\System32\SHCORE.dll
0x00007ffd50840000 - 0x00007ffd50895000 	C:\Windows\System32\shlwapi.dll
0x00007ffd4f890000 - 0x00007ffd4f8b4000 	C:\Windows\SYSTEM32\profapi.dll
0x00007ffd489b0000 - 0x00007ffd489c9000 	C:\Users\maxim\.vscode\extensions\redhat.java-1.32.0-win32-x64\jre\17.0.11-win32-x86_64\bin\net.dll
0x00007ffd46560000 - 0x00007ffd4666a000 	C:\Windows\SYSTEM32\WINHTTP.dll
0x00007ffd4f010000 - 0x00007ffd4f07a000 	C:\Windows\system32\mswsock.dll
0x00007ffd48790000 - 0x00007ffd487a6000 	C:\Users\maxim\.vscode\extensions\redhat.java-1.32.0-win32-x64\jre\17.0.11-win32-x86_64\bin\nio.dll
0x00007ffd492f0000 - 0x00007ffd49300000 	c:\Users\maxim\.vscode\extensions\redhat.java-1.32.0-win32-x64\jre\17.0.11-win32-x86_64\bin\verify.dll
0x00007ffd4f210000 - 0x00007ffd4f228000 	C:\Windows\SYSTEM32\CRYPTSP.dll
0x00007ffd4e930000 - 0x00007ffd4e964000 	C:\Windows\system32\rsaenh.dll
0x00007ffd4f800000 - 0x00007ffd4f82e000 	C:\Windows\SYSTEM32\USERENV.dll
0x00007ffd4f200000 - 0x00007ffd4f20c000 	C:\Windows\SYSTEM32\CRYPTBASE.dll
0x00007ffd4ecf0000 - 0x00007ffd4ed2b000 	C:\Windows\SYSTEM32\IPHLPAPI.DLL
0x00007ffd50a80000 - 0x00007ffd50a88000 	C:\Windows\System32\NSI.dll
0x00007ffd47bc0000 - 0x00007ffd47bd7000 	C:\Windows\SYSTEM32\dhcpcsvc6.DLL
0x00007ffd47ba0000 - 0x00007ffd47bbd000 	C:\Windows\SYSTEM32\dhcpcsvc.DLL
0x00007ffd4ed30000 - 0x00007ffd4edfa000 	C:\Windows\SYSTEM32\DNSAPI.dll
0x00007ffd48780000 - 0x00007ffd48789000 	C:\Users\maxim\.vscode\extensions\redhat.java-1.32.0-win32-x64\jre\17.0.11-win32-x86_64\bin\management.dll
0x00007ffd485d0000 - 0x00007ffd485db000 	C:\Users\maxim\.vscode\extensions\redhat.java-1.32.0-win32-x64\jre\17.0.11-win32-x86_64\bin\management_ext.dll
0x00007ffd507a0000 - 0x00007ffd507a8000 	C:\Windows\System32\PSAPI.DLL

dbghelp: loaded successfully - version: 4.0.5 - missing functions: none
symbol engine: initialized successfully - sym options: 0x614 - pdb path: .;c:\Users\maxim\.vscode\extensions\redhat.java-1.32.0-win32-x64\jre\17.0.11-win32-x86_64\bin;C:\Windows\SYSTEM32;C:\Windows\WinSxS\amd64_microsoft.windows.common-controls_6595b64144ccf1df_6.0.19041.4355_none_60b8b9eb71f62e16;c:\Users\maxim\.vscode\extensions\redhat.java-1.32.0-win32-x64\jre\17.0.11-win32-x86_64\bin\server

VM Arguments:
jvm_args: -Xmx1024m -Dsts.lsp.client=vscode -Dsts.log.file=/dev/null -XX:TieredStopAtLevel=1 -Xlog:jni+resolve=off -Dspring.config.location=file:c:\Users\maxim\.vscode\extensions\vmware.vscode-spring-boot-1.55.1\language-server\BOOT-INF\classes\application.properties 
java_command: org.springframework.ide.vscode.boot.app.BootLanguageServerBootApp
java_class_path (initial): c:\Users\maxim\.vscode\extensions\vmware.vscode-spring-boot-1.55.1\language-server\BOOT-INF\classes;c:\Users\maxim\.vscode\extensions\vmware.vscode-spring-boot-1.55.1\language-server\BOOT-INF\lib\annotations-24.1.0.jar;c:\Users\maxim\.vscode\extensions\vmware.vscode-spring-boot-1.55.1\language-server\BOOT-INF\lib\antlr4-runtime-4.13.1.jar;c:\Users\maxim\.vscode\extensions\vmware.vscode-spring-boot-1.55.1\language-server\BOOT-INF\lib\asm-9.7.jar;c:\Users\maxim\.vscode\extensions\vmware.vscode-spring-boot-1.55.1\language-server\BOOT-INF\lib\asm-analysis-9.7.jar;c:\Users\maxim\.vscode\extensions\vmware.vscode-spring-boot-1.55.1\language-server\BOOT-INF\lib\asm-tree-9.7.jar;c:\Users\maxim\.vscode\extensions\vmware.vscode-spring-boot-1.55.1\language-server\BOOT-INF\lib\asm-util-9.7.jar;c:\Users\maxim\.vscode\extensions\vmware.vscode-spring-boot-1.55.1\language-server\BOOT-INF\lib\caffeine-3.1.8.jar;c:\Users\maxim\.vscode\extensions\vmware.vscode-spring-boot-1.55.1\language-server\BOOT-INF\lib\checker-qual-3.12.0.jar;c:\Users\maxim\.vscode\extensions\vmware.vscode-spring-boot-1.55.1\language-server\BOOT-INF\lib\classgraph-4.8.149.jar;c:\Users\maxim\.vscode\extensions\vmware.vscode-spring-boot-1.55.1\language-server\BOOT-INF\lib\commons-codec-1.16.1.jar;c:\Users\maxim\.vscode\extensions\vmware.vscode-spring-boot-1.55.1\language-server\BOOT-INF\lib\commons-compress-1.26.1.jar;c:\Users\maxim\.vscode\extensions\vmware.vscode-spring-boot-1.55.1\language-server\BOOT-INF\lib\commons-io-2.16.1.jar;c:\Users\maxim\.vscode\extensions\vmware.vscode-spring-boot-1.55.1\language-server\BOOT-INF\lib\commons-java-1.55.1-SNAPSHOT.jar;c:\Users\maxim\.vscode\extensions\vmware.vscode-spring-boot-1.55.1\language-server\BOOT-INF\lib\commons-lang3-3.14.0.jar;c:\Users\maxim\.vscode\extensions\vmware.vscode-spring-boot-1.55.1\language-server\BOOT-INF\lib\commons-language-server-1.55.1-SNAPSHOT.jar;c:\Users\maxim\.vscode\extensions\vmware.vscode-spring-boot-1.55.1\langu
Launcher Type: SUN_STANDARD

[Global flags]
     intx CICompilerCount                          = 2                                         {product} {ergonomic}
     uint ConcGCThreads                            = 1                                         {product} {ergonomic}
     uint G1ConcRefinementThreads                  = 2                                         {product} {ergonomic}
   size_t G1HeapRegionSize                         = 1048576                                   {product} {ergonomic}
    uintx GCDrainStackTargetSize                   = 64                                        {product} {ergonomic}
   size_t InitialHeapSize                          = 65011712                                  {product} {ergonomic}
   size_t MarkStackSize                            = 4194304                                   {product} {ergonomic}
   size_t MaxHeapSize                              = 1073741824                                {product} {command line}
   size_t MaxNewSize                               = 643825664                                 {product} {ergonomic}
   size_t MinHeapDeltaBytes                        = 1048576                                   {product} {ergonomic}
   size_t MinHeapSize                              = 8388608                                   {product} {ergonomic}
    uintx NonProfiledCodeHeapSize                  = 0                                      {pd product} {ergonomic}
     bool ProfileInterpreter                       = false                                  {pd product} {command line}
    uintx ProfiledCodeHeapSize                     = 0                                      {pd product} {ergonomic}
   size_t SoftMaxHeapSize                          = 1073741824                             {manageable} {ergonomic}
     intx TieredStopAtLevel                        = 1                                         {product} {command line}
     bool UseCompressedClassPointers               = true                           {product lp64_product} {ergonomic}
     bool UseCompressedOops                        = true                           {product lp64_product} {ergonomic}
     bool UseG1GC                                  = true                                      {product} {ergonomic}
     bool UseLargePagesIndividualAllocation        = false                                  {pd product} {ergonomic}

Logging:
Log output configuration:
 #0: stdout all=warning,jni+resolve=off uptime,level,tags
 #1: stderr all=off uptime,level,tags

Environment Variables:
JAVA_HOME=C:\Program Files\Java\jdk-17
PATH=C:\Python312\Scripts\;C:\Python312\;C:\Program Files\Eclipse Adoptium\jdk-21.0.3.9-hotspot\bin;C:\Program Files\Common Files\Oracle\Java\javapath;C:\Windows\system32;C:\Windows;C:\Windows\System32\Wbem;C:\Windows\System32\WindowsPowerShell\v1.0\;C:\Windows\System32\OpenSSH\;C:\Program Files\Git\cmd;C:\Program Files\MongoDB\Server\7.0\bin;C:\Program Files\MongoDB\Server\7.0\bin;C:\Program Files\nodejs\;C:\ProgramData\chocolatey\bin;C:\Python\Scripts\;C:\Python\;C:\Users\maxim\AppData\Local\Programs\Python\Python38-32\Scripts\;C:\Users\maxim\AppData\Local\Programs\Python\Python38-32\;C:\Users\maxim\AppData\Local\Microsoft\WindowsApps;C:\Users\maxim\AppData\Local\GitHubDesktop\bin;C:\Users\maxim\AppData\Local\Programs\Microsoft VS Code\bin;C:\Users\maxim\AppData\Roaming\npm
USERNAME=maxim
OS=Windows_NT
PROCESSOR_IDENTIFIER=Intel64 Family 6 Model 92 Stepping 9, GenuineIntel
TMP=C:\Users\maxim\AppData\Local\Temp
TEMP=C:\Users\maxim\AppData\Local\Temp



Periodic native trim disabled


---------------  S Y S T E M  ---------------

OS:
 Windows 10 , 64 bit Build 19041 (10.0.19041.4597)
OS uptime: 1 days 6:28 hours

CPU: total 2 (initial active 2) (2 cores per cpu, 1 threads per core) family 6 model 92 stepping 9 microcode 0x38, cx8, cmov, fxsr, mmx, 3dnowpref, sse, sse2, sse3, ssse3, sse4.1, sse4.2, popcnt, tsc, tscinvbit, aes, erms, clmul, sha, clflush, clflushopt
Processor Information for all 2 processors :
  Max Mhz: 1101, Current Mhz: 1101, Mhz Limit: 1101

Memory: 4k page, system-wide physical 3924M (344M free)
TotalPageFile size 9232M (AvailPageFile size 6M)
current process WorkingSet (physical memory assigned to process): 165M, peak: 165M
current process commit charge ("private bytes"): 197M, peak: 199M

vm_info: OpenJDK 64-Bit Server VM (17.0.11+9) for windows-amd64 JRE (17.0.11+9), built on Apr 17 2024 06:07:48 by "admin" with MS VC++ 16.10 / 16.11 (VS2019)

END.
