#
# There is insufficient memory for the Java Runtime Environment to continue.
# Native memory allocation (malloc) failed to allocate 2097152 bytes. Error detail: AllocateHeap
# Possible reasons:
#   The system is out of physical RAM or swap space
#   This process is running with CompressedOops enabled, and the Java Heap may be blocking the growth of the native heap
# Possible solutions:
#   Reduce memory load on the system
#   Increase physical memory or swap space
#   Check if swap backing store is full
#   Decrease Java heap size (-Xmx/-Xms)
#   Decrease number of Java threads
#   Decrease Java thread stack sizes (-Xss)
#   Set larger code cache with -XX:ReservedCodeCacheSize=
#   JVM is running with Unscaled Compressed Oops mode in which the Java heap is
#     placed in the first 4GB address space. The Java Heap base address is the
#     maximum limit for the native heap growth. Please use -XX:HeapBaseMinAddress
#     to set the Java Heap base and to place the Java Heap above 4GB virtual address.
# This output file may be truncated or incomplete.
#
#  Out of Memory Error (allocation.cpp:44), pid=652, tid=12696
#
# JRE version: OpenJDK Runtime Environment Temurin-17.0.11+9 (17.0.11+9) (build 17.0.11+9)
# Java VM: OpenJDK 64-Bit Server VM Temurin-17.0.11+9 (17.0.11+9, mixed mode, emulated-client, tiered, compressed oops, compressed class ptrs, g1 gc, windows-amd64)
# No core dump will be written. Minidumps are not enabled by default on client versions of Windows
#

---------------  S U M M A R Y ------------

Command Line: -Xmx1024m -Dsts.lsp.client=vscode -Dsts.log.file=/dev/null -XX:TieredStopAtLevel=1 -Xlog:jni+resolve=off -Dspring.config.location=file:c:\Users\maxim\.vscode\extensions\vmware.vscode-spring-boot-1.55.1\language-server\BOOT-INF\classes\application.properties org.springframework.ide.vscode.boot.app.BootLanguageServerBootApp

Host: Intel(R) Celeron(R) CPU N3350 @ 1.10GHz, 2 cores, 3G,  Windows 10 , 64 bit Build 19041 (10.0.19041.4597)
Time: Sat Jul 13 12:25:25 2024 Hora estándar de Argentina elapsed time: 304.592761 seconds (0d 0h 5m 4s)

---------------  T H R E A D  ---------------

Current thread (0x000002ed5eb786a0):  VMThread "VM Thread" [stack: 0x000000ee35900000,0x000000ee35a00000] [id=12696]

Stack: [0x000000ee35900000,0x000000ee35a00000]
Native frames: (J=compiled Java code, j=interpreted, Vv=VM code, C=native code)
V  [jvm.dll+0x67d429]
V  [jvm.dll+0x834b7a]
V  [jvm.dll+0x83663e]
V  [jvm.dll+0x836ca3]
V  [jvm.dll+0x247dbf]
V  [jvm.dll+0xa6cb3]
V  [jvm.dll+0x2f8b61]
V  [jvm.dll+0x2f4750]
V  [jvm.dll+0x2dcf67]
V  [jvm.dll+0x31fb67]
V  [jvm.dll+0x83b19b]
V  [jvm.dll+0x83bed2]
V  [jvm.dll+0x83c3ed]
V  [jvm.dll+0x83c7c4]
V  [jvm.dll+0x83c890]
V  [jvm.dll+0x7e410a]
V  [jvm.dll+0x67c315]
C  [ucrtbase.dll+0x21bb2]
C  [KERNEL32.DLL+0x17374]
C  [ntdll.dll+0x4cc91]

VM_Operation (0x000000ee368ff2d0): G1CollectFull, mode: safepoint, requested by thread 0x000002ed646be020


---------------  P R O C E S S  ---------------

Threads class SMR info:
_java_thread_list=0x000002ed6cee6c20, length=25, elements={
0x000002ed5eb9b740, 0x000002ed5eb9c5c0, 0x000002ed5ebc8a30, 0x000002ed5ebc97c0,
0x000002ed5ebcd0b0, 0x000002ed5ebcd980, 0x000002ed5ebce250, 0x000002ed5ec0a6e0,
0x000002ed631d8860, 0x000002ed631e9800, 0x000002ed63a3b040, 0x000002ed646be020,
0x000002ed646be500, 0x000002ed54a79570, 0x000002ed63b5ddd0, 0x000002ed63112ce0,
0x000002ed63bce580, 0x000002ed63bcefa0, 0x000002ed63bce070, 0x000002ed63bcea90,
0x000002ed63bcc210, 0x000002ed64328bc0, 0x000002ed6432f100, 0x000002ed643290d0,
0x000002ed6432e6e0
}

Java Threads: ( => current thread )
  0x000002ed5eb9b740 JavaThread "Reference Handler" daemon [_thread_blocked, id=11332, stack(0x000000ee35a00000,0x000000ee35b00000)]
  0x000002ed5eb9c5c0 JavaThread "Finalizer" daemon [_thread_blocked, id=1324, stack(0x000000ee35b00000,0x000000ee35c00000)]
  0x000002ed5ebc8a30 JavaThread "Signal Dispatcher" daemon [_thread_blocked, id=13804, stack(0x000000ee35c00000,0x000000ee35d00000)]
  0x000002ed5ebc97c0 JavaThread "Attach Listener" daemon [_thread_blocked, id=6756, stack(0x000000ee35d00000,0x000000ee35e00000)]
  0x000002ed5ebcd0b0 JavaThread "Service Thread" daemon [_thread_blocked, id=7204, stack(0x000000ee35e00000,0x000000ee35f00000)]
  0x000002ed5ebcd980 JavaThread "Monitor Deflation Thread" daemon [_thread_blocked, id=15160, stack(0x000000ee35f00000,0x000000ee36000000)]
  0x000002ed5ebce250 JavaThread "C1 CompilerThread0" daemon [_thread_blocked, id=9072, stack(0x000000ee36000000,0x000000ee36100000)]
  0x000002ed5ec0a6e0 JavaThread "Sweeper thread" daemon [_thread_blocked, id=5556, stack(0x000000ee36100000,0x000000ee36200000)]
  0x000002ed631d8860 JavaThread "Notification Thread" daemon [_thread_blocked, id=1140, stack(0x000000ee36300000,0x000000ee36400000)]
  0x000002ed631e9800 JavaThread "Common-Cleaner" daemon [_thread_blocked, id=10344, stack(0x000000ee36500000,0x000000ee36600000)]
  0x000002ed63a3b040 JavaThread "boundedElastic-evictor-1" daemon [_thread_blocked, id=11580, stack(0x000000ee36700000,0x000000ee36800000)]
  0x000002ed646be020 JavaThread "pool-13-thread-1" [_thread_blocked, id=6024, stack(0x000000ee36800000,0x000000ee36900000)]
  0x000002ed646be500 JavaThread "LanguageServerApp-lifecycle" [_thread_blocked, id=2548, stack(0x000000ee36900000,0x000000ee36a00000)]
  0x000002ed54a79570 JavaThread "DestroyJavaVM" [_thread_blocked, id=6460, stack(0x000000ee35300000,0x000000ee35400000)]
  0x000002ed63b5ddd0 JavaThread "pool-14-thread-1" [_thread_in_native, id=5088, stack(0x000000ee36a00000,0x000000ee36b00000)]
  0x000002ed63112ce0 JavaThread "Simple-Language-Server main thread" daemon [_thread_blocked, id=12396, stack(0x000000ee36b00000,0x000000ee36c00000)]
  0x000002ed63bce580 JavaThread "pool-8-thread-1" [_thread_blocked, id=7872, stack(0x000000ee36e00000,0x000000ee36f00000)]
  0x000002ed63bcefa0 JavaThread "parallel-1" daemon [_thread_blocked, id=14468, stack(0x000000ee36f00000,0x000000ee37000000)]
  0x000002ed63bce070 JavaThread "pool-6-thread-1" [_thread_blocked, id=9520, stack(0x000000ee37000000,0x000000ee37100000)]
  0x000002ed63bcea90 JavaThread "parallel-2" daemon [_thread_blocked, id=10472, stack(0x000000ee37100000,0x000000ee37200000)]
  0x000002ed63bcc210 JavaThread "Reconciler-1" daemon [_thread_blocked, id=10288, stack(0x000000ee37300000,0x000000ee37400000)]
  0x000002ed64328bc0 JavaThread "OkHttp api.spring.io" daemon [_thread_in_native, id=11832, stack(0x000000ee37b00000,0x000000ee37c00000)]
  0x000002ed6432f100 JavaThread "OkHttp api.spring.io" daemon [_thread_in_native, id=2168, stack(0x000000ee37c00000,0x000000ee37d00000)]
  0x000002ed643290d0 JavaThread "OkHttp TaskRunner" daemon [_thread_blocked, id=468, stack(0x000000ee38200000,0x000000ee38300000)]
  0x000002ed6432e6e0 JavaThread "OkHttp api.spring.io" daemon [_thread_in_native, id=10696, stack(0x000000ee38300000,0x000000ee38400000)]

Other Threads:
=>0x000002ed5eb786a0 VMThread "VM Thread" [stack: 0x000000ee35900000,0x000000ee35a00000] [id=12696]
  0x000002ed631d8d40 WatcherThread [stack: 0x000000ee36400000,0x000000ee36500000] [id=9176]
  0x000002ed54ab5c90 GCTaskThread "GC Thread#0" [stack: 0x000000ee35400000,0x000000ee35500000] [id=3880]
  0x000002ed633fe870 GCTaskThread "GC Thread#1" [stack: 0x000000ee36600000,0x000000ee36700000] [id=10844]
  0x000002ed54abebe0 ConcurrentGCThread "G1 Main Marker" [stack: 0x000000ee35500000,0x000000ee35600000] [id=12536]
  0x000002ed54abf600 ConcurrentGCThread "G1 Conc#0" [stack: 0x000000ee35600000,0x000000ee35700000] [id=7268]
  0x000002ed54af3ba0 ConcurrentGCThread "G1 Refine#0" [stack: 0x000000ee35700000,0x000000ee35800000] [id=10084]
  0x000002ed54af45d0 ConcurrentGCThread "G1 Service" [stack: 0x000000ee35800000,0x000000ee35900000] [id=11756]

Threads with active compile tasks:

VM state: at safepoint (normal execution)

VM Mutex/Monitor currently owned by a thread:  ([mutex/lock_event])
[0x000002ed529cc780] Threads_lock - owner thread: 0x000002ed5eb786a0
[0x000002ed54a75c90] Heap_lock - owner thread: 0x000002ed646be020

Heap address: 0x00000000c0000000, size: 1024 MB, Compressed Oops mode: 32-bit

CDS archive(s) not mapped
Compressed class space mapped at: 0x0000000100000000-0x0000000140000000, reserved size: 1073741824
Narrow klass base: 0x0000000000000000, Narrow klass shift: 3, Narrow klass range: 0x140000000

GC Precious Log:
 CPUs: 2 total, 2 available
 Memory: 3924M
 Large Page Support: Disabled
 NUMA Support: Disabled
 Compressed Oops: Enabled (32-bit)
 Heap Region Size: 1M
 Heap Min Capacity: 8M
 Heap Initial Capacity: 62M
 Heap Max Capacity: 1G
 Pre-touch: Disabled
 Parallel Workers: 2
 Concurrent Workers: 1
 Concurrent Refinement Workers: 2
 Periodic GC: Disabled

Heap:
 garbage-first heap   total 76800K, used 34013K [0x00000000c0000000, 0x0000000100000000)
  region size 1024K, 1 young (1024K), 0 survivors (0K)
 Metaspace       used 58710K, committed 59456K, reserved 1114112K
  class space    used 7257K, committed 7552K, reserved 1048576K

Heap Regions: E=young(eden), S=young(survivor), O=old, HS=humongous(starts), HC=humongous(continues), CS=collection set, F=free, OA=open archive, CA=closed archive, TAMS=top-at-mark-start (previous, next)
|   0|0x00000000c0000000, 0x00000000c00f9670, 0x00000000c0100000| 97%| O|  |TAMS 0x00000000c00f9670, 0x00000000c0000000| Untracked 
|   1|0x00000000c0100000, 0x00000000c0200000, 0x00000000c0200000|100%| O|  |TAMS 0x00000000c0200000, 0x00000000c0100000| Untracked 
|   2|0x00000000c0200000, 0x00000000c0300000, 0x00000000c0300000|100%| O|  |TAMS 0x00000000c0300000, 0x00000000c0200000| Untracked 
|   3|0x00000000c0300000, 0x00000000c0400000, 0x00000000c0400000|100%|HS|  |TAMS 0x00000000c0400000, 0x00000000c0300000| Untracked 
|   4|0x00000000c0400000, 0x00000000c0500000, 0x00000000c0500000|100%|HC|  |TAMS 0x00000000c0500000, 0x00000000c0400000| Untracked 
|   5|0x00000000c0500000, 0x00000000c0600000, 0x00000000c0600000|100%|HC|  |TAMS 0x00000000c0600000, 0x00000000c0500000| Untracked 
|   6|0x00000000c0600000, 0x00000000c0700000, 0x00000000c0700000|100%|HC|  |TAMS 0x00000000c0700000, 0x00000000c0600000| Untracked 
|   7|0x00000000c0700000, 0x00000000c07ff170, 0x00000000c0800000| 99%| O|  |TAMS 0x00000000c07ff170, 0x00000000c0700000| Untracked 
|   8|0x00000000c0800000, 0x00000000c08fffe8, 0x00000000c0900000| 99%| O|  |TAMS 0x00000000c08fffe8, 0x00000000c0800000| Untracked 
|   9|0x00000000c0900000, 0x00000000c0a00000, 0x00000000c0a00000|100%| O|  |TAMS 0x00000000c0a00000, 0x00000000c0900000| Untracked 
|  10|0x00000000c0a00000, 0x00000000c0b00000, 0x00000000c0b00000|100%|HS|  |TAMS 0x00000000c0b00000, 0x00000000c0a00000| Untracked 
|  11|0x00000000c0b00000, 0x00000000c0c00000, 0x00000000c0c00000|100%|HC|  |TAMS 0x00000000c0c00000, 0x00000000c0b00000| Untracked 
|  12|0x00000000c0c00000, 0x00000000c0d00000, 0x00000000c0d00000|100%| O|  |TAMS 0x00000000c0d00000, 0x00000000c0c00000| Untracked 
|  13|0x00000000c0d00000, 0x00000000c0e00000, 0x00000000c0e00000|100%| O|  |TAMS 0x00000000c0e00000, 0x00000000c0d00000| Untracked 
|  14|0x00000000c0e00000, 0x00000000c0f00000, 0x00000000c0f00000|100%| O|  |TAMS 0x00000000c0f00000, 0x00000000c0e00000| Untracked 
|  15|0x00000000c0f00000, 0x00000000c0ffffd0, 0x00000000c1000000| 99%| O|  |TAMS 0x00000000c0ffffd0, 0x00000000c0f00000| Untracked 
|  16|0x00000000c1000000, 0x00000000c10fffe8, 0x00000000c1100000| 99%| O|  |TAMS 0x00000000c10fffe8, 0x00000000c1000000| Untracked 
|  17|0x00000000c1100000, 0x00000000c11fffe0, 0x00000000c1200000| 99%| O|  |TAMS 0x00000000c11fffe0, 0x00000000c1100000| Untracked 
|  18|0x00000000c1200000, 0x00000000c12ffff8, 0x00000000c1300000| 99%| O|  |TAMS 0x00000000c12ffff8, 0x00000000c1200000| Untracked 
|  19|0x00000000c1300000, 0x00000000c13fffc8, 0x00000000c1400000| 99%| O|  |TAMS 0x00000000c13fffc8, 0x00000000c1300000| Untracked 
|  20|0x00000000c1400000, 0x00000000c14fffe0, 0x00000000c1500000| 99%| O|  |TAMS 0x00000000c14fffe0, 0x00000000c1400000| Untracked 
|  21|0x00000000c1500000, 0x00000000c15ffff8, 0x00000000c1600000| 99%| O|  |TAMS 0x00000000c15ffff8, 0x00000000c1500000| Untracked 
|  22|0x00000000c1600000, 0x00000000c1700000, 0x00000000c1700000|100%| O|  |TAMS 0x00000000c1700000, 0x00000000c1600000| Untracked 
|  23|0x00000000c1700000, 0x00000000c17fffd8, 0x00000000c1800000| 99%| O|  |TAMS 0x00000000c17fffd8, 0x00000000c1700000| Untracked 
|  24|0x00000000c1800000, 0x00000000c18fea58, 0x00000000c1900000| 99%| O|  |TAMS 0x00000000c18fea58, 0x00000000c1800000| Untracked 
|  25|0x00000000c1900000, 0x00000000c19fffe8, 0x00000000c1a00000| 99%| O|  |TAMS 0x00000000c19fffe8, 0x00000000c1900000| Untracked 
|  26|0x00000000c1a00000, 0x00000000c1afffe0, 0x00000000c1b00000| 99%| O|  |TAMS 0x00000000c1afffe0, 0x00000000c1a00000| Untracked 
|  27|0x00000000c1b00000, 0x00000000c1bffff8, 0x00000000c1c00000| 99%| O|  |TAMS 0x00000000c1bffff8, 0x00000000c1b00000| Untracked 
|  28|0x00000000c1c00000, 0x00000000c1d00000, 0x00000000c1d00000|100%| O|  |TAMS 0x00000000c1d00000, 0x00000000c1c00000| Untracked 
|  29|0x00000000c1d00000, 0x00000000c1d68928, 0x00000000c1e00000| 40%| O|  |TAMS 0x00000000c1d00000, 0x00000000c1d00000| Untracked 
|  30|0x00000000c1e00000, 0x00000000c1f00000, 0x00000000c1f00000|100%| O|  |TAMS 0x00000000c1f00000, 0x00000000c1e00000| Untracked 
|  31|0x00000000c1f00000, 0x00000000c1fd7af0, 0x00000000c2000000| 84%| O|  |TAMS 0x00000000c1f00000, 0x00000000c1f00000| Untracked 
|  32|0x00000000c2000000, 0x00000000c2000000, 0x00000000c2100000|  0%| F|  |TAMS 0x00000000c2000000, 0x00000000c2000000| Untracked 
|  33|0x00000000c2100000, 0x00000000c2100000, 0x00000000c2200000|  0%| F|  |TAMS 0x00000000c2100000, 0x00000000c2100000| Untracked 
|  34|0x00000000c2200000, 0x00000000c2200000, 0x00000000c2300000|  0%| F|  |TAMS 0x00000000c2200000, 0x00000000c2200000| Untracked 
|  35|0x00000000c2300000, 0x00000000c2300000, 0x00000000c2400000|  0%| F|  |TAMS 0x00000000c2300000, 0x00000000c2300000| Untracked 
|  36|0x00000000c2400000, 0x00000000c2500000, 0x00000000c2500000|100%| O|  |TAMS 0x00000000c2500000, 0x00000000c2400000| Untracked 
|  37|0x00000000c2500000, 0x00000000c2600000, 0x00000000c2600000|100%| O|  |TAMS 0x00000000c2600000, 0x00000000c2500000| Untracked 
|  38|0x00000000c2600000, 0x00000000c2600000, 0x00000000c2700000|  0%| F|  |TAMS 0x00000000c2600000, 0x00000000c2600000| Untracked 
|  39|0x00000000c2700000, 0x00000000c2700000, 0x00000000c2800000|  0%| F|  |TAMS 0x00000000c2700000, 0x00000000c2700000| Untracked 
|  40|0x00000000c2800000, 0x00000000c2800000, 0x00000000c2900000|  0%| F|  |TAMS 0x00000000c2800000, 0x00000000c2800000| Untracked 
|  41|0x00000000c2900000, 0x00000000c2900000, 0x00000000c2a00000|  0%| F|  |TAMS 0x00000000c2900000, 0x00000000c2900000| Untracked 
|  42|0x00000000c2a00000, 0x00000000c2a00000, 0x00000000c2b00000|  0%| F|  |TAMS 0x00000000c2a00000, 0x00000000c2a00000| Untracked 
|  43|0x00000000c2b00000, 0x00000000c2b00000, 0x00000000c2c00000|  0%| F|  |TAMS 0x00000000c2b00000, 0x00000000c2b00000| Untracked 
|  44|0x00000000c2c00000, 0x00000000c2c00000, 0x00000000c2d00000|  0%| F|  |TAMS 0x00000000c2c00000, 0x00000000c2c00000| Untracked 
|  45|0x00000000c2d00000, 0x00000000c2d00000, 0x00000000c2e00000|  0%| F|  |TAMS 0x00000000c2d00000, 0x00000000c2d00000| Untracked 
|  46|0x00000000c2e00000, 0x00000000c2e00000, 0x00000000c2f00000|  0%| F|  |TAMS 0x00000000c2e00000, 0x00000000c2e00000| Untracked 
|  47|0x00000000c2f00000, 0x00000000c2f00000, 0x00000000c3000000|  0%| F|  |TAMS 0x00000000c2f00000, 0x00000000c2f00000| Untracked 
|  48|0x00000000c3000000, 0x00000000c3000000, 0x00000000c3100000|  0%| F|  |TAMS 0x00000000c3000000, 0x00000000c3000000| Untracked 
|  49|0x00000000c3100000, 0x00000000c3100000, 0x00000000c3200000|  0%| F|  |TAMS 0x00000000c3100000, 0x00000000c3100000| Untracked 
|  50|0x00000000c3200000, 0x00000000c3200000, 0x00000000c3300000|  0%| F|  |TAMS 0x00000000c3200000, 0x00000000c3200000| Untracked 
|  51|0x00000000c3300000, 0x00000000c3300000, 0x00000000c3400000|  0%| F|  |TAMS 0x00000000c3300000, 0x00000000c3300000| Untracked 
|  52|0x00000000c3400000, 0x00000000c3400000, 0x00000000c3500000|  0%| F|  |TAMS 0x00000000c3400000, 0x00000000c3400000| Untracked 
|  53|0x00000000c3500000, 0x00000000c3500000, 0x00000000c3600000|  0%| F|  |TAMS 0x00000000c3500000, 0x00000000c3500000| Untracked 
|  54|0x00000000c3600000, 0x00000000c3600000, 0x00000000c3700000|  0%| F|  |TAMS 0x00000000c3600000, 0x00000000c3600000| Untracked 
|  55|0x00000000c3700000, 0x00000000c3700000, 0x00000000c3800000|  0%| F|  |TAMS 0x00000000c3700000, 0x00000000c3700000| Untracked 
|  56|0x00000000c3800000, 0x00000000c3800000, 0x00000000c3900000|  0%| F|  |TAMS 0x00000000c3800000, 0x00000000c3800000| Untracked 
|  57|0x00000000c3900000, 0x00000000c3900000, 0x00000000c3a00000|  0%| F|  |TAMS 0x00000000c3900000, 0x00000000c3900000| Untracked 
|  58|0x00000000c3a00000, 0x00000000c3a00000, 0x00000000c3b00000|  0%| F|  |TAMS 0x00000000c3a00000, 0x00000000c3a00000| Untracked 
|  59|0x00000000c3b00000, 0x00000000c3b00000, 0x00000000c3c00000|  0%| F|  |TAMS 0x00000000c3b00000, 0x00000000c3b00000| Untracked 
|  60|0x00000000c3c00000, 0x00000000c3c00000, 0x00000000c3d00000|  0%| F|  |TAMS 0x00000000c3c00000, 0x00000000c3c00000| Untracked 
|  61|0x00000000c3d00000, 0x00000000c3d00000, 0x00000000c3e00000|  0%| F|  |TAMS 0x00000000c3d00000, 0x00000000c3d00000| Untracked 
|  62|0x00000000c3e00000, 0x00000000c3e00000, 0x00000000c3f00000|  0%| F|  |TAMS 0x00000000c3e00000, 0x00000000c3e00000| Untracked 
|  63|0x00000000c3f00000, 0x00000000c3f00000, 0x00000000c4000000|  0%| F|  |TAMS 0x00000000c3f00000, 0x00000000c3f00000| Untracked 
|  64|0x00000000c4000000, 0x00000000c4000000, 0x00000000c4100000|  0%| F|  |TAMS 0x00000000c4000000, 0x00000000c4000000| Untracked 
|  65|0x00000000c4100000, 0x00000000c4100000, 0x00000000c4200000|  0%| F|  |TAMS 0x00000000c4100000, 0x00000000c4100000| Untracked 
|  66|0x00000000c4200000, 0x00000000c4200000, 0x00000000c4300000|  0%| F|  |TAMS 0x00000000c4200000, 0x00000000c4200000| Untracked 
|  67|0x00000000c4300000, 0x00000000c4300000, 0x00000000c4400000|  0%| F|  |TAMS 0x00000000c4300000, 0x00000000c4300000| Untracked 
|  68|0x00000000c4400000, 0x00000000c4400000, 0x00000000c4500000|  0%| F|  |TAMS 0x00000000c4400000, 0x00000000c4400000| Untracked 
|  69|0x00000000c4500000, 0x00000000c4500000, 0x00000000c4600000|  0%| F|  |TAMS 0x00000000c4500000, 0x00000000c4500000| Untracked 
|  70|0x00000000c4600000, 0x00000000c4600000, 0x00000000c4700000|  0%| F|  |TAMS 0x00000000c4600000, 0x00000000c4600000| Untracked 
|  71|0x00000000c4700000, 0x00000000c4700000, 0x00000000c4800000|  0%| F|  |TAMS 0x00000000c4700000, 0x00000000c4700000| Untracked 
|  72|0x00000000c4800000, 0x00000000c4800000, 0x00000000c4900000|  0%| F|  |TAMS 0x00000000c4800000, 0x00000000c4800000| Untracked 
|  73|0x00000000c4900000, 0x00000000c4900000, 0x00000000c4a00000|  0%| F|  |TAMS 0x00000000c4900000, 0x00000000c4900000| Untracked 
|  74|0x00000000c4a00000, 0x00000000c4a1ad98, 0x00000000c4b00000| 10%| E|  |TAMS 0x00000000c4a00000, 0x00000000c4a00000| Complete 

Card table byte_map: [0x000002ed546b0000,0x000002ed548b0000] _byte_map_base: 0x000002ed540b0000

Marking Bits (Prev, Next): (CMBitMap*) 0x000002ed54ab62f0, (CMBitMap*) 0x000002ed54ab62b0
 Prev Bits: [0x000002ed5b910000, 0x000002ed5c910000)
 Next Bits: [0x000002ed5a910000, 0x000002ed5b910000)

Polling page: 0x000002ed52910000

Metaspace:

Usage:
  Non-class:     50.25 MB used.
      Class:      7.09 MB used.
       Both:     57.33 MB used.

Virtual space:
  Non-class space:       64.00 MB reserved,      50.69 MB ( 79%) committed,  1 nodes.
      Class space:        1.00 GB reserved,       7.38 MB ( <1%) committed,  1 nodes.
             Both:        1.06 GB reserved,      58.06 MB (  5%) committed. 

Chunk freelists:
   Non-Class:  12.63 MB
       Class:  8.67 MB
        Both:  21.30 MB

MaxMetaspaceSize: unlimited
CompressedClassSpaceSize: 1.00 GB
Initial GC threshold: 21.00 MB
Current GC threshold: 96.81 MB
CDS: off
MetaspaceReclaimPolicy: balanced
 - commit_granule_bytes: 65536.
 - commit_granule_words: 8192.
 - virtual_space_node_default_size: 8388608.
 - enlarge_chunks_in_place: 1.
 - new_chunks_are_fully_committed: 0.
 - uncommit_free_chunks: 1.
 - use_allocation_guard: 0.
 - handle_deallocations: 1.


Internal statistics:

num_allocs_failed_limit: 8.
num_arena_births: 650.
num_arena_deaths: 224.
num_vsnodes_births: 2.
num_vsnodes_deaths: 0.
num_space_committed: 929.
num_space_uncommitted: 0.
num_chunks_returned_to_freelist: 261.
num_chunks_taken_from_freelist: 2491.
num_chunk_merges: 88.
num_chunk_splits: 1752.
num_chunks_enlarged: 1344.
num_inconsistent_stats: 0.

CodeCache: size=49152Kb used=9614Kb max_used=9700Kb free=39537Kb
 bounds [0x000002ed57710000, 0x000002ed58090000, 0x000002ed5a710000]
 total_blobs=5872 nmethods=5201 adapters=599
 compilation: enabled
              stopped_count=0, restarted_count=0
 full_count=0

Compilation events (20 events):
Event: 58.674 Thread 0x000002ed5ebce250 5193       1       com.google.gson.internal.$Gson$Types$ParameterizedTypeImpl::getActualTypeArguments (11 bytes)
Event: 58.675 Thread 0x000002ed5ebce250 nmethod 5193 0x000002ed57842890 code [0x000002ed57842a20, 0x000002ed57842b68]
Event: 58.675 Thread 0x000002ed5ebce250 5194       1       com.google.gson.stream.JsonWriter::beginObject (12 bytes)
Event: 58.675 Thread 0x000002ed5ebce250 nmethod 5194 0x000002ed57842390 code [0x000002ed57842560, 0x000002ed57842728]
Event: 58.675 Thread 0x000002ed5ebce250 5195       1       com.google.gson.stream.JsonWriter::endObject (9 bytes)
Event: 58.676 Thread 0x000002ed5ebce250 nmethod 5195 0x000002ed57842090 code [0x000002ed57842220, 0x000002ed57842308]
Event: 64.290 Thread 0x000002ed5ebce250 5196       1       java.util.concurrent.ThreadPoolExecutor::runStateAtLeast (11 bytes)
Event: 64.290 Thread 0x000002ed5ebce250 nmethod 5196 0x000002ed57841d90 code [0x000002ed57841f20, 0x000002ed57841fd8]
Event: 93.058 Thread 0x000002ed5ebce250 5197       1       jdk.internal.misc.Unsafe::putReferenceOpaque (9 bytes)
Event: 93.059 Thread 0x000002ed5ebce250 nmethod 5197 0x000002ed57841a90 code [0x000002ed57841c20, 0x000002ed57841d38]
Event: 95.080 Thread 0x000002ed5ebce250 5198       1       java.util.concurrent.locks.AbstractQueuedSynchronizer::release (19 bytes)
Event: 95.081 Thread 0x000002ed5ebce250 nmethod 5198 0x000002ed57841590 code [0x000002ed57841740, 0x000002ed57841938]
Event: 118.534 Thread 0x000002ed5ebce250 5199       1       java.util.concurrent.ThreadPoolExecutor::workerCountOf (5 bytes)
Event: 118.534 Thread 0x000002ed5ebce250 nmethod 5199 0x000002ed57841290 code [0x000002ed57841420, 0x000002ed578414d8]
Event: 136.277 Thread 0x000002ed5ebce250 5200       1       java.util.concurrent.locks.LockSupport::setBlocker (12 bytes)
Event: 136.278 Thread 0x000002ed5ebce250 nmethod 5200 0x000002ed57840f90 code [0x000002ed57841120, 0x000002ed57841218]
Event: 203.059 Thread 0x000002ed5ebce250 5201       1       java.util.concurrent.TimeUnit::toNanos (45 bytes)
Event: 203.059 Thread 0x000002ed5ebce250 nmethod 5201 0x000002ed57840b90 code [0x000002ed57840d40, 0x000002ed57840ed8]
Event: 209.120 Thread 0x000002ed5ebce250 5202       1       java.io.BufferedOutputStream::flushBuffer (29 bytes)
Event: 209.121 Thread 0x000002ed5ebce250 nmethod 5202 0x000002ed57840890 code [0x000002ed57840a20, 0x000002ed57840b28]

GC Heap History (20 events):
Event: 167.637 GC heap before
{Heap before GC invocations=27 (full 8):
 garbage-first heap   total 76800K, used 34694K [0x00000000c0000000, 0x0000000100000000)
  region size 1024K, 1 young (1024K), 0 survivors (0K)
 Metaspace       used 58707K, committed 59456K, reserved 1114112K
  class space    used 7257K, committed 7552K, reserved 1048576K
}
Event: 167.701 GC heap after
{Heap after GC invocations=28 (full 9):
 garbage-first heap   total 76800K, used 34694K [0x00000000c0000000, 0x0000000100000000)
  region size 1024K, 0 young (0K), 0 survivors (0K)
 Metaspace       used 58707K, committed 59456K, reserved 1114112K
  class space    used 7257K, committed 7552K, reserved 1048576K
}
Event: 177.999 GC heap before
{Heap before GC invocations=28 (full 9):
 garbage-first heap   total 76800K, used 34694K [0x00000000c0000000, 0x0000000100000000)
  region size 1024K, 1 young (1024K), 0 survivors (0K)
 Metaspace       used 58707K, committed 59456K, reserved 1114112K
  class space    used 7257K, committed 7552K, reserved 1048576K
}
Event: 178.063 GC heap after
{Heap after GC invocations=29 (full 10):
 garbage-first heap   total 76800K, used 34694K [0x00000000c0000000, 0x0000000100000000)
  region size 1024K, 0 young (0K), 0 survivors (0K)
 Metaspace       used 58707K, committed 59456K, reserved 1114112K
  class space    used 7257K, committed 7552K, reserved 1048576K
}
Event: 188.364 GC heap before
{Heap before GC invocations=29 (full 10):
 garbage-first heap   total 76800K, used 34694K [0x00000000c0000000, 0x0000000100000000)
  region size 1024K, 1 young (1024K), 0 survivors (0K)
 Metaspace       used 58707K, committed 59456K, reserved 1114112K
  class space    used 7257K, committed 7552K, reserved 1048576K
}
Event: 188.432 GC heap after
{Heap after GC invocations=30 (full 11):
 garbage-first heap   total 76800K, used 34694K [0x00000000c0000000, 0x0000000100000000)
  region size 1024K, 0 young (0K), 0 survivors (0K)
 Metaspace       used 58707K, committed 59456K, reserved 1114112K
  class space    used 7257K, committed 7552K, reserved 1048576K
}
Event: 198.763 GC heap before
{Heap before GC invocations=30 (full 11):
 garbage-first heap   total 76800K, used 34694K [0x00000000c0000000, 0x0000000100000000)
  region size 1024K, 1 young (1024K), 0 survivors (0K)
 Metaspace       used 58707K, committed 59456K, reserved 1114112K
  class space    used 7257K, committed 7552K, reserved 1048576K
}
Event: 198.826 GC heap after
{Heap after GC invocations=31 (full 12):
 garbage-first heap   total 76800K, used 34694K [0x00000000c0000000, 0x0000000100000000)
  region size 1024K, 0 young (0K), 0 survivors (0K)
 Metaspace       used 58707K, committed 59456K, reserved 1114112K
  class space    used 7257K, committed 7552K, reserved 1048576K
}
Event: 209.121 GC heap before
{Heap before GC invocations=31 (full 12):
 garbage-first heap   total 76800K, used 34694K [0x00000000c0000000, 0x0000000100000000)
  region size 1024K, 1 young (1024K), 0 survivors (0K)
 Metaspace       used 58707K, committed 59456K, reserved 1114112K
  class space    used 7257K, committed 7552K, reserved 1048576K
}
Event: 209.188 GC heap after
{Heap after GC invocations=32 (full 13):
 garbage-first heap   total 76800K, used 34694K [0x00000000c0000000, 0x0000000100000000)
  region size 1024K, 0 young (0K), 0 survivors (0K)
 Metaspace       used 58707K, committed 59456K, reserved 1114112K
  class space    used 7257K, committed 7552K, reserved 1048576K
}
Event: 220.595 GC heap before
{Heap before GC invocations=32 (full 13):
 garbage-first heap   total 76800K, used 34694K [0x00000000c0000000, 0x0000000100000000)
  region size 1024K, 1 young (1024K), 0 survivors (0K)
 Metaspace       used 58707K, committed 59456K, reserved 1114112K
  class space    used 7257K, committed 7552K, reserved 1048576K
}
Event: 220.668 GC heap after
{Heap after GC invocations=33 (full 14):
 garbage-first heap   total 76800K, used 34694K [0x00000000c0000000, 0x0000000100000000)
  region size 1024K, 0 young (0K), 0 survivors (0K)
 Metaspace       used 58707K, committed 59456K, reserved 1114112K
  class space    used 7257K, committed 7552K, reserved 1048576K
}
Event: 260.991 GC heap before
{Heap before GC invocations=33 (full 14):
 garbage-first heap   total 76800K, used 34694K [0x00000000c0000000, 0x0000000100000000)
  region size 1024K, 1 young (1024K), 0 survivors (0K)
 Metaspace       used 58710K, committed 59456K, reserved 1114112K
  class space    used 7257K, committed 7552K, reserved 1048576K
}
Event: 261.057 GC heap after
{Heap after GC invocations=34 (full 15):
 garbage-first heap   total 76800K, used 34012K [0x00000000c0000000, 0x0000000100000000)
  region size 1024K, 0 young (0K), 0 survivors (0K)
 Metaspace       used 58710K, committed 59456K, reserved 1114112K
  class space    used 7257K, committed 7552K, reserved 1048576K
}
Event: 271.361 GC heap before
{Heap before GC invocations=34 (full 15):
 garbage-first heap   total 76800K, used 34012K [0x00000000c0000000, 0x0000000100000000)
  region size 1024K, 1 young (1024K), 0 survivors (0K)
 Metaspace       used 58710K, committed 59456K, reserved 1114112K
  class space    used 7257K, committed 7552K, reserved 1048576K
}
Event: 271.424 GC heap after
{Heap after GC invocations=35 (full 16):
 garbage-first heap   total 76800K, used 34012K [0x00000000c0000000, 0x0000000100000000)
  region size 1024K, 0 young (0K), 0 survivors (0K)
 Metaspace       used 58710K, committed 59456K, reserved 1114112K
  class space    used 7257K, committed 7552K, reserved 1048576K
}
Event: 281.737 GC heap before
{Heap before GC invocations=35 (full 16):
 garbage-first heap   total 76800K, used 34012K [0x00000000c0000000, 0x0000000100000000)
  region size 1024K, 1 young (1024K), 0 survivors (0K)
 Metaspace       used 58710K, committed 59456K, reserved 1114112K
  class space    used 7257K, committed 7552K, reserved 1048576K
}
Event: 281.802 GC heap after
{Heap after GC invocations=36 (full 17):
 garbage-first heap   total 76800K, used 34012K [0x00000000c0000000, 0x0000000100000000)
  region size 1024K, 0 young (0K), 0 survivors (0K)
 Metaspace       used 58710K, committed 59456K, reserved 1114112K
  class space    used 7257K, committed 7552K, reserved 1048576K
}
Event: 293.577 GC heap before
{Heap before GC invocations=36 (full 17):
 garbage-first heap   total 76800K, used 34012K [0x00000000c0000000, 0x0000000100000000)
  region size 1024K, 1 young (1024K), 0 survivors (0K)
 Metaspace       used 58710K, committed 59456K, reserved 1114112K
  class space    used 7257K, committed 7552K, reserved 1048576K
}
Event: 293.663 GC heap after
{Heap after GC invocations=37 (full 18):
 garbage-first heap   total 76800K, used 34013K [0x00000000c0000000, 0x0000000100000000)
  region size 1024K, 0 young (0K), 0 survivors (0K)
 Metaspace       used 58710K, committed 59456K, reserved 1114112K
  class space    used 7257K, committed 7552K, reserved 1048576K
}

Dll operation events (10 events):
Event: 0.018 Loaded shared library c:\Users\maxim\.vscode\extensions\redhat.java-1.32.0-win32-x64\jre\17.0.11-win32-x86_64\bin\java.dll
Event: 1.013 Loaded shared library C:\Users\maxim\.vscode\extensions\redhat.java-1.32.0-win32-x64\jre\17.0.11-win32-x86_64\bin\net.dll
Event: 1.021 Loaded shared library C:\Users\maxim\.vscode\extensions\redhat.java-1.32.0-win32-x64\jre\17.0.11-win32-x86_64\bin\nio.dll
Event: 1.043 Loaded shared library C:\Users\maxim\.vscode\extensions\redhat.java-1.32.0-win32-x64\jre\17.0.11-win32-x86_64\bin\zip.dll
Event: 2.080 Loaded shared library C:\Users\maxim\.vscode\extensions\redhat.java-1.32.0-win32-x64\jre\17.0.11-win32-x86_64\bin\jimage.dll
Event: 6.653 Loaded shared library c:\Users\maxim\.vscode\extensions\redhat.java-1.32.0-win32-x64\jre\17.0.11-win32-x86_64\bin\verify.dll
Event: 13.380 Loaded shared library C:\Users\maxim\.vscode\extensions\redhat.java-1.32.0-win32-x64\jre\17.0.11-win32-x86_64\bin\management.dll
Event: 13.389 Loaded shared library C:\Users\maxim\.vscode\extensions\redhat.java-1.32.0-win32-x64\jre\17.0.11-win32-x86_64\bin\management_ext.dll
Event: 16.988 Loaded shared library C:\Users\maxim\.vscode\extensions\redhat.java-1.32.0-win32-x64\jre\17.0.11-win32-x86_64\bin\sunmscapi.dll
Event: 18.319 Loaded shared library C:\Users\maxim\.vscode\extensions\redhat.java-1.32.0-win32-x64\jre\17.0.11-win32-x86_64\bin\extnet.dll

Deoptimization events (18 events):
Event: 14.864 Thread 0x000002ed63b5ddd0 DEOPT PACKING pc=0x000002ed57bd7481 sp=0x000000ee36afda50
Event: 14.864 Thread 0x000002ed63b5ddd0 DEOPT UNPACKING pc=0x000002ed57767124 sp=0x000000ee36afcee0 mode 3
Event: 14.950 Thread 0x000002ed63112ce0 DEOPT PACKING pc=0x000002ed57bba197 sp=0x000000ee36bfec90
Event: 14.951 Thread 0x000002ed63112ce0 DEOPT UNPACKING pc=0x000002ed57767124 sp=0x000000ee36bfe0e8 mode 3
Event: 17.486 Thread 0x000002ed6432f610 DEOPT PACKING pc=0x000002ed578fc98c sp=0x000000ee374fac60
Event: 17.486 Thread 0x000002ed6432f610 DEOPT UNPACKING pc=0x000002ed57767124 sp=0x000000ee374fa128 mode 0
Event: 19.553 Thread 0x000002ed63bcc720 DEOPT PACKING pc=0x000002ed57fd3d44 sp=0x000000ee379fd740
Event: 19.553 Thread 0x000002ed63bcc720 DEOPT UNPACKING pc=0x000002ed57767124 sp=0x000000ee379fcde8 mode 0
Event: 56.134 Thread 0x000002ed63b5ddd0 DEOPT PACKING pc=0x000002ed57c9b654 sp=0x000000ee36afed50
Event: 56.134 Thread 0x000002ed63b5ddd0 DEOPT UNPACKING pc=0x000002ed57767124 sp=0x000000ee36afe1f8 mode 0
Event: 58.541 Thread 0x000002ed63bcdb60 DEOPT PACKING pc=0x000002ed57d6b4a4 sp=0x000000ee378fe790
Event: 58.541 Thread 0x000002ed63bcdb60 DEOPT UNPACKING pc=0x000002ed57767124 sp=0x000000ee378fdc78 mode 0
Event: 58.541 Thread 0x000002ed63bcdb60 DEOPT PACKING pc=0x000002ed57d6b4a4 sp=0x000000ee378fed20
Event: 58.541 Thread 0x000002ed63bcdb60 DEOPT UNPACKING pc=0x000002ed57767124 sp=0x000000ee378fe208 mode 0
Event: 58.611 Thread 0x000002ed63bcf4b0 DEOPT PACKING pc=0x000002ed57d6b4a4 sp=0x000000ee372fee80
Event: 58.611 Thread 0x000002ed63bcf4b0 DEOPT UNPACKING pc=0x000002ed57767124 sp=0x000000ee372fe368 mode 0
Event: 58.672 Thread 0x000002ed63bcd650 DEOPT PACKING pc=0x000002ed57d6b4a4 sp=0x000000ee375fef00
Event: 58.673 Thread 0x000002ed63bcd650 DEOPT UNPACKING pc=0x000002ed57767124 sp=0x000000ee375fe3e8 mode 0

Classes unloaded (20 events):
Event: 105.510 Thread 0x000002ed5eb786a0 Unloading class 0x0000000100521400 'java/lang/invoke/LambdaForm$MH+0x0000000100521400'
Event: 105.510 Thread 0x000002ed5eb786a0 Unloading class 0x0000000100521000 'java/lang/invoke/LambdaForm$MH+0x0000000100521000'
Event: 105.510 Thread 0x000002ed5eb786a0 Unloading class 0x0000000100520800 'java/lang/invoke/LambdaForm$MH+0x0000000100520800'
Event: 105.510 Thread 0x000002ed5eb786a0 Unloading class 0x0000000100520400 'java/lang/invoke/LambdaForm$MH+0x0000000100520400'
Event: 105.510 Thread 0x000002ed5eb786a0 Unloading class 0x00000001003bc000 'java/lang/invoke/LambdaForm$MH+0x00000001003bc000'
Event: 105.510 Thread 0x000002ed5eb786a0 Unloading class 0x0000000100096000 'java/lang/invoke/LambdaForm$MH+0x0000000100096000'
Event: 105.510 Thread 0x000002ed5eb786a0 Unloading class 0x0000000100095c00 'java/lang/invoke/LambdaForm$MH+0x0000000100095c00'
Event: 105.510 Thread 0x000002ed5eb786a0 Unloading class 0x0000000100095800 'java/lang/invoke/LambdaForm$MH+0x0000000100095800'
Event: 105.510 Thread 0x000002ed5eb786a0 Unloading class 0x0000000100095400 'java/lang/invoke/LambdaForm$MH+0x0000000100095400'
Event: 105.510 Thread 0x000002ed5eb786a0 Unloading class 0x0000000100095000 'java/lang/invoke/LambdaForm$MH+0x0000000100095000'
Event: 105.510 Thread 0x000002ed5eb786a0 Unloading class 0x0000000100094c00 'java/lang/invoke/LambdaForm$MH+0x0000000100094c00'
Event: 105.510 Thread 0x000002ed5eb786a0 Unloading class 0x0000000100094800 'java/lang/invoke/LambdaForm$MH+0x0000000100094800'
Event: 105.510 Thread 0x000002ed5eb786a0 Unloading class 0x0000000100094400 'java/lang/invoke/LambdaForm$MH+0x0000000100094400'
Event: 105.510 Thread 0x000002ed5eb786a0 Unloading class 0x000000010008e800 'java/lang/invoke/LambdaForm$MH+0x000000010008e800'
Event: 105.510 Thread 0x000002ed5eb786a0 Unloading class 0x000000010008e400 'java/lang/invoke/LambdaForm$MH+0x000000010008e400'
Event: 105.510 Thread 0x000002ed5eb786a0 Unloading class 0x000000010008e000 'java/lang/invoke/LambdaForm$MH+0x000000010008e000'
Event: 105.510 Thread 0x000002ed5eb786a0 Unloading class 0x000000010008dc00 'java/lang/invoke/LambdaForm$MH+0x000000010008dc00'
Event: 105.510 Thread 0x000002ed5eb786a0 Unloading class 0x000000010008d800 'java/lang/invoke/LambdaForm$MH+0x000000010008d800'
Event: 105.510 Thread 0x000002ed5eb786a0 Unloading class 0x000000010008d400 'java/lang/invoke/LambdaForm$MH+0x000000010008d400'
Event: 105.510 Thread 0x000002ed5eb786a0 Unloading class 0x000000010008bc00 'java/lang/invoke/LambdaForm$MH+0x000000010008bc00'

Classes redefined (0 events):
No events

Internal exceptions (20 events):
Event: 16.219 Thread 0x000002ed63bce070 Exception <a 'sun/nio/fs/WindowsException'{0x00000000c4205a28}> (0x00000000c4205a28) 
thrown [s\src\hotspot\share\prims\jni.cpp, line 516]
Event: 16.223 Thread 0x000002ed63bce070 Exception <a 'sun/nio/fs/WindowsException'{0x00000000c420ca68}> (0x00000000c420ca68) 
thrown [s\src\hotspot\share\prims\jni.cpp, line 516]
Event: 16.225 Thread 0x000002ed63bce070 Exception <a 'sun/nio/fs/WindowsException'{0x00000000c420d4f8}> (0x00000000c420d4f8) 
thrown [s\src\hotspot\share\prims\jni.cpp, line 516]
Event: 16.252 Thread 0x000002ed63bce070 Exception <a 'sun/nio/fs/WindowsException'{0x00000000c420df38}> (0x00000000c420df38) 
thrown [s\src\hotspot\share\prims\jni.cpp, line 516]
Event: 16.255 Thread 0x000002ed63bce070 Exception <a 'sun/nio/fs/WindowsException'{0x00000000c420e9c8}> (0x00000000c420e9c8) 
thrown [s\src\hotspot\share\prims\jni.cpp, line 516]
Event: 16.267 Thread 0x000002ed63bce070 Exception <a 'sun/nio/fs/WindowsException'{0x00000000c420f528}> (0x00000000c420f528) 
thrown [s\src\hotspot\share\prims\jni.cpp, line 516]
Event: 16.267 Thread 0x000002ed63bce070 Exception <a 'sun/nio/fs/WindowsException'{0x00000000c42100f0}> (0x00000000c42100f0) 
thrown [s\src\hotspot\share\prims\jni.cpp, line 516]
Event: 16.284 Thread 0x000002ed63bcc210 Exception <a 'java/lang/NoSuchMethodError'{0x00000000c42c7528}: 'java.lang.Object java.lang.invoke.DirectMethodHandle$Holder.newInvokeSpecial(java.lang.Object, java.lang.Object, java.lang.Object, java.lang.Object, java.lang.Object, long)'> (0x00000000c42c7528) 
thrown [s\src\hotspot\share\interpreter\linkResolver.cpp, line 759]
Event: 16.285 Thread 0x000002ed63bcc210 Exception <a 'java/lang/NoSuchMethodError'{0x00000000c42cbb98}: 'java.lang.Object java.lang.invoke.DirectMethodHandle$Holder.invokeSpecial(java.lang.Object, java.lang.Object, java.lang.Object, java.lang.Object, java.lang.Object, java.lang.Object, long)'> (0x00000000c42cbb98) 
thrown [s\src\hotspot\share\interpreter\linkResolver.cpp, line 759]
Event: 16.385 Thread 0x000002ed6432f610 Exception <a 'java/lang/NoSuchMethodError'{0x00000000c3f1bf28}: 'void java.lang.invoke.DirectMethodHandle$Holder.invokeVirtual(java.lang.Object, java.lang.Object, java.lang.Object, java.lang.Object)'> (0x00000000c3f1bf28) 
thrown [s\src\hotspot\share\interpreter\linkResolver.cpp, line 759]
Event: 16.752 Thread 0x000002ed6432f610 Exception <a 'java/lang/NoSuchMethodError'{0x00000000c339b3d0}: 'java.lang.Object java.lang.invoke.DirectMethodHandle$Holder.invokeStatic(java.lang.Object, java.lang.Object, int, java.lang.Object)'> (0x00000000c339b3d0) 
thrown [s\src\hotspot\share\interpreter\linkResolver.cpp, line 759]
Event: 16.753 Thread 0x000002ed6432f610 Exception <a 'java/lang/NoSuchMethodError'{0x00000000c33a17b0}: 'java.lang.Object java.lang.invoke.DirectMethodHandle$Holder.newInvokeSpecial(java.lang.Object, java.lang.Object, int)'> (0x00000000c33a17b0) 
thrown [s\src\hotspot\share\interpreter\linkResolver.cpp, line 759]
Event: 17.002 Thread 0x000002ed63bcc720 Exception <a 'java/lang/NoSuchMethodError'{0x00000000c49cb378}: 'java.lang.Object java.lang.invoke.Invokers$Holder.invoke_MT(java.lang.Object, java.lang.Object, java.lang.Object)'> (0x00000000c49cb378) 
thrown [s\src\hotspot\share\interpreter\linkResolver.cpp, line 759]
Event: 17.466 Thread 0x000002ed6432f610 Exception <a 'sun/nio/fs/WindowsException'{0x00000000c3d49758}> (0x00000000c3d49758) 
thrown [s\src\hotspot\share\prims\jni.cpp, line 516]
Event: 18.982 Thread 0x000002ed63bcc720 Exception <a 'java/lang/IncompatibleClassChangeError'{0x00000000c3a8be58}: Found class java.lang.Object, but interface was expected> (0x00000000c3a8be58) 
thrown [s\src\hotspot\share\interpreter\linkResolver.cpp, line 826]
Event: 19.329 Thread 0x000002ed63bcc720 Exception <a 'java/lang/NoSuchMethodError'{0x00000000c441cc88}: 'int java.lang.invoke.DirectMethodHandle$Holder.invokeSpecialIFC(java.lang.Object, java.lang.Object, java.lang.Object)'> (0x00000000c441cc88) 
thrown [s\src\hotspot\share\interpreter\linkResolver.cpp, line 759]
Event: 20.073 Thread 0x000002ed63bcc720 Exception <a 'java/lang/NoSuchMethodError'{0x00000000c3cf5230}: 'int java.lang.invoke.DirectMethodHandle$Holder.invokeStatic(java.lang.Object, int, java.lang.Object)'> (0x00000000c3cf5230) 
thrown [s\src\hotspot\share\interpreter\linkResolver.cpp, line 759]
Event: 20.976 Thread 0x000002ed63bcd140 Exception <a 'java/lang/NoSuchMethodError'{0x00000000c4229b58}: 'void java.lang.invoke.DirectMethodHandle$Holder.invokeStatic(java.lang.Object, java.lang.Object, java.lang.Object, java.lang.Object, java.lang.Object, java.lang.Object, java.lang.Object)'> (0x00000000c4229b58) 
thrown [s\src\hotspot\share\interpreter\linkResolver.cpp, line 759]
Event: 53.352 Thread 0x000002ed646be020 Exception <a 'java/lang/NoSuchMethodError'{0x00000000c3fc01d0}: 'void java.lang.invoke.DirectMethodHandle$Holder.invokeStatic(java.lang.Object, long)'> (0x00000000c3fc01d0) 
thrown [s\src\hotspot\share\interpreter\linkResolver.cpp, line 759]
Event: 53.358 Thread 0x000002ed646be020 Exception <a 'java/lang/NoSuchMethodError'{0x00000000c3fc5580}: 'java.lang.Object java.lang.invoke.DirectMethodHandle$Holder.newInvokeSpecial(java.lang.Object, long)'> (0x00000000c3fc5580) 
thrown [s\src\hotspot\share\interpreter\linkResolver.cpp, line 759]

VM Operations (20 events):
Event: 178.063 Executing VM operation: G1CollectFull done
Event: 188.364 Executing VM operation: G1CollectFull
Event: 188.432 Executing VM operation: G1CollectFull done
Event: 198.763 Executing VM operation: G1CollectFull
Event: 198.826 Executing VM operation: G1CollectFull done
Event: 209.121 Executing VM operation: G1CollectFull
Event: 209.188 Executing VM operation: G1CollectFull done
Event: 220.595 Executing VM operation: G1CollectFull
Event: 220.668 Executing VM operation: G1CollectFull done
Event: 221.669 Executing VM operation: Cleanup
Event: 221.669 Executing VM operation: Cleanup done
Event: 260.991 Executing VM operation: G1CollectFull
Event: 261.057 Executing VM operation: G1CollectFull done
Event: 271.361 Executing VM operation: G1CollectFull
Event: 271.424 Executing VM operation: G1CollectFull done
Event: 281.737 Executing VM operation: G1CollectFull
Event: 281.802 Executing VM operation: G1CollectFull done
Event: 293.577 Executing VM operation: G1CollectFull
Event: 293.663 Executing VM operation: G1CollectFull done
Event: 304.588 Executing VM operation: G1CollectFull

Events (20 events):
Event: 58.444 Thread 0x000002ed6432b440 Thread exited: 0x000002ed6432b440
Event: 58.513 loading class java/util/stream/SliceOps
Event: 58.514 loading class java/util/stream/SliceOps done
Event: 58.514 loading class java/util/stream/SliceOps$1
Event: 58.515 loading class java/util/stream/SliceOps$1 done
Event: 58.532 loading class java/util/stream/SliceOps$1$1
Event: 58.533 loading class java/util/stream/SliceOps$1$1 done
Event: 74.954 Thread 0x000002ed631131c0 Thread exited: 0x000002ed631131c0
Event: 76.524 Thread 0x000002ed63bcf9c0 Thread exited: 0x000002ed63bcf9c0
Event: 79.402 Thread 0x000002ed6432fb20 Thread exited: 0x000002ed6432fb20
Event: 79.405 Thread 0x000002ed6432d2a0 Thread exited: 0x000002ed6432d2a0
Event: 81.896 Thread 0x000002ed6432e1d0 Thread exited: 0x000002ed6432e1d0
Event: 82.102 Thread 0x000002ed6432dcc0 Thread exited: 0x000002ed6432dcc0
Event: 82.124 Thread 0x000002ed6432d7b0 Thread exited: 0x000002ed6432d7b0
Event: 118.456 Thread 0x000002ed63bccc30 Thread exited: 0x000002ed63bccc30
Event: 118.460 Thread 0x000002ed63bcc720 Thread exited: 0x000002ed63bcc720
Event: 118.534 Thread 0x000002ed6432c880 Thread exited: 0x000002ed6432c880
Event: 118.542 Thread 0x000002ed63bcdb60 Thread exited: 0x000002ed63bcdb60
Event: 118.621 Thread 0x000002ed63bcf4b0 Thread exited: 0x000002ed63bcf4b0
Event: 118.678 Thread 0x000002ed63bcd650 Thread exited: 0x000002ed63bcd650


Dynamic libraries:
0x00007ff6837f0000 - 0x00007ff6837fe000 	c:\Users\maxim\.vscode\extensions\redhat.java-1.32.0-win32-x64\jre\17.0.11-win32-x86_64\bin\java.exe
0x00007ffd522b0000 - 0x00007ffd524a8000 	C:\Windows\SYSTEM32\ntdll.dll
0x00007ffd515c0000 - 0x00007ffd51681000 	C:\Windows\System32\KERNEL32.DLL
0x00007ffd4fa00000 - 0x00007ffd4fcf6000 	C:\Windows\System32\KERNELBASE.dll
0x00007ffd4fea0000 - 0x00007ffd4ffa0000 	C:\Windows\System32\ucrtbase.dll
0x00007ffd493c0000 - 0x00007ffd493d7000 	c:\Users\maxim\.vscode\extensions\redhat.java-1.32.0-win32-x64\jre\17.0.11-win32-x86_64\bin\jli.dll
0x00007ffd50600000 - 0x00007ffd5079f000 	C:\Windows\System32\USER32.dll
0x00007ffd4fd70000 - 0x00007ffd4fd92000 	C:\Windows\System32\win32u.dll
0x00007ffd50490000 - 0x00007ffd504bb000 	C:\Windows\System32\GDI32.dll
0x00007ffd4ffa0000 - 0x00007ffd500b7000 	C:\Windows\System32\gdi32full.dll
0x00007ffd4f960000 - 0x00007ffd4f9fd000 	C:\Windows\System32\msvcp_win.dll
0x00007ffd38d70000 - 0x00007ffd3900a000 	C:\Windows\WinSxS\amd64_microsoft.windows.common-controls_6595b64144ccf1df_6.0.19041.4355_none_60b8b9eb71f62e16\COMCTL32.dll
0x00007ffd514c0000 - 0x00007ffd5155e000 	C:\Windows\System32\msvcrt.dll
0x00007ffd49230000 - 0x00007ffd4924b000 	c:\Users\maxim\.vscode\extensions\redhat.java-1.32.0-win32-x64\jre\17.0.11-win32-x86_64\bin\VCRUNTIME140.dll
0x00007ffd504c0000 - 0x00007ffd504ef000 	C:\Windows\System32\IMM32.DLL
0x00007ffd499f0000 - 0x00007ffd499fc000 	c:\Users\maxim\.vscode\extensions\redhat.java-1.32.0-win32-x64\jre\17.0.11-win32-x86_64\bin\vcruntime140_1.dll
0x00007ffd36290000 - 0x00007ffd3631d000 	c:\Users\maxim\.vscode\extensions\redhat.java-1.32.0-win32-x64\jre\17.0.11-win32-x86_64\bin\msvcp140.dll
0x00007ffcfd590000 - 0x00007ffcfe1f2000 	c:\Users\maxim\.vscode\extensions\redhat.java-1.32.0-win32-x64\jre\17.0.11-win32-x86_64\bin\server\jvm.dll
0x00007ffd509d0000 - 0x00007ffd50a80000 	C:\Windows\System32\ADVAPI32.dll
0x00007ffd50a90000 - 0x00007ffd50b30000 	C:\Windows\System32\sechost.dll
0x00007ffd508a0000 - 0x00007ffd509c3000 	C:\Windows\System32\RPCRT4.dll
0x00007ffd502b0000 - 0x00007ffd502d7000 	C:\Windows\System32\bcrypt.dll
0x00007ffd4f7b0000 - 0x00007ffd4f7fb000 	C:\Windows\SYSTEM32\POWRPROF.dll
0x00007ffd3c270000 - 0x00007ffd3c279000 	C:\Windows\SYSTEM32\WSOCK32.dll
0x00007ffd513c0000 - 0x00007ffd5142b000 	C:\Windows\System32\WS2_32.dll
0x00007ffd3b9a0000 - 0x00007ffd3b9c7000 	C:\Windows\SYSTEM32\WINMM.dll
0x00007ffd47a80000 - 0x00007ffd47a8a000 	C:\Windows\SYSTEM32\VERSION.dll
0x00007ffd4f790000 - 0x00007ffd4f7a2000 	C:\Windows\SYSTEM32\UMPDC.dll
0x00007ffd4d700000 - 0x00007ffd4d712000 	C:\Windows\SYSTEM32\kernel.appcore.dll
0x00007ffd49470000 - 0x00007ffd4947a000 	c:\Users\maxim\.vscode\extensions\redhat.java-1.32.0-win32-x64\jre\17.0.11-win32-x86_64\bin\jimage.dll
0x00007ffd4b3b0000 - 0x00007ffd4b594000 	C:\Windows\SYSTEM32\DBGHELP.DLL
0x00007ffd46de0000 - 0x00007ffd46e14000 	C:\Windows\SYSTEM32\dbgcore.DLL
0x00007ffd50220000 - 0x00007ffd502a2000 	C:\Windows\System32\bcryptPrimitives.dll
0x00007ffd48a20000 - 0x00007ffd48a45000 	c:\Users\maxim\.vscode\extensions\redhat.java-1.32.0-win32-x64\jre\17.0.11-win32-x86_64\bin\java.dll
0x00007ffd48a00000 - 0x00007ffd48a18000 	c:\Users\maxim\.vscode\extensions\redhat.java-1.32.0-win32-x64\jre\17.0.11-win32-x86_64\bin\zip.dll
0x00007ffd50b30000 - 0x00007ffd5129c000 	C:\Windows\System32\SHELL32.dll
0x00007ffd4d9e0000 - 0x00007ffd4e17e000 	C:\Windows\SYSTEM32\windows.storage.dll
0x00007ffd517c0000 - 0x00007ffd51b13000 	C:\Windows\System32\combase.dll
0x00007ffd4f2b0000 - 0x00007ffd4f2de000 	C:\Windows\SYSTEM32\Wldp.dll
0x00007ffd520f0000 - 0x00007ffd521bd000 	C:\Windows\System32\OLEAUT32.dll
0x00007ffd521c0000 - 0x00007ffd5226d000 	C:\Windows\System32\SHCORE.dll
0x00007ffd50840000 - 0x00007ffd50895000 	C:\Windows\System32\shlwapi.dll
0x00007ffd4f890000 - 0x00007ffd4f8b4000 	C:\Windows\SYSTEM32\profapi.dll
0x00007ffd489b0000 - 0x00007ffd489c9000 	C:\Users\maxim\.vscode\extensions\redhat.java-1.32.0-win32-x64\jre\17.0.11-win32-x86_64\bin\net.dll
0x00007ffd46560000 - 0x00007ffd4666a000 	C:\Windows\SYSTEM32\WINHTTP.dll
0x00007ffd4f010000 - 0x00007ffd4f07a000 	C:\Windows\system32\mswsock.dll
0x00007ffd48790000 - 0x00007ffd487a6000 	C:\Users\maxim\.vscode\extensions\redhat.java-1.32.0-win32-x64\jre\17.0.11-win32-x86_64\bin\nio.dll
0x00007ffd492f0000 - 0x00007ffd49300000 	c:\Users\maxim\.vscode\extensions\redhat.java-1.32.0-win32-x64\jre\17.0.11-win32-x86_64\bin\verify.dll
0x00007ffd4f210000 - 0x00007ffd4f228000 	C:\Windows\SYSTEM32\CRYPTSP.dll
0x00007ffd4e930000 - 0x00007ffd4e964000 	C:\Windows\system32\rsaenh.dll
0x00007ffd4f800000 - 0x00007ffd4f82e000 	C:\Windows\SYSTEM32\USERENV.dll
0x00007ffd4f200000 - 0x00007ffd4f20c000 	C:\Windows\SYSTEM32\CRYPTBASE.dll
0x00007ffd4ecf0000 - 0x00007ffd4ed2b000 	C:\Windows\SYSTEM32\IPHLPAPI.DLL
0x00007ffd50a80000 - 0x00007ffd50a88000 	C:\Windows\System32\NSI.dll
0x00007ffd47bc0000 - 0x00007ffd47bd7000 	C:\Windows\SYSTEM32\dhcpcsvc6.DLL
0x00007ffd47ba0000 - 0x00007ffd47bbd000 	C:\Windows\SYSTEM32\dhcpcsvc.DLL
0x00007ffd4ed30000 - 0x00007ffd4edfa000 	C:\Windows\SYSTEM32\DNSAPI.dll
0x00007ffd48780000 - 0x00007ffd48789000 	C:\Users\maxim\.vscode\extensions\redhat.java-1.32.0-win32-x64\jre\17.0.11-win32-x86_64\bin\management.dll
0x00007ffd485d0000 - 0x00007ffd485db000 	C:\Users\maxim\.vscode\extensions\redhat.java-1.32.0-win32-x64\jre\17.0.11-win32-x86_64\bin\management_ext.dll
0x00007ffd507a0000 - 0x00007ffd507a8000 	C:\Windows\System32\PSAPI.DLL
0x00007ffd492d0000 - 0x00007ffd492de000 	C:\Users\maxim\.vscode\extensions\redhat.java-1.32.0-win32-x64\jre\17.0.11-win32-x86_64\bin\sunmscapi.dll
0x00007ffd500c0000 - 0x00007ffd5021e000 	C:\Windows\System32\CRYPT32.dll
0x00007ffd4f320000 - 0x00007ffd4f349000 	C:\Windows\SYSTEM32\ncrypt.dll
0x00007ffd4f2e0000 - 0x00007ffd4f31b000 	C:\Windows\SYSTEM32\NTASN1.dll
0x00007ffd3d150000 - 0x00007ffd3d15a000 	C:\Windows\System32\rasadhlp.dll
0x00007ffd3d4d0000 - 0x00007ffd3d550000 	C:\Windows\System32\fwpuclnt.dll
0x00007ffd492e0000 - 0x00007ffd492e9000 	C:\Users\maxim\.vscode\extensions\redhat.java-1.32.0-win32-x64\jre\17.0.11-win32-x86_64\bin\extnet.dll

dbghelp: loaded successfully - version: 4.0.5 - missing functions: none
symbol engine: initialized successfully - sym options: 0x614 - pdb path: .;c:\Users\maxim\.vscode\extensions\redhat.java-1.32.0-win32-x64\jre\17.0.11-win32-x86_64\bin;C:\Windows\SYSTEM32;C:\Windows\WinSxS\amd64_microsoft.windows.common-controls_6595b64144ccf1df_6.0.19041.4355_none_60b8b9eb71f62e16;c:\Users\maxim\.vscode\extensions\redhat.java-1.32.0-win32-x64\jre\17.0.11-win32-x86_64\bin\server

VM Arguments:
jvm_args: -Xmx1024m -Dsts.lsp.client=vscode -Dsts.log.file=/dev/null -XX:TieredStopAtLevel=1 -Xlog:jni+resolve=off -Dspring.config.location=file:c:\Users\maxim\.vscode\extensions\vmware.vscode-spring-boot-1.55.1\language-server\BOOT-INF\classes\application.properties 
java_command: org.springframework.ide.vscode.boot.app.BootLanguageServerBootApp
java_class_path (initial): c:\Users\maxim\.vscode\extensions\vmware.vscode-spring-boot-1.55.1\language-server\BOOT-INF\classes;c:\Users\maxim\.vscode\extensions\vmware.vscode-spring-boot-1.55.1\language-server\BOOT-INF\lib\annotations-24.1.0.jar;c:\Users\maxim\.vscode\extensions\vmware.vscode-spring-boot-1.55.1\language-server\BOOT-INF\lib\antlr4-runtime-4.13.1.jar;c:\Users\maxim\.vscode\extensions\vmware.vscode-spring-boot-1.55.1\language-server\BOOT-INF\lib\asm-9.7.jar;c:\Users\maxim\.vscode\extensions\vmware.vscode-spring-boot-1.55.1\language-server\BOOT-INF\lib\asm-analysis-9.7.jar;c:\Users\maxim\.vscode\extensions\vmware.vscode-spring-boot-1.55.1\language-server\BOOT-INF\lib\asm-tree-9.7.jar;c:\Users\maxim\.vscode\extensions\vmware.vscode-spring-boot-1.55.1\language-server\BOOT-INF\lib\asm-util-9.7.jar;c:\Users\maxim\.vscode\extensions\vmware.vscode-spring-boot-1.55.1\language-server\BOOT-INF\lib\caffeine-3.1.8.jar;c:\Users\maxim\.vscode\extensions\vmware.vscode-spring-boot-1.55.1\language-server\BOOT-INF\lib\checker-qual-3.12.0.jar;c:\Users\maxim\.vscode\extensions\vmware.vscode-spring-boot-1.55.1\language-server\BOOT-INF\lib\classgraph-4.8.149.jar;c:\Users\maxim\.vscode\extensions\vmware.vscode-spring-boot-1.55.1\language-server\BOOT-INF\lib\commons-codec-1.16.1.jar;c:\Users\maxim\.vscode\extensions\vmware.vscode-spring-boot-1.55.1\language-server\BOOT-INF\lib\commons-compress-1.26.1.jar;c:\Users\maxim\.vscode\extensions\vmware.vscode-spring-boot-1.55.1\language-server\BOOT-INF\lib\commons-io-2.16.1.jar;c:\Users\maxim\.vscode\extensions\vmware.vscode-spring-boot-1.55.1\language-server\BOOT-INF\lib\commons-java-1.55.1-SNAPSHOT.jar;c:\Users\maxim\.vscode\extensions\vmware.vscode-spring-boot-1.55.1\language-server\BOOT-INF\lib\commons-lang3-3.14.0.jar;c:\Users\maxim\.vscode\extensions\vmware.vscode-spring-boot-1.55.1\language-server\BOOT-INF\lib\commons-language-server-1.55.1-SNAPSHOT.jar;c:\Users\maxim\.vscode\extensions\vmware.vscode-spring-boot-1.55.1\langu
Launcher Type: SUN_STANDARD

[Global flags]
     intx CICompilerCount                          = 2                                         {product} {ergonomic}
     uint ConcGCThreads                            = 1                                         {product} {ergonomic}
     uint G1ConcRefinementThreads                  = 2                                         {product} {ergonomic}
   size_t G1HeapRegionSize                         = 1048576                                   {product} {ergonomic}
    uintx GCDrainStackTargetSize                   = 64                                        {product} {ergonomic}
   size_t InitialHeapSize                          = 65011712                                  {product} {ergonomic}
   size_t MarkStackSize                            = 4194304                                   {product} {ergonomic}
   size_t MaxHeapSize                              = 1073741824                                {product} {command line}
   size_t MaxNewSize                               = 643825664                                 {product} {ergonomic}
   size_t MinHeapDeltaBytes                        = 1048576                                   {product} {ergonomic}
   size_t MinHeapSize                              = 8388608                                   {product} {ergonomic}
    uintx NonProfiledCodeHeapSize                  = 0                                      {pd product} {ergonomic}
     bool ProfileInterpreter                       = false                                  {pd product} {command line}
    uintx ProfiledCodeHeapSize                     = 0                                      {pd product} {ergonomic}
   size_t SoftMaxHeapSize                          = 1073741824                             {manageable} {ergonomic}
     intx TieredStopAtLevel                        = 1                                         {product} {command line}
     bool UseCompressedClassPointers               = true                           {product lp64_product} {ergonomic}
     bool UseCompressedOops                        = true                           {product lp64_product} {ergonomic}
     bool UseG1GC                                  = true                                      {product} {ergonomic}
     bool UseLargePagesIndividualAllocation        = false                                  {pd product} {ergonomic}

Logging:
Log output configuration:
 #0: stdout all=warning,jni+resolve=off uptime,level,tags
 #1: stderr all=off uptime,level,tags

Environment Variables:
JAVA_HOME=C:\Program Files\Java\jdk-17
PATH=C:\Python312\Scripts\;C:\Python312\;C:\Program Files\Eclipse Adoptium\jdk-21.0.3.9-hotspot\bin;C:\Program Files\Common Files\Oracle\Java\javapath;C:\Windows\system32;C:\Windows;C:\Windows\System32\Wbem;C:\Windows\System32\WindowsPowerShell\v1.0\;C:\Windows\System32\OpenSSH\;C:\Program Files\Git\cmd;C:\Program Files\MongoDB\Server\7.0\bin;C:\Program Files\MongoDB\Server\7.0\bin;C:\Program Files\nodejs\;C:\ProgramData\chocolatey\bin;C:\Python\Scripts\;C:\Python\;C:\Users\maxim\AppData\Local\Programs\Python\Python38-32\Scripts\;C:\Users\maxim\AppData\Local\Programs\Python\Python38-32\;C:\Users\maxim\AppData\Local\Microsoft\WindowsApps;C:\Users\maxim\AppData\Local\GitHubDesktop\bin;C:\Users\maxim\AppData\Local\Programs\Microsoft VS Code\bin;C:\Users\maxim\AppData\Roaming\npm
USERNAME=maxim
OS=Windows_NT
PROCESSOR_IDENTIFIER=Intel64 Family 6 Model 92 Stepping 9, GenuineIntel
TMP=C:\Users\maxim\AppData\Local\Temp
TEMP=C:\Users\maxim\AppData\Local\Temp



Periodic native trim disabled


---------------  S Y S T E M  ---------------

OS:
 Windows 10 , 64 bit Build 19041 (10.0.19041.4597)
OS uptime: 1 days 5:53 hours

CPU: total 2 (initial active 2) (2 cores per cpu, 1 threads per core) family 6 model 92 stepping 9 microcode 0x38, cx8, cmov, fxsr, mmx, 3dnowpref, sse, sse2, sse3, ssse3, sse4.1, sse4.2, popcnt, tsc, tscinvbit, aes, erms, clmul, sha, clflush, clflushopt
Processor Information for all 2 processors :
  Max Mhz: 1101, Current Mhz: 1101, Mhz Limit: 1101

Memory: 4k page, system-wide physical 3924M (378M free)
TotalPageFile size 9232M (AvailPageFile size 83M)
current process WorkingSet (physical memory assigned to process): 201M, peak: 206M
current process commit charge ("private bytes"): 225M, peak: 231M

vm_info: OpenJDK 64-Bit Server VM (17.0.11+9) for windows-amd64 JRE (17.0.11+9), built on Apr 17 2024 06:07:48 by "admin" with MS VC++ 16.10 / 16.11 (VS2019)

END.
