#
# There is insufficient memory for the Java Runtime Environment to continue.
# Native memory allocation (malloc) failed to allocate 2097152 bytes. Error detail: AllocateHeap
# Possible reasons:
#   The system is out of physical RAM or swap space
#   This process is running with CompressedOops enabled, and the Java Heap may be blocking the growth of the native heap
# Possible solutions:
#   Reduce memory load on the system
#   Increase physical memory or swap space
#   Check if swap backing store is full
#   Decrease Java heap size (-Xmx/-Xms)
#   Decrease number of Java threads
#   Decrease Java thread stack sizes (-Xss)
#   Set larger code cache with -XX:ReservedCodeCacheSize=
#   JVM is running with Unscaled Compressed Oops mode in which the Java heap is
#     placed in the first 4GB address space. The Java Heap base address is the
#     maximum limit for the native heap growth. Please use -XX:HeapBaseMinAddress
#     to set the Java Heap base and to place the Java Heap above 4GB virtual address.
# This output file may be truncated or incomplete.
#
#  Out of Memory Error (allocation.cpp:44), pid=14592, tid=2600
#
# JRE version: OpenJDK Runtime Environment Temurin-17.0.11+9 (17.0.11+9) (build 17.0.11+9)
# Java VM: OpenJDK 64-Bit Server VM Temurin-17.0.11+9 (17.0.11+9, mixed mode, emulated-client, tiered, compressed oops, compressed class ptrs, g1 gc, windows-amd64)
# No core dump will be written. Minidumps are not enabled by default on client versions of Windows
#

---------------  S U M M A R Y ------------

Command Line: -Xmx1024m -Dsts.lsp.client=vscode -Dsts.log.file=/dev/null -XX:TieredStopAtLevel=1 -Xlog:jni+resolve=off -Dspring.config.location=file:c:\Users\maxim\.vscode\extensions\vmware.vscode-spring-boot-1.55.1\language-server\BOOT-INF\classes\application.properties org.springframework.ide.vscode.boot.app.BootLanguageServerBootApp

Host: Intel(R) Celeron(R) CPU N3350 @ 1.10GHz, 2 cores, 3G,  Windows 10 , 64 bit Build 19041 (10.0.19041.4597)
Time: Sat Jul 13 14:28:59 2024 Hora estándar de Argentina elapsed time: 458.441941 seconds (0d 0h 7m 38s)

---------------  T H R E A D  ---------------

Current thread (0x000001e056149d20):  VMThread "VM Thread" [stack: 0x0000006ba0200000,0x0000006ba0300000] [id=2600]

Stack: [0x0000006ba0200000,0x0000006ba0300000]
Native frames: (J=compiled Java code, j=interpreted, Vv=VM code, C=native code)
V  [jvm.dll+0x67d429]
V  [jvm.dll+0x834b7a]
V  [jvm.dll+0x83663e]
V  [jvm.dll+0x836ca3]
V  [jvm.dll+0x247dbf]
V  [jvm.dll+0xa6cb3]
V  [jvm.dll+0x2f8b61]
V  [jvm.dll+0x2f4750]
V  [jvm.dll+0x2dcf67]
V  [jvm.dll+0x31fb67]
V  [jvm.dll+0x83b19b]
V  [jvm.dll+0x83bed2]
V  [jvm.dll+0x83c3ed]
V  [jvm.dll+0x83c7c4]
V  [jvm.dll+0x83c890]
V  [jvm.dll+0x7e410a]
V  [jvm.dll+0x67c315]
C  [ucrtbase.dll+0x21bb2]
C  [KERNEL32.DLL+0x17374]
C  [ntdll.dll+0x4cc91]

VM_Operation (0x0000006ba10fed40): G1CollectFull, mode: safepoint, requested by thread 0x000001e05bacf030


---------------  P R O C E S S  ---------------

Threads class SMR info:
_java_thread_list=0x000001e05c04df60, length=24, elements={
0x000001e05616bb40, 0x000001e05616c8d0, 0x000001e0561a9130, 0x000001e0561a9ec0,
0x000001e0561ad7b0, 0x000001e0561ae080, 0x000001e0561b0960, 0x000001e0561db940,
0x000001e0564d5160, 0x000001e0564d5a90, 0x000001e056e459b0, 0x000001e05bacf030,
0x000001e05b8f1fc0, 0x000001e049ffea10, 0x000001e056d0c3f0, 0x000001e05bcbe9c0,
0x000001e05bcbc580, 0x000001e05bcbd9c0, 0x000001e05bcbca90, 0x000001e05bdd6fc0,
0x000001e05bdd4740, 0x000001e05bdd19b0, 0x000001e05bdd74d0, 0x000001e05bdd28e0
}

Java Threads: ( => current thread )
  0x000001e05616bb40 JavaThread "Reference Handler" daemon [_thread_blocked, id=14924, stack(0x0000006ba0300000,0x0000006ba0400000)]
  0x000001e05616c8d0 JavaThread "Finalizer" daemon [_thread_blocked, id=13712, stack(0x0000006ba0400000,0x0000006ba0500000)]
  0x000001e0561a9130 JavaThread "Signal Dispatcher" daemon [_thread_blocked, id=3868, stack(0x0000006ba0500000,0x0000006ba0600000)]
  0x000001e0561a9ec0 JavaThread "Attach Listener" daemon [_thread_blocked, id=15328, stack(0x0000006ba0600000,0x0000006ba0700000)]
  0x000001e0561ad7b0 JavaThread "Service Thread" daemon [_thread_blocked, id=4520, stack(0x0000006ba0700000,0x0000006ba0800000)]
  0x000001e0561ae080 JavaThread "Monitor Deflation Thread" daemon [_thread_blocked, id=6960, stack(0x0000006ba0800000,0x0000006ba0900000)]
  0x000001e0561b0960 JavaThread "C1 CompilerThread0" daemon [_thread_blocked, id=13940, stack(0x0000006ba0900000,0x0000006ba0a00000)]
  0x000001e0561db940 JavaThread "Sweeper thread" daemon [_thread_blocked, id=4892, stack(0x0000006ba0a00000,0x0000006ba0b00000)]
  0x000001e0564d5160 JavaThread "Notification Thread" daemon [_thread_blocked, id=1260, stack(0x0000006ba0b00000,0x0000006ba0c00000)]
  0x000001e0564d5a90 JavaThread "Common-Cleaner" daemon [_thread_blocked, id=7684, stack(0x0000006ba0d00000,0x0000006ba0e00000)]
  0x000001e056e459b0 JavaThread "boundedElastic-evictor-1" daemon [_thread_blocked, id=11008, stack(0x0000006ba0f00000,0x0000006ba1000000)]
  0x000001e05bacf030 JavaThread "pool-13-thread-1" [_thread_blocked, id=9476, stack(0x0000006ba1000000,0x0000006ba1100000)]
  0x000001e05b8f1fc0 JavaThread "LanguageServerApp-lifecycle" [_thread_blocked, id=14044, stack(0x0000006ba1300000,0x0000006ba1400000)]
  0x000001e049ffea10 JavaThread "DestroyJavaVM" [_thread_blocked, id=504, stack(0x0000006b9fb00000,0x0000006b9fc00000)]
  0x000001e056d0c3f0 JavaThread "pool-14-thread-1" [_thread_in_native, id=7840, stack(0x0000006ba1400000,0x0000006ba1500000)]
  0x000001e05bcbe9c0 JavaThread "Simple-Language-Server main thread" daemon [_thread_blocked, id=3476, stack(0x0000006ba1500000,0x0000006ba1600000)]
  0x000001e05bcbc580 JavaThread "parallel-1" daemon [_thread_blocked, id=14412, stack(0x0000006ba1a00000,0x0000006ba1b00000)]
  0x000001e05bcbd9c0 JavaThread "pool-6-thread-1" [_thread_blocked, id=3824, stack(0x0000006ba1c00000,0x0000006ba1d00000)]
  0x000001e05bcbca90 JavaThread "parallel-2" daemon [_thread_blocked, id=7896, stack(0x0000006ba1d00000,0x0000006ba1e00000)]
  0x000001e05bdd6fc0 JavaThread "OkHttp TaskRunner" daemon [_thread_blocked, id=10332, stack(0x0000006ba1f00000,0x0000006ba2000000)]
  0x000001e05bdd4740 JavaThread "OkHttp TaskRunner" daemon [_thread_blocked, id=12604, stack(0x0000006ba2000000,0x0000006ba2100000)]
  0x000001e05bdd19b0 JavaThread "OkHttp TaskRunner" daemon [_thread_blocked, id=9156, stack(0x0000006ba2600000,0x0000006ba2700000)]
  0x000001e05bdd74d0 JavaThread "OkHttp TaskRunner" daemon [_thread_blocked, id=3284, stack(0x0000006ba2700000,0x0000006ba2800000)]
  0x000001e05bdd28e0 JavaThread "OkHttp TaskRunner" daemon [_thread_blocked, id=9496, stack(0x0000006b9fa00000,0x0000006b9fb00000)]

Other Threads:
=>0x000001e056149d20 VMThread "VM Thread" [stack: 0x0000006ba0200000,0x0000006ba0300000] [id=2600]
  0x000001e0564d5640 WatcherThread [stack: 0x0000006ba0c00000,0x0000006ba0d00000] [id=5784]
  0x000001e04c087510 GCTaskThread "GC Thread#0" [stack: 0x0000006b9fd00000,0x0000006b9fe00000] [id=6744]
  0x000001e05670c490 GCTaskThread "GC Thread#1" [stack: 0x0000006ba0e00000,0x0000006ba0f00000] [id=4256]
  0x000001e04c090370 ConcurrentGCThread "G1 Main Marker" [stack: 0x0000006b9fe00000,0x0000006b9ff00000] [id=2912]
  0x000001e04c090ca0 ConcurrentGCThread "G1 Conc#0" [stack: 0x0000006b9ff00000,0x0000006ba0000000] [id=9724]
  0x000001e04c0c5080 ConcurrentGCThread "G1 Refine#0" [stack: 0x0000006ba0000000,0x0000006ba0100000] [id=9204]
  0x000001e04c0c59c0 ConcurrentGCThread "G1 Service" [stack: 0x0000006ba0100000,0x0000006ba0200000] [id=14896]

Threads with active compile tasks:

VM state: at safepoint (normal execution)

VM Mutex/Monitor currently owned by a thread:  ([mutex/lock_event])
[0x000001e049f3a980] Threads_lock - owner thread: 0x000001e056149d20
[0x000001e04c048110] Heap_lock - owner thread: 0x000001e05bacf030

Heap address: 0x00000000c0000000, size: 1024 MB, Compressed Oops mode: 32-bit

CDS archive(s) not mapped
Compressed class space mapped at: 0x0000000100000000-0x0000000140000000, reserved size: 1073741824
Narrow klass base: 0x0000000000000000, Narrow klass shift: 3, Narrow klass range: 0x140000000

GC Precious Log:
 CPUs: 2 total, 2 available
 Memory: 3924M
 Large Page Support: Disabled
 NUMA Support: Disabled
 Compressed Oops: Enabled (32-bit)
 Heap Region Size: 1M
 Heap Min Capacity: 8M
 Heap Initial Capacity: 62M
 Heap Max Capacity: 1G
 Pre-touch: Disabled
 Parallel Workers: 2
 Concurrent Workers: 1
 Concurrent Refinement Workers: 2
 Periodic GC: Disabled

Heap:
 garbage-first heap   total 63488K, used 27664K [0x00000000c0000000, 0x0000000100000000)
  region size 1024K, 1 young (1024K), 0 survivors (0K)
 Metaspace       used 48197K, committed 48832K, reserved 1114112K
  class space    used 6242K, committed 6528K, reserved 1048576K

Heap Regions: E=young(eden), S=young(survivor), O=old, HS=humongous(starts), HC=humongous(continues), CS=collection set, F=free, OA=open archive, CA=closed archive, TAMS=top-at-mark-start (previous, next)
|   0|0x00000000c0000000, 0x00000000c0100000, 0x00000000c0100000|100%| O|  |TAMS 0x00000000c0100000, 0x00000000c0000000| Untracked 
|   1|0x00000000c0100000, 0x00000000c0200000, 0x00000000c0200000|100%| O|  |TAMS 0x00000000c0200000, 0x00000000c0100000| Untracked 
|   2|0x00000000c0200000, 0x00000000c02feee0, 0x00000000c0300000| 99%| O|  |TAMS 0x00000000c02feee0, 0x00000000c0200000| Untracked 
|   3|0x00000000c0300000, 0x00000000c0400000, 0x00000000c0400000|100%|HS|  |TAMS 0x00000000c0400000, 0x00000000c0300000| Untracked 
|   4|0x00000000c0400000, 0x00000000c0500000, 0x00000000c0500000|100%|HC|  |TAMS 0x00000000c0500000, 0x00000000c0400000| Untracked 
|   5|0x00000000c0500000, 0x00000000c0600000, 0x00000000c0600000|100%|HC|  |TAMS 0x00000000c0600000, 0x00000000c0500000| Untracked 
|   6|0x00000000c0600000, 0x00000000c0700000, 0x00000000c0700000|100%|HC|  |TAMS 0x00000000c0700000, 0x00000000c0600000| Untracked 
|   7|0x00000000c0700000, 0x00000000c0800000, 0x00000000c0800000|100%| O|  |TAMS 0x00000000c0800000, 0x00000000c0700000| Untracked 
|   8|0x00000000c0800000, 0x00000000c08ff898, 0x00000000c0900000| 99%| O|  |TAMS 0x00000000c08ff898, 0x00000000c0800000| Untracked 
|   9|0x00000000c0900000, 0x00000000c0a00000, 0x00000000c0a00000|100%|HS|  |TAMS 0x00000000c0a00000, 0x00000000c0900000| Untracked 
|  10|0x00000000c0a00000, 0x00000000c0b00000, 0x00000000c0b00000|100%|HC|  |TAMS 0x00000000c0b00000, 0x00000000c0a00000| Untracked 
|  11|0x00000000c0b00000, 0x00000000c0bffe78, 0x00000000c0c00000| 99%| O|  |TAMS 0x00000000c0bffe78, 0x00000000c0b00000| Untracked 
|  12|0x00000000c0c00000, 0x00000000c0cfffe8, 0x00000000c0d00000| 99%| O|  |TAMS 0x00000000c0cfffe8, 0x00000000c0c00000| Untracked 
|  13|0x00000000c0d00000, 0x00000000c0e00000, 0x00000000c0e00000|100%| O|  |TAMS 0x00000000c0e00000, 0x00000000c0d00000| Untracked 
|  14|0x00000000c0e00000, 0x00000000c0effff0, 0x00000000c0f00000| 99%| O|  |TAMS 0x00000000c0effff0, 0x00000000c0e00000| Untracked 
|  15|0x00000000c0f00000, 0x00000000c1000000, 0x00000000c1000000|100%| O|  |TAMS 0x00000000c1000000, 0x00000000c0f00000| Untracked 
|  16|0x00000000c1000000, 0x00000000c10fffe0, 0x00000000c1100000| 99%| O|  |TAMS 0x00000000c10fffe0, 0x00000000c1000000| Untracked 
|  17|0x00000000c1100000, 0x00000000c1200000, 0x00000000c1200000|100%| O|  |TAMS 0x00000000c1200000, 0x00000000c1100000| Untracked 
|  18|0x00000000c1200000, 0x00000000c12ffff8, 0x00000000c1300000| 99%| O|  |TAMS 0x00000000c12ffff8, 0x00000000c1200000| Untracked 
|  19|0x00000000c1300000, 0x00000000c13fe708, 0x00000000c1400000| 99%| O|  |TAMS 0x00000000c13fe708, 0x00000000c1300000| Untracked 
|  20|0x00000000c1400000, 0x00000000c14ffff8, 0x00000000c1500000| 99%| O|  |TAMS 0x00000000c14ffff8, 0x00000000c1400000| Untracked 
|  21|0x00000000c1500000, 0x00000000c15fffd8, 0x00000000c1600000| 99%| O|  |TAMS 0x00000000c15fffd8, 0x00000000c1500000| Untracked 
|  22|0x00000000c1600000, 0x00000000c16f8b30, 0x00000000c1700000| 97%| O|  |TAMS 0x00000000c16f8b30, 0x00000000c1600000| Untracked 
|  23|0x00000000c1700000, 0x00000000c17ffff8, 0x00000000c1800000| 99%| O|  |TAMS 0x00000000c17ffff8, 0x00000000c1700000| Untracked 
|  24|0x00000000c1800000, 0x00000000c1819098, 0x00000000c1900000|  9%| O|  |TAMS 0x00000000c1800000, 0x00000000c1800000| Untracked 
|  25|0x00000000c1900000, 0x00000000c19ff6e0, 0x00000000c1a00000| 99%| O|  |TAMS 0x00000000c19ff6e0, 0x00000000c1900000| Untracked 
|  26|0x00000000c1a00000, 0x00000000c1af6180, 0x00000000c1b00000| 96%| O|  |TAMS 0x00000000c1af6180, 0x00000000c1a00000| Untracked 
|  27|0x00000000c1b00000, 0x00000000c1b00000, 0x00000000c1c00000|  0%| F|  |TAMS 0x00000000c1b00000, 0x00000000c1b00000| Untracked 
|  28|0x00000000c1c00000, 0x00000000c1c00000, 0x00000000c1d00000|  0%| F|  |TAMS 0x00000000c1c00000, 0x00000000c1c00000| Untracked 
|  29|0x00000000c1d00000, 0x00000000c1d00000, 0x00000000c1e00000|  0%| F|  |TAMS 0x00000000c1d00000, 0x00000000c1d00000| Untracked 
|  30|0x00000000c1e00000, 0x00000000c1e00000, 0x00000000c1f00000|  0%| F|  |TAMS 0x00000000c1e00000, 0x00000000c1e00000| Untracked 
|  31|0x00000000c1f00000, 0x00000000c1f00000, 0x00000000c2000000|  0%| F|  |TAMS 0x00000000c1f00000, 0x00000000c1f00000| Untracked 
|  32|0x00000000c2000000, 0x00000000c2000000, 0x00000000c2100000|  0%| F|  |TAMS 0x00000000c2000000, 0x00000000c2000000| Untracked 
|  33|0x00000000c2100000, 0x00000000c2100000, 0x00000000c2200000|  0%| F|  |TAMS 0x00000000c2100000, 0x00000000c2100000| Untracked 
|  34|0x00000000c2200000, 0x00000000c2200000, 0x00000000c2300000|  0%| F|  |TAMS 0x00000000c2200000, 0x00000000c2200000| Untracked 
|  35|0x00000000c2300000, 0x00000000c2300000, 0x00000000c2400000|  0%| F|  |TAMS 0x00000000c2300000, 0x00000000c2300000| Untracked 
|  36|0x00000000c2400000, 0x00000000c2400000, 0x00000000c2500000|  0%| F|  |TAMS 0x00000000c2400000, 0x00000000c2400000| Untracked 
|  37|0x00000000c2500000, 0x00000000c2500000, 0x00000000c2600000|  0%| F|  |TAMS 0x00000000c2500000, 0x00000000c2500000| Untracked 
|  38|0x00000000c2600000, 0x00000000c2600000, 0x00000000c2700000|  0%| F|  |TAMS 0x00000000c2600000, 0x00000000c2600000| Untracked 
|  39|0x00000000c2700000, 0x00000000c2700000, 0x00000000c2800000|  0%| F|  |TAMS 0x00000000c2700000, 0x00000000c2700000| Untracked 
|  40|0x00000000c2800000, 0x00000000c2800000, 0x00000000c2900000|  0%| F|  |TAMS 0x00000000c2800000, 0x00000000c2800000| Untracked 
|  41|0x00000000c2900000, 0x00000000c2900000, 0x00000000c2a00000|  0%| F|  |TAMS 0x00000000c2900000, 0x00000000c2900000| Untracked 
|  42|0x00000000c2a00000, 0x00000000c2a00000, 0x00000000c2b00000|  0%| F|  |TAMS 0x00000000c2a00000, 0x00000000c2a00000| Untracked 
|  43|0x00000000c2b00000, 0x00000000c2c00000, 0x00000000c2c00000|100%| O|  |TAMS 0x00000000c2c00000, 0x00000000c2b00000| Untracked 
|  44|0x00000000c2c00000, 0x00000000c2c00000, 0x00000000c2d00000|  0%| F|  |TAMS 0x00000000c2c00000, 0x00000000c2c00000| Untracked 
|  45|0x00000000c2d00000, 0x00000000c2d00000, 0x00000000c2e00000|  0%| F|  |TAMS 0x00000000c2d00000, 0x00000000c2d00000| Untracked 
|  46|0x00000000c2e00000, 0x00000000c2e00000, 0x00000000c2f00000|  0%| F|  |TAMS 0x00000000c2e00000, 0x00000000c2e00000| Untracked 
|  47|0x00000000c2f00000, 0x00000000c2f00000, 0x00000000c3000000|  0%| F|  |TAMS 0x00000000c2f00000, 0x00000000c2f00000| Untracked 
|  48|0x00000000c3000000, 0x00000000c3000000, 0x00000000c3100000|  0%| F|  |TAMS 0x00000000c3000000, 0x00000000c3000000| Untracked 
|  49|0x00000000c3100000, 0x00000000c3100000, 0x00000000c3200000|  0%| F|  |TAMS 0x00000000c3100000, 0x00000000c3100000| Untracked 
|  50|0x00000000c3200000, 0x00000000c3200000, 0x00000000c3300000|  0%| F|  |TAMS 0x00000000c3200000, 0x00000000c3200000| Untracked 
|  51|0x00000000c3300000, 0x00000000c3300000, 0x00000000c3400000|  0%| F|  |TAMS 0x00000000c3300000, 0x00000000c3300000| Untracked 
|  52|0x00000000c3400000, 0x00000000c3400000, 0x00000000c3500000|  0%| F|  |TAMS 0x00000000c3400000, 0x00000000c3400000| Untracked 
|  53|0x00000000c3500000, 0x00000000c3500000, 0x00000000c3600000|  0%| F|  |TAMS 0x00000000c3500000, 0x00000000c3500000| Untracked 
|  54|0x00000000c3600000, 0x00000000c3600000, 0x00000000c3700000|  0%| F|  |TAMS 0x00000000c3600000, 0x00000000c3600000| Untracked 
|  55|0x00000000c3700000, 0x00000000c3700000, 0x00000000c3800000|  0%| F|  |TAMS 0x00000000c3700000, 0x00000000c3700000| Untracked 
|  56|0x00000000c3800000, 0x00000000c3800000, 0x00000000c3900000|  0%| F|  |TAMS 0x00000000c3800000, 0x00000000c3800000| Untracked 
|  57|0x00000000c3900000, 0x00000000c3900000, 0x00000000c3a00000|  0%| F|  |TAMS 0x00000000c3900000, 0x00000000c3900000| Untracked 
|  58|0x00000000c3a00000, 0x00000000c3a00000, 0x00000000c3b00000|  0%| F|  |TAMS 0x00000000c3a00000, 0x00000000c3a00000| Untracked 
|  59|0x00000000c3b00000, 0x00000000c3b00000, 0x00000000c3c00000|  0%| F|  |TAMS 0x00000000c3b00000, 0x00000000c3b00000| Untracked 
|  60|0x00000000c3c00000, 0x00000000c3c00000, 0x00000000c3d00000|  0%| F|  |TAMS 0x00000000c3c00000, 0x00000000c3c00000| Untracked 
|  61|0x00000000c3d00000, 0x00000000c3d7ba60, 0x00000000c3e00000| 48%| E|  |TAMS 0x00000000c3d00000, 0x00000000c3d00000| Complete 

Card table byte_map: [0x000001e04bca0000,0x000001e04bea0000] _byte_map_base: 0x000001e04b6a0000

Marking Bits (Prev, Next): (CMBitMap*) 0x000001e04c087a40, (CMBitMap*) 0x000001e04c087a80
 Prev Bits: [0x000001e051ee0000, 0x000001e052ee0000)
 Next Bits: [0x000001e052ee0000, 0x000001e053ee0000)

Polling page: 0x000001e04b800000

Metaspace:

Usage:
  Non-class:     40.97 MB used.
      Class:      6.10 MB used.
       Both:     47.07 MB used.

Virtual space:
  Non-class space:       64.00 MB reserved,      41.31 MB ( 65%) committed,  1 nodes.
      Class space:        1.00 GB reserved,       6.38 MB ( <1%) committed,  1 nodes.
             Both:        1.06 GB reserved,      47.69 MB (  4%) committed. 

Chunk freelists:
   Non-Class:  6.44 MB
       Class:  9.61 MB
        Both:  16.05 MB

MaxMetaspaceSize: unlimited
CompressedClassSpaceSize: 1.00 GB
Initial GC threshold: 21.00 MB
Current GC threshold: 79.31 MB
CDS: off
MetaspaceReclaimPolicy: balanced
 - commit_granule_bytes: 65536.
 - commit_granule_words: 8192.
 - virtual_space_node_default_size: 8388608.
 - enlarge_chunks_in_place: 1.
 - new_chunks_are_fully_committed: 0.
 - uncommit_free_chunks: 1.
 - use_allocation_guard: 0.
 - handle_deallocations: 1.


Internal statistics:

num_allocs_failed_limit: 6.
num_arena_births: 624.
num_arena_deaths: 236.
num_vsnodes_births: 2.
num_vsnodes_deaths: 0.
num_space_committed: 763.
num_space_uncommitted: 0.
num_chunks_returned_to_freelist: 274.
num_chunks_taken_from_freelist: 2139.
num_chunk_merges: 93.
num_chunk_splits: 1421.
num_chunks_enlarged: 1061.
num_inconsistent_stats: 0.

CodeCache: size=49152Kb used=8075Kb max_used=8611Kb free=41076Kb
 bounds [0x000001e04ece0000, 0x000001e04f570000, 0x000001e051ce0000]
 total_blobs=5052 nmethods=4431 adapters=549
 compilation: enabled
              stopped_count=0, restarted_count=0
 full_count=0

Compilation events (20 events):
Event: 369.968 Thread 0x000001e0561b0960 4443       1       java.util.concurrent.locks.LockSupport::setBlocker (12 bytes)
Event: 369.969 Thread 0x000001e0561b0960 nmethod 4443 0x000001e04f45e410 code [0x000001e04f45e5a0, 0x000001e04f45e698]
Event: 456.924 Thread 0x000001e0561b0960 4444       1       java.nio.HeapByteBuffer::<init> (31 bytes)
Event: 456.924 Thread 0x000001e0561b0960 nmethod 4444 0x000001e04f45e090 code [0x000001e04f45e220, 0x000001e04f45e368]
Event: 456.924 Thread 0x000001e0561b0960 4445       1       java.nio.DirectByteBuffer::base (2 bytes)
Event: 456.925 Thread 0x000001e0561b0960 nmethod 4445 0x000001e04f45dd90 code [0x000001e04f45df20, 0x000001e04f45dff8]
Event: 456.926 Thread 0x000001e0561b0960 4446       1       sun.nio.ch.Util::getTemporaryDirectBuffer (55 bytes)
Event: 456.928 Thread 0x000001e0561b0960 nmethod 4446 0x000001e04f45d590 code [0x000001e04f45d7a0, 0x000001e04f45db68]
Event: 456.928 Thread 0x000001e0561b0960 4447       1       sun.nio.ch.Util$BufferCache::get (164 bytes)
Event: 456.929 Thread 0x000001e0561b0960 nmethod 4447 0x000001e04f45cd90 code [0x000001e04f45cf60, 0x000001e04f45d338]
Event: 456.929 Thread 0x000001e0561b0960 4448       1       sun.nio.ch.Util::offerFirstTemporaryDirectBuffer (53 bytes)
Event: 456.929 Thread 0x000001e0561b0960 nmethod 4448 0x000001e04f45c690 code [0x000001e04f45c880, 0x000001e04f45cb58]
Event: 456.929 Thread 0x000001e0561b0960 4449       1       sun.nio.ch.Util::isBufferTooLarge (8 bytes)
Event: 456.930 Thread 0x000001e0561b0960 nmethod 4449 0x000001e04f45c390 code [0x000001e04f45c520, 0x000001e04f45c5f8]
Event: 456.931 Thread 0x000001e0561b0960 4450       1       okio.AsyncTimeout::access$getInQueue$p (5 bytes)
Event: 456.931 Thread 0x000001e0561b0960 nmethod 4450 0x000001e04f45c090 code [0x000001e04f45c220, 0x000001e04f45c2d8]
Event: 457.782 Thread 0x000001e0561b0960 4451       1       java.lang.ProcessImpl::needsEscaping (169 bytes)
Event: 457.784 Thread 0x000001e0561b0960 nmethod 4451 0x000001e04f45b310 code [0x000001e04f45b560, 0x000001e04f45bc68]
Event: 457.784 Thread 0x000001e0561b0960 4452       1       java.lang.ProcessImpl::unQuote (40 bytes)
Event: 457.785 Thread 0x000001e0561b0960 nmethod 4452 0x000001e04f45ae10 code [0x000001e04f45afc0, 0x000001e04f45b188]

GC Heap History (20 events):
Event: 352.880 GC heap before
{Heap before GC invocations=33 (full 15):
 garbage-first heap   total 63488K, used 27664K [0x00000000c0000000, 0x0000000100000000)
  region size 1024K, 1 young (1024K), 0 survivors (0K)
 Metaspace       used 48157K, committed 48704K, reserved 1114112K
  class space    used 6234K, committed 6464K, reserved 1048576K
}
Event: 352.940 GC heap after
{Heap after GC invocations=34 (full 16):
 garbage-first heap   total 63488K, used 27664K [0x00000000c0000000, 0x0000000100000000)
  region size 1024K, 0 young (0K), 0 survivors (0K)
 Metaspace       used 48157K, committed 48704K, reserved 1114112K
  class space    used 6234K, committed 6464K, reserved 1048576K
}
Event: 363.661 GC heap before
{Heap before GC invocations=34 (full 16):
 garbage-first heap   total 63488K, used 27664K [0x00000000c0000000, 0x0000000100000000)
  region size 1024K, 1 young (1024K), 0 survivors (0K)
 Metaspace       used 48157K, committed 48704K, reserved 1114112K
  class space    used 6234K, committed 6464K, reserved 1048576K
}
Event: 363.717 GC heap after
{Heap after GC invocations=35 (full 17):
 garbage-first heap   total 63488K, used 27664K [0x00000000c0000000, 0x0000000100000000)
  region size 1024K, 0 young (0K), 0 survivors (0K)
 Metaspace       used 48157K, committed 48704K, reserved 1114112K
  class space    used 6234K, committed 6464K, reserved 1048576K
}
Event: 374.419 GC heap before
{Heap before GC invocations=35 (full 17):
 garbage-first heap   total 63488K, used 27664K [0x00000000c0000000, 0x0000000100000000)
  region size 1024K, 1 young (1024K), 0 survivors (0K)
 Metaspace       used 48157K, committed 48704K, reserved 1114112K
  class space    used 6234K, committed 6464K, reserved 1048576K
}
Event: 374.474 GC heap after
{Heap after GC invocations=36 (full 18):
 garbage-first heap   total 63488K, used 27664K [0x00000000c0000000, 0x0000000100000000)
  region size 1024K, 0 young (0K), 0 survivors (0K)
 Metaspace       used 48157K, committed 48704K, reserved 1114112K
  class space    used 6234K, committed 6464K, reserved 1048576K
}
Event: 384.858 GC heap before
{Heap before GC invocations=36 (full 18):
 garbage-first heap   total 63488K, used 27664K [0x00000000c0000000, 0x0000000100000000)
  region size 1024K, 1 young (1024K), 0 survivors (0K)
 Metaspace       used 48157K, committed 48704K, reserved 1114112K
  class space    used 6234K, committed 6464K, reserved 1048576K
}
Event: 384.912 GC heap after
{Heap after GC invocations=37 (full 19):
 garbage-first heap   total 63488K, used 27664K [0x00000000c0000000, 0x0000000100000000)
  region size 1024K, 0 young (0K), 0 survivors (0K)
 Metaspace       used 48157K, committed 48704K, reserved 1114112K
  class space    used 6234K, committed 6464K, reserved 1048576K
}
Event: 395.453 GC heap before
{Heap before GC invocations=37 (full 19):
 garbage-first heap   total 63488K, used 27664K [0x00000000c0000000, 0x0000000100000000)
  region size 1024K, 1 young (1024K), 0 survivors (0K)
 Metaspace       used 48157K, committed 48704K, reserved 1114112K
  class space    used 6234K, committed 6464K, reserved 1048576K
}
Event: 395.510 GC heap after
{Heap after GC invocations=38 (full 20):
 garbage-first heap   total 63488K, used 27664K [0x00000000c0000000, 0x0000000100000000)
  region size 1024K, 0 young (0K), 0 survivors (0K)
 Metaspace       used 48157K, committed 48704K, reserved 1114112K
  class space    used 6234K, committed 6464K, reserved 1048576K
}
Event: 405.919 GC heap before
{Heap before GC invocations=38 (full 20):
 garbage-first heap   total 63488K, used 27664K [0x00000000c0000000, 0x0000000100000000)
  region size 1024K, 1 young (1024K), 0 survivors (0K)
 Metaspace       used 48157K, committed 48704K, reserved 1114112K
  class space    used 6234K, committed 6464K, reserved 1048576K
}
Event: 405.980 GC heap after
{Heap after GC invocations=39 (full 21):
 garbage-first heap   total 63488K, used 27664K [0x00000000c0000000, 0x0000000100000000)
  region size 1024K, 0 young (0K), 0 survivors (0K)
 Metaspace       used 48157K, committed 48704K, reserved 1114112K
  class space    used 6234K, committed 6464K, reserved 1048576K
}
Event: 416.365 GC heap before
{Heap before GC invocations=39 (full 21):
 garbage-first heap   total 63488K, used 27664K [0x00000000c0000000, 0x0000000100000000)
  region size 1024K, 1 young (1024K), 0 survivors (0K)
 Metaspace       used 48157K, committed 48704K, reserved 1114112K
  class space    used 6234K, committed 6464K, reserved 1048576K
}
Event: 416.420 GC heap after
{Heap after GC invocations=40 (full 22):
 garbage-first heap   total 63488K, used 27664K [0x00000000c0000000, 0x0000000100000000)
  region size 1024K, 0 young (0K), 0 survivors (0K)
 Metaspace       used 48157K, committed 48704K, reserved 1114112K
  class space    used 6234K, committed 6464K, reserved 1048576K
}
Event: 426.813 GC heap before
{Heap before GC invocations=40 (full 22):
 garbage-first heap   total 63488K, used 27664K [0x00000000c0000000, 0x0000000100000000)
  region size 1024K, 1 young (1024K), 0 survivors (0K)
 Metaspace       used 48157K, committed 48704K, reserved 1114112K
  class space    used 6234K, committed 6464K, reserved 1048576K
}
Event: 426.868 GC heap after
{Heap after GC invocations=41 (full 23):
 garbage-first heap   total 63488K, used 27664K [0x00000000c0000000, 0x0000000100000000)
  region size 1024K, 0 young (0K), 0 survivors (0K)
 Metaspace       used 48157K, committed 48704K, reserved 1114112K
  class space    used 6234K, committed 6464K, reserved 1048576K
}
Event: 437.262 GC heap before
{Heap before GC invocations=41 (full 23):
 garbage-first heap   total 63488K, used 27664K [0x00000000c0000000, 0x0000000100000000)
  region size 1024K, 1 young (1024K), 0 survivors (0K)
 Metaspace       used 48157K, committed 48704K, reserved 1114112K
  class space    used 6234K, committed 6464K, reserved 1048576K
}
Event: 437.319 GC heap after
{Heap after GC invocations=42 (full 24):
 garbage-first heap   total 63488K, used 27664K [0x00000000c0000000, 0x0000000100000000)
  region size 1024K, 0 young (0K), 0 survivors (0K)
 Metaspace       used 48157K, committed 48704K, reserved 1114112K
  class space    used 6234K, committed 6464K, reserved 1048576K
}
Event: 447.695 GC heap before
{Heap before GC invocations=42 (full 24):
 garbage-first heap   total 63488K, used 27664K [0x00000000c0000000, 0x0000000100000000)
  region size 1024K, 1 young (1024K), 0 survivors (0K)
 Metaspace       used 48157K, committed 48704K, reserved 1114112K
  class space    used 6234K, committed 6464K, reserved 1048576K
}
Event: 447.751 GC heap after
{Heap after GC invocations=43 (full 25):
 garbage-first heap   total 63488K, used 27664K [0x00000000c0000000, 0x0000000100000000)
  region size 1024K, 0 young (0K), 0 survivors (0K)
 Metaspace       used 48157K, committed 48704K, reserved 1114112K
  class space    used 6234K, committed 6464K, reserved 1048576K
}

Dll operation events (10 events):
Event: 0.200 Loaded shared library c:\Users\maxim\.vscode\extensions\redhat.java-1.32.0-win32-x64\jre\17.0.11-win32-x86_64\bin\java.dll
Event: 12.028 Loaded shared library C:\Users\maxim\.vscode\extensions\redhat.java-1.32.0-win32-x64\jre\17.0.11-win32-x86_64\bin\net.dll
Event: 12.035 Loaded shared library C:\Users\maxim\.vscode\extensions\redhat.java-1.32.0-win32-x64\jre\17.0.11-win32-x86_64\bin\nio.dll
Event: 12.457 Loaded shared library C:\Users\maxim\.vscode\extensions\redhat.java-1.32.0-win32-x64\jre\17.0.11-win32-x86_64\bin\zip.dll
Event: 16.944 Loaded shared library C:\Users\maxim\.vscode\extensions\redhat.java-1.32.0-win32-x64\jre\17.0.11-win32-x86_64\bin\jimage.dll
Event: 49.955 Loaded shared library c:\Users\maxim\.vscode\extensions\redhat.java-1.32.0-win32-x64\jre\17.0.11-win32-x86_64\bin\verify.dll
Event: 133.262 Loaded shared library C:\Users\maxim\.vscode\extensions\redhat.java-1.32.0-win32-x64\jre\17.0.11-win32-x86_64\bin\management.dll
Event: 133.283 Loaded shared library C:\Users\maxim\.vscode\extensions\redhat.java-1.32.0-win32-x64\jre\17.0.11-win32-x86_64\bin\management_ext.dll
Event: 148.692 Loaded shared library C:\Users\maxim\.vscode\extensions\redhat.java-1.32.0-win32-x64\jre\17.0.11-win32-x86_64\bin\sunmscapi.dll
Event: 151.680 Loaded shared library C:\Users\maxim\.vscode\extensions\redhat.java-1.32.0-win32-x64\jre\17.0.11-win32-x86_64\bin\extnet.dll

Deoptimization events (6 events):
Event: 145.546 Thread 0x000001e05bcbe9c0 DEOPT PACKING pc=0x000001e04f135b01 sp=0x0000006ba15fde00
Event: 145.547 Thread 0x000001e05bcbe9c0 DEOPT UNPACKING pc=0x000001e04ed37124 sp=0x0000006ba15fd290 mode 3
Event: 145.547 Thread 0x000001e05bcbd9c0 DEOPT PACKING pc=0x000001e04f152c97 sp=0x0000006ba1cfef80
Event: 145.547 Thread 0x000001e05bcbd9c0 DEOPT UNPACKING pc=0x000001e04ed37124 sp=0x0000006ba1cfe3d8 mode 3
Event: 149.658 Thread 0x000001e05bcbcfa0 DEOPT PACKING pc=0x000001e04ee9960c sp=0x0000006ba1efaea0
Event: 149.658 Thread 0x000001e05bcbcfa0 DEOPT UNPACKING pc=0x000001e04ed37124 sp=0x0000006ba1efa368 mode 0

Classes unloaded (20 events):
Event: 204.108 Thread 0x000001e056149d20 Unloading class 0x00000001004bc000 'java/lang/invoke/LambdaForm$MH+0x00000001004bc000'
Event: 204.108 Thread 0x000001e056149d20 Unloading class 0x00000001003b5400 'java/lang/invoke/LambdaForm$MH+0x00000001003b5400'
Event: 204.108 Thread 0x000001e056149d20 Unloading class 0x00000001003b6000 'java/lang/invoke/LambdaForm$MH+0x00000001003b6000'
Event: 204.108 Thread 0x000001e056149d20 Unloading class 0x00000001003b7400 'java/lang/invoke/LambdaForm$MH+0x00000001003b7400'
Event: 204.108 Thread 0x000001e056149d20 Unloading class 0x00000001003b8400 'java/lang/invoke/LambdaForm$MH+0x00000001003b8400'
Event: 204.108 Thread 0x000001e056149d20 Unloading class 0x00000001003b8c00 'java/lang/invoke/LambdaForm$MH+0x00000001003b8c00'
Event: 204.108 Thread 0x000001e056149d20 Unloading class 0x00000001003b9400 'java/lang/invoke/LambdaForm$MH+0x00000001003b9400'
Event: 204.108 Thread 0x000001e056149d20 Unloading class 0x00000001003c9400 'java/lang/invoke/LambdaForm$MH+0x00000001003c9400'
Event: 204.108 Thread 0x000001e056149d20 Unloading class 0x00000001003c9000 'java/lang/invoke/LambdaForm$MH+0x00000001003c9000'
Event: 204.108 Thread 0x000001e056149d20 Unloading class 0x00000001003c8c00 'java/lang/invoke/LambdaForm$MH+0x00000001003c8c00'
Event: 204.108 Thread 0x000001e056149d20 Unloading class 0x00000001003bec00 'java/lang/invoke/LambdaForm$MH+0x00000001003bec00'
Event: 204.108 Thread 0x000001e056149d20 Unloading class 0x00000001003be400 'java/lang/invoke/LambdaForm$MH+0x00000001003be400'
Event: 204.108 Thread 0x000001e056149d20 Unloading class 0x00000001003be000 'java/lang/invoke/LambdaForm$MH+0x00000001003be000'
Event: 204.108 Thread 0x000001e056149d20 Unloading class 0x00000001003bdc00 'java/lang/invoke/LambdaForm$MH+0x00000001003bdc00'
Event: 204.108 Thread 0x000001e056149d20 Unloading class 0x00000001003bd400 'java/lang/invoke/LambdaForm$MH+0x00000001003bd400'
Event: 204.108 Thread 0x000001e056149d20 Unloading class 0x00000001003bd000 'java/lang/invoke/LambdaForm$MH+0x00000001003bd000'
Event: 204.108 Thread 0x000001e056149d20 Unloading class 0x000000010008cc00 'java/lang/invoke/LambdaForm$MH+0x000000010008cc00'
Event: 204.109 Thread 0x000001e056149d20 Unloading class 0x000000010008c800 'java/lang/invoke/LambdaForm$MH+0x000000010008c800'
Event: 204.109 Thread 0x000001e056149d20 Unloading class 0x000000010008c000 'java/lang/invoke/LambdaForm$MH+0x000000010008c000'
Event: 204.109 Thread 0x000001e056149d20 Unloading class 0x000000010008bc00 'java/lang/invoke/LambdaForm$MH+0x000000010008bc00'

Classes redefined (0 events):
No events

Internal exceptions (20 events):
Event: 147.278 Thread 0x000001e05bcbd9c0 Exception <a 'sun/nio/fs/WindowsException'{0x00000000c32a2228}> (0x00000000c32a2228) 
thrown [s\src\hotspot\share\prims\jni.cpp, line 516]
Event: 147.279 Thread 0x000001e05bcbd9c0 Exception <a 'sun/nio/fs/WindowsException'{0x00000000c32a2cd0}> (0x00000000c32a2cd0) 
thrown [s\src\hotspot\share\prims\jni.cpp, line 516]
Event: 147.279 Thread 0x000001e05bcbd9c0 Exception <a 'sun/nio/fs/WindowsException'{0x00000000c32a3710}> (0x00000000c32a3710) 
thrown [s\src\hotspot\share\prims\jni.cpp, line 516]
Event: 147.279 Thread 0x000001e05bcbd9c0 Exception <a 'sun/nio/fs/WindowsException'{0x00000000c32a41a0}> (0x00000000c32a41a0) 
thrown [s\src\hotspot\share\prims\jni.cpp, line 516]
Event: 147.282 Thread 0x000001e05bcbd9c0 Exception <a 'sun/nio/fs/WindowsException'{0x00000000c32a4d00}> (0x00000000c32a4d00) 
thrown [s\src\hotspot\share\prims\jni.cpp, line 516]
Event: 147.292 Thread 0x000001e05bcbd9c0 Exception <a 'sun/nio/fs/WindowsException'{0x00000000c32a58c8}> (0x00000000c32a58c8) 
thrown [s\src\hotspot\share\prims\jni.cpp, line 516]
Event: 147.300 Thread 0x000001e05bcbd9c0 Exception <a 'sun/nio/fs/WindowsException'{0x00000000c32accd0}> (0x00000000c32accd0) 
thrown [s\src\hotspot\share\prims\jni.cpp, line 516]
Event: 147.305 Thread 0x000001e05bcbd9c0 Exception <a 'sun/nio/fs/WindowsException'{0x00000000c32ad760}> (0x00000000c32ad760) 
thrown [s\src\hotspot\share\prims\jni.cpp, line 516]
Event: 147.305 Thread 0x000001e05bcbd9c0 Exception <a 'sun/nio/fs/WindowsException'{0x00000000c32ae1a0}> (0x00000000c32ae1a0) 
thrown [s\src\hotspot\share\prims\jni.cpp, line 516]
Event: 147.305 Thread 0x000001e05bcbd9c0 Exception <a 'sun/nio/fs/WindowsException'{0x00000000c32aec30}> (0x00000000c32aec30) 
thrown [s\src\hotspot\share\prims\jni.cpp, line 516]
Event: 147.307 Thread 0x000001e05bcbd9c0 Exception <a 'sun/nio/fs/WindowsException'{0x00000000c32af790}> (0x00000000c32af790) 
thrown [s\src\hotspot\share\prims\jni.cpp, line 516]
Event: 147.307 Thread 0x000001e05bcbd9c0 Exception <a 'sun/nio/fs/WindowsException'{0x00000000c32b0358}> (0x00000000c32b0358) 
thrown [s\src\hotspot\share\prims\jni.cpp, line 516]
Event: 148.078 Thread 0x000001e05bcbcfa0 Exception <a 'java/lang/NoSuchMethodError'{0x00000000c2e65b30}: 'java.lang.Object java.lang.invoke.DirectMethodHandle$Holder.invokeStatic(java.lang.Object, java.lang.Object, int, java.lang.Object)'> (0x00000000c2e65b30) 
thrown [s\src\hotspot\share\interpreter\linkResolver.cpp, line 759]
Event: 148.079 Thread 0x000001e05bcbcfa0 Exception <a 'java/lang/NoSuchMethodError'{0x00000000c2e6bf10}: 'java.lang.Object java.lang.invoke.DirectMethodHandle$Holder.newInvokeSpecial(java.lang.Object, java.lang.Object, int)'> (0x00000000c2e6bf10) 
thrown [s\src\hotspot\share\interpreter\linkResolver.cpp, line 759]
Event: 149.555 Thread 0x000001e05bcbcfa0 Exception <a 'sun/nio/fs/WindowsException'{0x00000000c39b2d38}> (0x00000000c39b2d38) 
thrown [s\src\hotspot\share\prims\jni.cpp, line 516]
Event: 191.861 Thread 0x000001e05bacf030 Exception <a 'java/lang/NoSuchMethodError'{0x00000000c3602c90}: 'void java.lang.invoke.DirectMethodHandle$Holder.invokeStatic(java.lang.Object, long)'> (0x00000000c3602c90) 
thrown [s\src\hotspot\share\interpreter\linkResolver.cpp, line 759]
Event: 191.863 Thread 0x000001e05bacf030 Exception <a 'java/lang/NoSuchMethodError'{0x00000000c3608038}: 'java.lang.Object java.lang.invoke.DirectMethodHandle$Holder.newInvokeSpecial(java.lang.Object, long)'> (0x00000000c3608038) 
thrown [s\src\hotspot\share\interpreter\linkResolver.cpp, line 759]
Event: 454.692 Thread 0x000001e05bdd6fc0 Exception <a 'java/io/IOException'{0x00000000c3d5bd88}> (0x00000000c3d5bd88) 
thrown [s\src\hotspot\share\prims\jni.cpp, line 516]
Event: 455.883 Thread 0x000001e05bdd4740 Exception <a 'java/io/IOException'{0x00000000c3d641d0}> (0x00000000c3d641d0) 
thrown [s\src\hotspot\share\prims\jni.cpp, line 516]
Event: 456.926 Thread 0x000001e05bdd19b0 Exception <a 'java/io/IOException'{0x00000000c3d73d90}> (0x00000000c3d73d90) 
thrown [s\src\hotspot\share\prims\jni.cpp, line 516]

VM Operations (20 events):
Event: 363.717 Executing VM operation: G1CollectFull done
Event: 374.418 Executing VM operation: G1CollectFull
Event: 374.475 Executing VM operation: G1CollectFull done
Event: 384.857 Executing VM operation: G1CollectFull
Event: 384.912 Executing VM operation: G1CollectFull done
Event: 395.453 Executing VM operation: G1CollectFull
Event: 395.510 Executing VM operation: G1CollectFull done
Event: 405.919 Executing VM operation: G1CollectFull
Event: 405.981 Executing VM operation: G1CollectFull done
Event: 416.365 Executing VM operation: G1CollectFull
Event: 416.420 Executing VM operation: G1CollectFull done
Event: 426.813 Executing VM operation: G1CollectFull
Event: 426.869 Executing VM operation: G1CollectFull done
Event: 437.262 Executing VM operation: G1CollectFull
Event: 437.320 Executing VM operation: G1CollectFull done
Event: 447.694 Executing VM operation: G1CollectFull
Event: 447.752 Executing VM operation: G1CollectFull done
Event: 454.757 Executing VM operation: Cleanup
Event: 454.757 Executing VM operation: Cleanup done
Event: 458.438 Executing VM operation: G1CollectFull

Events (20 events):
Event: 454.682 loading class sun/nio/ch/SocketOptionRegistry
Event: 454.682 loading class sun/nio/ch/SocketOptionRegistry done
Event: 454.682 loading class sun/nio/ch/SocketOptionRegistry$RegistryKey
Event: 454.682 loading class sun/nio/ch/SocketOptionRegistry$RegistryKey done
Event: 454.682 loading class sun/nio/ch/SocketOptionRegistry$LazyInitialization
Event: 454.682 loading class sun/nio/ch/SocketOptionRegistry$LazyInitialization done
Event: 454.682 loading class sun/nio/ch/OptionKey
Event: 454.682 loading class sun/nio/ch/OptionKey done
Event: 454.682 loading class sun/nio/ch/ExtendedSocketOption
Event: 454.682 loading class sun/nio/ch/ExtendedSocketOption done
Event: 454.682 loading class sun/nio/ch/ExtendedSocketOption$1
Event: 454.682 loading class sun/nio/ch/ExtendedSocketOption$1 done
Event: 454.683 loading class sun/security/ssl/Alert
Event: 454.685 loading class sun/security/ssl/Alert done
Event: 454.686 loading class sun/security/ssl/Alert$AlertConsumer
Event: 454.687 loading class sun/security/ssl/Alert$AlertConsumer done
Event: 454.687 loading class sun/security/ssl/Alert$Level
Event: 454.687 loading class sun/security/ssl/Alert$Level done
Event: 454.692 loading class sun/net/ConnectionResetException
Event: 454.692 loading class sun/net/ConnectionResetException done


Dynamic libraries:
0x00007ff694260000 - 0x00007ff69426e000 	c:\Users\maxim\.vscode\extensions\redhat.java-1.32.0-win32-x64\jre\17.0.11-win32-x86_64\bin\java.exe
0x00007ffd522b0000 - 0x00007ffd524a8000 	C:\Windows\SYSTEM32\ntdll.dll
0x00007ffd515c0000 - 0x00007ffd51681000 	C:\Windows\System32\KERNEL32.DLL
0x00007ffd4fa00000 - 0x00007ffd4fcf6000 	C:\Windows\System32\KERNELBASE.dll
0x00007ffd4fea0000 - 0x00007ffd4ffa0000 	C:\Windows\System32\ucrtbase.dll
0x00007ffd492b0000 - 0x00007ffd492c7000 	c:\Users\maxim\.vscode\extensions\redhat.java-1.32.0-win32-x64\jre\17.0.11-win32-x86_64\bin\jli.dll
0x00007ffd50600000 - 0x00007ffd5079f000 	C:\Windows\System32\USER32.dll
0x00007ffd4fd70000 - 0x00007ffd4fd92000 	C:\Windows\System32\win32u.dll
0x00007ffd50490000 - 0x00007ffd504bb000 	C:\Windows\System32\GDI32.dll
0x00007ffd4ffa0000 - 0x00007ffd500b7000 	C:\Windows\System32\gdi32full.dll
0x00007ffd4f960000 - 0x00007ffd4f9fd000 	C:\Windows\System32\msvcp_win.dll
0x00007ffd48790000 - 0x00007ffd487ab000 	c:\Users\maxim\.vscode\extensions\redhat.java-1.32.0-win32-x64\jre\17.0.11-win32-x86_64\bin\VCRUNTIME140.dll
0x00007ffd38d70000 - 0x00007ffd3900a000 	C:\Windows\WinSxS\amd64_microsoft.windows.common-controls_6595b64144ccf1df_6.0.19041.4355_none_60b8b9eb71f62e16\COMCTL32.dll
0x00007ffd514c0000 - 0x00007ffd5155e000 	C:\Windows\System32\msvcrt.dll
0x00007ffd504c0000 - 0x00007ffd504ef000 	C:\Windows\System32\IMM32.DLL
0x00007ffd49460000 - 0x00007ffd4946c000 	c:\Users\maxim\.vscode\extensions\redhat.java-1.32.0-win32-x64\jre\17.0.11-win32-x86_64\bin\vcruntime140_1.dll
0x00007ffd2ba90000 - 0x00007ffd2bb1d000 	c:\Users\maxim\.vscode\extensions\redhat.java-1.32.0-win32-x64\jre\17.0.11-win32-x86_64\bin\msvcp140.dll
0x00007ffcdf710000 - 0x00007ffce0372000 	c:\Users\maxim\.vscode\extensions\redhat.java-1.32.0-win32-x64\jre\17.0.11-win32-x86_64\bin\server\jvm.dll
0x00007ffd509d0000 - 0x00007ffd50a80000 	C:\Windows\System32\ADVAPI32.dll
0x00007ffd50a90000 - 0x00007ffd50b30000 	C:\Windows\System32\sechost.dll
0x00007ffd508a0000 - 0x00007ffd509c3000 	C:\Windows\System32\RPCRT4.dll
0x00007ffd502b0000 - 0x00007ffd502d7000 	C:\Windows\System32\bcrypt.dll
0x00007ffd4f7b0000 - 0x00007ffd4f7fb000 	C:\Windows\SYSTEM32\POWRPROF.dll
0x00007ffd3c270000 - 0x00007ffd3c279000 	C:\Windows\SYSTEM32\WSOCK32.dll
0x00007ffd513c0000 - 0x00007ffd5142b000 	C:\Windows\System32\WS2_32.dll
0x00007ffd3b9a0000 - 0x00007ffd3b9c7000 	C:\Windows\SYSTEM32\WINMM.dll
0x00007ffd47a80000 - 0x00007ffd47a8a000 	C:\Windows\SYSTEM32\VERSION.dll
0x00007ffd4f790000 - 0x00007ffd4f7a2000 	C:\Windows\SYSTEM32\UMPDC.dll
0x00007ffd4d700000 - 0x00007ffd4d712000 	C:\Windows\SYSTEM32\kernel.appcore.dll
0x00007ffd491f0000 - 0x00007ffd491fa000 	c:\Users\maxim\.vscode\extensions\redhat.java-1.32.0-win32-x64\jre\17.0.11-win32-x86_64\bin\jimage.dll
0x00007ffd4b3b0000 - 0x00007ffd4b594000 	C:\Windows\SYSTEM32\DBGHELP.DLL
0x00007ffd46de0000 - 0x00007ffd46e14000 	C:\Windows\SYSTEM32\dbgcore.DLL
0x00007ffd50220000 - 0x00007ffd502a2000 	C:\Windows\System32\bcryptPrimitives.dll
0x00007ffd48710000 - 0x00007ffd48735000 	c:\Users\maxim\.vscode\extensions\redhat.java-1.32.0-win32-x64\jre\17.0.11-win32-x86_64\bin\java.dll
0x00007ffd48410000 - 0x00007ffd48428000 	c:\Users\maxim\.vscode\extensions\redhat.java-1.32.0-win32-x64\jre\17.0.11-win32-x86_64\bin\zip.dll
0x00007ffd50b30000 - 0x00007ffd5129c000 	C:\Windows\System32\SHELL32.dll
0x00007ffd4d9e0000 - 0x00007ffd4e17e000 	C:\Windows\SYSTEM32\windows.storage.dll
0x00007ffd517c0000 - 0x00007ffd51b13000 	C:\Windows\System32\combase.dll
0x00007ffd4f2b0000 - 0x00007ffd4f2de000 	C:\Windows\SYSTEM32\Wldp.dll
0x00007ffd520f0000 - 0x00007ffd521bd000 	C:\Windows\System32\OLEAUT32.dll
0x00007ffd521c0000 - 0x00007ffd5226d000 	C:\Windows\System32\SHCORE.dll
0x00007ffd50840000 - 0x00007ffd50895000 	C:\Windows\System32\shlwapi.dll
0x00007ffd4f890000 - 0x00007ffd4f8b4000 	C:\Windows\SYSTEM32\profapi.dll
0x00007ffd483d0000 - 0x00007ffd483e9000 	C:\Users\maxim\.vscode\extensions\redhat.java-1.32.0-win32-x64\jre\17.0.11-win32-x86_64\bin\net.dll
0x00007ffd46560000 - 0x00007ffd4666a000 	C:\Windows\SYSTEM32\WINHTTP.dll
0x00007ffd4f010000 - 0x00007ffd4f07a000 	C:\Windows\system32\mswsock.dll
0x00007ffd3ded0000 - 0x00007ffd3dee6000 	C:\Users\maxim\.vscode\extensions\redhat.java-1.32.0-win32-x64\jre\17.0.11-win32-x86_64\bin\nio.dll
0x00007ffd499f0000 - 0x00007ffd49a00000 	c:\Users\maxim\.vscode\extensions\redhat.java-1.32.0-win32-x64\jre\17.0.11-win32-x86_64\bin\verify.dll
0x00007ffd4f210000 - 0x00007ffd4f228000 	C:\Windows\SYSTEM32\CRYPTSP.dll
0x00007ffd4e930000 - 0x00007ffd4e964000 	C:\Windows\system32\rsaenh.dll
0x00007ffd4f800000 - 0x00007ffd4f82e000 	C:\Windows\SYSTEM32\USERENV.dll
0x00007ffd4f200000 - 0x00007ffd4f20c000 	C:\Windows\SYSTEM32\CRYPTBASE.dll
0x00007ffd4ecf0000 - 0x00007ffd4ed2b000 	C:\Windows\SYSTEM32\IPHLPAPI.DLL
0x00007ffd50a80000 - 0x00007ffd50a88000 	C:\Windows\System32\NSI.dll
0x00007ffd47bc0000 - 0x00007ffd47bd7000 	C:\Windows\SYSTEM32\dhcpcsvc6.DLL
0x00007ffd47ba0000 - 0x00007ffd47bbd000 	C:\Windows\SYSTEM32\dhcpcsvc.DLL
0x00007ffd4ed30000 - 0x00007ffd4edfa000 	C:\Windows\SYSTEM32\DNSAPI.dll
0x00007ffd49330000 - 0x00007ffd49339000 	C:\Users\maxim\.vscode\extensions\redhat.java-1.32.0-win32-x64\jre\17.0.11-win32-x86_64\bin\management.dll
0x00007ffd49320000 - 0x00007ffd4932b000 	C:\Users\maxim\.vscode\extensions\redhat.java-1.32.0-win32-x64\jre\17.0.11-win32-x86_64\bin\management_ext.dll
0x00007ffd507a0000 - 0x00007ffd507a8000 	C:\Windows\System32\PSAPI.DLL
0x00007ffd48480000 - 0x00007ffd4848e000 	C:\Users\maxim\.vscode\extensions\redhat.java-1.32.0-win32-x64\jre\17.0.11-win32-x86_64\bin\sunmscapi.dll
0x00007ffd500c0000 - 0x00007ffd5021e000 	C:\Windows\System32\CRYPT32.dll
0x00007ffd4f320000 - 0x00007ffd4f349000 	C:\Windows\SYSTEM32\ncrypt.dll
0x00007ffd4f2e0000 - 0x00007ffd4f31b000 	C:\Windows\SYSTEM32\NTASN1.dll
0x00007ffd3d150000 - 0x00007ffd3d15a000 	C:\Windows\System32\rasadhlp.dll
0x00007ffd3d4d0000 - 0x00007ffd3d550000 	C:\Windows\System32\fwpuclnt.dll
0x00007ffd48380000 - 0x00007ffd48389000 	C:\Users\maxim\.vscode\extensions\redhat.java-1.32.0-win32-x64\jre\17.0.11-win32-x86_64\bin\extnet.dll

dbghelp: loaded successfully - version: 4.0.5 - missing functions: none
symbol engine: initialized successfully - sym options: 0x614 - pdb path: .;c:\Users\maxim\.vscode\extensions\redhat.java-1.32.0-win32-x64\jre\17.0.11-win32-x86_64\bin;C:\Windows\SYSTEM32;C:\Windows\WinSxS\amd64_microsoft.windows.common-controls_6595b64144ccf1df_6.0.19041.4355_none_60b8b9eb71f62e16;c:\Users\maxim\.vscode\extensions\redhat.java-1.32.0-win32-x64\jre\17.0.11-win32-x86_64\bin\server

VM Arguments:
jvm_args: -Xmx1024m -Dsts.lsp.client=vscode -Dsts.log.file=/dev/null -XX:TieredStopAtLevel=1 -Xlog:jni+resolve=off -Dspring.config.location=file:c:\Users\maxim\.vscode\extensions\vmware.vscode-spring-boot-1.55.1\language-server\BOOT-INF\classes\application.properties 
java_command: org.springframework.ide.vscode.boot.app.BootLanguageServerBootApp
java_class_path (initial): c:\Users\maxim\.vscode\extensions\vmware.vscode-spring-boot-1.55.1\language-server\BOOT-INF\classes;c:\Users\maxim\.vscode\extensions\vmware.vscode-spring-boot-1.55.1\language-server\BOOT-INF\lib\annotations-24.1.0.jar;c:\Users\maxim\.vscode\extensions\vmware.vscode-spring-boot-1.55.1\language-server\BOOT-INF\lib\antlr4-runtime-4.13.1.jar;c:\Users\maxim\.vscode\extensions\vmware.vscode-spring-boot-1.55.1\language-server\BOOT-INF\lib\asm-9.7.jar;c:\Users\maxim\.vscode\extensions\vmware.vscode-spring-boot-1.55.1\language-server\BOOT-INF\lib\asm-analysis-9.7.jar;c:\Users\maxim\.vscode\extensions\vmware.vscode-spring-boot-1.55.1\language-server\BOOT-INF\lib\asm-tree-9.7.jar;c:\Users\maxim\.vscode\extensions\vmware.vscode-spring-boot-1.55.1\language-server\BOOT-INF\lib\asm-util-9.7.jar;c:\Users\maxim\.vscode\extensions\vmware.vscode-spring-boot-1.55.1\language-server\BOOT-INF\lib\caffeine-3.1.8.jar;c:\Users\maxim\.vscode\extensions\vmware.vscode-spring-boot-1.55.1\language-server\BOOT-INF\lib\checker-qual-3.12.0.jar;c:\Users\maxim\.vscode\extensions\vmware.vscode-spring-boot-1.55.1\language-server\BOOT-INF\lib\classgraph-4.8.149.jar;c:\Users\maxim\.vscode\extensions\vmware.vscode-spring-boot-1.55.1\language-server\BOOT-INF\lib\commons-codec-1.16.1.jar;c:\Users\maxim\.vscode\extensions\vmware.vscode-spring-boot-1.55.1\language-server\BOOT-INF\lib\commons-compress-1.26.1.jar;c:\Users\maxim\.vscode\extensions\vmware.vscode-spring-boot-1.55.1\language-server\BOOT-INF\lib\commons-io-2.16.1.jar;c:\Users\maxim\.vscode\extensions\vmware.vscode-spring-boot-1.55.1\language-server\BOOT-INF\lib\commons-java-1.55.1-SNAPSHOT.jar;c:\Users\maxim\.vscode\extensions\vmware.vscode-spring-boot-1.55.1\language-server\BOOT-INF\lib\commons-lang3-3.14.0.jar;c:\Users\maxim\.vscode\extensions\vmware.vscode-spring-boot-1.55.1\language-server\BOOT-INF\lib\commons-language-server-1.55.1-SNAPSHOT.jar;c:\Users\maxim\.vscode\extensions\vmware.vscode-spring-boot-1.55.1\langu
Launcher Type: SUN_STANDARD

[Global flags]
     intx CICompilerCount                          = 2                                         {product} {ergonomic}
     uint ConcGCThreads                            = 1                                         {product} {ergonomic}
     uint G1ConcRefinementThreads                  = 2                                         {product} {ergonomic}
   size_t G1HeapRegionSize                         = 1048576                                   {product} {ergonomic}
    uintx GCDrainStackTargetSize                   = 64                                        {product} {ergonomic}
   size_t InitialHeapSize                          = 65011712                                  {product} {ergonomic}
   size_t MarkStackSize                            = 4194304                                   {product} {ergonomic}
   size_t MaxHeapSize                              = 1073741824                                {product} {command line}
   size_t MaxNewSize                               = 643825664                                 {product} {ergonomic}
   size_t MinHeapDeltaBytes                        = 1048576                                   {product} {ergonomic}
   size_t MinHeapSize                              = 8388608                                   {product} {ergonomic}
    uintx NonProfiledCodeHeapSize                  = 0                                      {pd product} {ergonomic}
     bool ProfileInterpreter                       = false                                  {pd product} {command line}
    uintx ProfiledCodeHeapSize                     = 0                                      {pd product} {ergonomic}
   size_t SoftMaxHeapSize                          = 1073741824                             {manageable} {ergonomic}
     intx TieredStopAtLevel                        = 1                                         {product} {command line}
     bool UseCompressedClassPointers               = true                           {product lp64_product} {ergonomic}
     bool UseCompressedOops                        = true                           {product lp64_product} {ergonomic}
     bool UseG1GC                                  = true                                      {product} {ergonomic}
     bool UseLargePagesIndividualAllocation        = false                                  {pd product} {ergonomic}

Logging:
Log output configuration:
 #0: stdout all=warning,jni+resolve=off uptime,level,tags
 #1: stderr all=off uptime,level,tags

Environment Variables:
JAVA_HOME=C:\Program Files\Java\jdk-17
PATH=C:\Python312\Scripts\;C:\Python312\;C:\Program Files\Eclipse Adoptium\jdk-21.0.3.9-hotspot\bin;C:\Program Files\Common Files\Oracle\Java\javapath;C:\Windows\system32;C:\Windows;C:\Windows\System32\Wbem;C:\Windows\System32\WindowsPowerShell\v1.0\;C:\Windows\System32\OpenSSH\;C:\Program Files\Git\cmd;C:\Program Files\MongoDB\Server\7.0\bin;C:\Program Files\MongoDB\Server\7.0\bin;C:\Program Files\nodejs\;C:\ProgramData\chocolatey\bin;C:\Python\Scripts\;C:\Python\;C:\Users\maxim\AppData\Local\Programs\Python\Python38-32\Scripts\;C:\Users\maxim\AppData\Local\Programs\Python\Python38-32\;C:\Users\maxim\AppData\Local\Microsoft\WindowsApps;C:\Users\maxim\AppData\Local\GitHubDesktop\bin;C:\Users\maxim\AppData\Local\Programs\Microsoft VS Code\bin;C:\Users\maxim\AppData\Roaming\npm
USERNAME=maxim
OS=Windows_NT
PROCESSOR_IDENTIFIER=Intel64 Family 6 Model 92 Stepping 9, GenuineIntel
TMP=C:\Users\maxim\AppData\Local\Temp
TEMP=C:\Users\maxim\AppData\Local\Temp



Periodic native trim disabled


---------------  S Y S T E M  ---------------

OS:
 Windows 10 , 64 bit Build 19041 (10.0.19041.4597)
OS uptime: 1 days 7:57 hours

CPU: total 2 (initial active 2) (2 cores per cpu, 1 threads per core) family 6 model 92 stepping 9 microcode 0x38, cx8, cmov, fxsr, mmx, 3dnowpref, sse, sse2, sse3, ssse3, sse4.1, sse4.2, popcnt, tsc, tscinvbit, aes, erms, clmul, sha, clflush, clflushopt
Processor Information for all 2 processors :
  Max Mhz: 1101, Current Mhz: 1101, Mhz Limit: 1101

Memory: 4k page, system-wide physical 3924M (643M free)
TotalPageFile size 9232M (AvailPageFile size 5M)
current process WorkingSet (physical memory assigned to process): 150M, peak: 168M
current process commit charge ("private bytes"): 197M, peak: 199M

vm_info: OpenJDK 64-Bit Server VM (17.0.11+9) for windows-amd64 JRE (17.0.11+9), built on Apr 17 2024 06:07:48 by "admin" with MS VC++ 16.10 / 16.11 (VS2019)

END.
