#
# There is insufficient memory for the Java Runtime Environment to continue.
# Native memory allocation (mmap) failed to map 65536 bytes for Failed to commit metaspace.
# Possible reasons:
#   The system is out of physical RAM or swap space
#   The process is running with CompressedOops enabled, and the Java Heap may be blocking the growth of the native heap
# Possible solutions:
#   Reduce memory load on the system
#   Increase physical memory or swap space
#   Check if swap backing store is full
#   Decrease Java heap size (-Xmx/-Xms)
#   Decrease number of Java threads
#   Decrease Java thread stack sizes (-Xss)
#   Set larger code cache with -XX:ReservedCodeCacheSize=
#   JVM is running with Unscaled Compressed Oops mode in which the Java heap is
#     placed in the first 4GB address space. The Java Heap base address is the
#     maximum limit for the native heap growth. Please use -XX:HeapBaseMinAddress
#     to set the Java Heap base and to place the Java Heap above 4GB virtual address.
# This output file may be truncated or incomplete.
#
#  Out of Memory Error (virtualSpaceNode.cpp:110), pid=14704, tid=6124
#
# JRE version: Java(TM) SE Runtime Environment (17.0.10+11) (build 17.0.10+11-LTS-240)
# Java VM: Java HotSpot(TM) 64-Bit Server VM (17.0.10+11-LTS-240, mixed mode, sharing, tiered, compressed oops, compressed class ptrs, g1 gc, windows-amd64)
# No core dump will be written. Minidumps are not enabled by default on client versions of Windows
#

---------------  S U M M A R Y ------------

Command Line: -Dcom.sun.management.jmxremote -Dcom.sun.management.jmxremote.port=56570 -Dcom.sun.management.jmxremote.authenticate=false -Dcom.sun.management.jmxremote.ssl=false -Dspring.jmx.enabled=true -Djava.rmi.server.hostname=localhost -Dspring.application.admin.enabled=true -Dspring.boot.project.name=demo -XX:+ShowCodeDetailsInExceptionMessages com.example.demo.DemoApplication

Host: Intel(R) Celeron(R) CPU N3350 @ 1.10GHz, 2 cores, 3G,  Windows 10 , 64 bit Build 19041 (10.0.19041.4597)
Time: Sat Jul 13 13:35:55 2024 Hora estándar de Argentina elapsed time: 0.950423 seconds (0d 0h 0m 0s)

---------------  T H R E A D  ---------------

Current thread (0x00000245994271b0):  JavaThread "main" [_thread_in_vm, id=6124, stack(0x000000fc85f00000,0x000000fc86000000)]

Stack: [0x000000fc85f00000,0x000000fc86000000]
Native frames: (J=compiled Java code, j=interpreted, Vv=VM code, C=native code)
V  [jvm.dll+0x677a5a]
V  [jvm.dll+0x7d8b2d]
V  [jvm.dll+0x7da48e]
V  [jvm.dll+0x7daaf3]
V  [jvm.dll+0x2455ff]
V  [jvm.dll+0x7d483b]
V  [jvm.dll+0x61dc06]
V  [jvm.dll+0x61dc6a]
V  [jvm.dll+0x62049d]
V  [jvm.dll+0x61e5c6]
V  [jvm.dll+0x23b031]
V  [jvm.dll+0x1e9d67]
V  [jvm.dll+0x1dfa01]
V  [jvm.dll+0x53d58c]
V  [jvm.dll+0x1f031a]
V  [jvm.dll+0x75284d]
V  [jvm.dll+0x753c46]
V  [jvm.dll+0x7543d5]
V  [jvm.dll+0x1ea621]
V  [jvm.dll+0x1dfa1a]
V  [jvm.dll+0x53d58c]
V  [jvm.dll+0x1f031a]
V  [jvm.dll+0x75284d]
V  [jvm.dll+0x753c46]
V  [jvm.dll+0x6002d3]
V  [jvm.dll+0x61c6a7]
V  [jvm.dll+0x5f9f97]
C  0x00000245a821d4ac

Java frames: (J=compiled Java code, j=interpreted, Vv=VM code)
j  sun.management.MemoryImpl.getMemoryManagers0()[Ljava/lang/management/MemoryManagerMXBean;+0 java.management@17.0.10
j  sun.management.MemoryImpl.getMemoryManagers()[Ljava/lang/management/MemoryManagerMXBean;+6 java.management@17.0.10
j  sun.management.ManagementFactoryHelper.getMemoryManagerMXBeans()Ljava/util/List;+0 java.management@17.0.10
j  java.lang.management.DefaultPlatformMBeanProvider$5.nameToMBeanMap()Ljava/util/Map;+0 java.management@17.0.10
j  java.lang.management.ManagementFactory.lambda$getPlatformMBeanServer$0(Lsun/management/spi/PlatformMBeanProvider$PlatformComponent;)Ljava/util/stream/Stream;+1 java.management@17.0.10
j  java.lang.management.ManagementFactory$$Lambda$17+0x00000245b5057888.apply(Ljava/lang/Object;)Ljava/lang/Object;+4 java.management@17.0.10
j  java.util.stream.ReferencePipeline$7$1.accept(Ljava/lang/Object;)V+8 java.base@17.0.10
j  java.util.stream.ReferencePipeline$2$1.accept(Ljava/lang/Object;)V+21 java.base@17.0.10
j  java.util.HashMap$ValueSpliterator.forEachRemaining(Ljava/util/function/Consumer;)V+145 java.base@17.0.10
j  java.util.stream.AbstractPipeline.copyInto(Ljava/util/stream/Sink;Ljava/util/Spliterator;)V+32 java.base@17.0.10
j  java.util.stream.AbstractPipeline.wrapAndCopyInto(Ljava/util/stream/Sink;Ljava/util/Spliterator;)Ljava/util/stream/Sink;+13 java.base@17.0.10
j  java.util.stream.ForEachOps$ForEachOp.evaluateSequential(Ljava/util/stream/PipelineHelper;Ljava/util/Spliterator;)Ljava/lang/Void;+3 java.base@17.0.10
j  java.util.stream.ForEachOps$ForEachOp$OfRef.evaluateSequential(Ljava/util/stream/PipelineHelper;Ljava/util/Spliterator;)Ljava/lang/Object;+3 java.base@17.0.10
j  java.util.stream.AbstractPipeline.evaluate(Ljava/util/stream/TerminalOp;)Ljava/lang/Object;+88 java.base@17.0.10
j  java.util.stream.ReferencePipeline.forEach(Ljava/util/function/Consumer;)V+6 java.base@17.0.10
j  java.lang.management.ManagementFactory.getPlatformMBeanServer()Ljavax/management/MBeanServer;+68 java.management@17.0.10
j  sun.management.jmxremote.ConnectorBootstrap.startRemoteConnectorServer(Ljava/lang/String;Ljava/util/Properties;)Ljavax/management/remote/JMXConnectorServer;+579 jdk.management.agent@17.0.10
j  jdk.internal.agent.Agent.startAgent(Ljava/util/Properties;)V+48 jdk.management.agent@17.0.10
j  jdk.internal.agent.Agent.startAgent()V+20 jdk.management.agent@17.0.10
v  ~StubRoutines::call_stub

---------------  P R O C E S S  ---------------

Threads class SMR info:
_java_thread_list=0x00000245f53facc0, length=12, elements={
0x00000245994271b0, 0x00000245f50eed40, 0x00000245f50f0360, 0x00000245f5104cd0,
0x00000245f51077a0, 0x00000245f5108900, 0x00000245f51092c0, 0x00000245f510c5e0,
0x00000245f5117510, 0x00000245f5133e10, 0x00000245f534f510, 0x00000245f53df180
}

Java Threads: ( => current thread )
=>0x00000245994271b0 JavaThread "main" [_thread_in_vm, id=6124, stack(0x000000fc85f00000,0x000000fc86000000)]
  0x00000245f50eed40 JavaThread "Reference Handler" daemon [_thread_blocked, id=6100, stack(0x000000fc86600000,0x000000fc86700000)]
  0x00000245f50f0360 JavaThread "Finalizer" daemon [_thread_blocked, id=5180, stack(0x000000fc86700000,0x000000fc86800000)]
  0x00000245f5104cd0 JavaThread "Signal Dispatcher" daemon [_thread_blocked, id=2760, stack(0x000000fc86800000,0x000000fc86900000)]
  0x00000245f51077a0 JavaThread "Attach Listener" daemon [_thread_blocked, id=10128, stack(0x000000fc86900000,0x000000fc86a00000)]
  0x00000245f5108900 JavaThread "Service Thread" daemon [_thread_blocked, id=420, stack(0x000000fc86a00000,0x000000fc86b00000)]
  0x00000245f51092c0 JavaThread "Monitor Deflation Thread" daemon [_thread_blocked, id=8156, stack(0x000000fc86b00000,0x000000fc86c00000)]
  0x00000245f510c5e0 JavaThread "C2 CompilerThread0" daemon [_thread_blocked, id=11848, stack(0x000000fc86c00000,0x000000fc86d00000)]
  0x00000245f5117510 JavaThread "C1 CompilerThread0" daemon [_thread_blocked, id=13088, stack(0x000000fc86d00000,0x000000fc86e00000)]
  0x00000245f5133e10 JavaThread "Sweeper thread" daemon [_thread_blocked, id=7564, stack(0x000000fc86e00000,0x000000fc86f00000)]
  0x00000245f534f510 JavaThread "Common-Cleaner" daemon [_thread_blocked, id=7640, stack(0x000000fc86f00000,0x000000fc87000000)]
  0x00000245f53df180 JavaThread "Notification Thread" daemon [_thread_blocked, id=10988, stack(0x000000fc87000000,0x000000fc87100000)]

Other Threads:
  0x00000245f50e70c0 VMThread "VM Thread" [stack: 0x000000fc86500000,0x000000fc86600000] [id=14152]
  0x0000024599469cf0 GCTaskThread "GC Thread#0" [stack: 0x000000fc86000000,0x000000fc86100000] [id=10512]
  0x0000024599472700 ConcurrentGCThread "G1 Main Marker" [stack: 0x000000fc86100000,0x000000fc86200000] [id=13792]
  0x0000024599473110 ConcurrentGCThread "G1 Conc#0" [stack: 0x000000fc86200000,0x000000fc86300000] [id=10848]
  0x00000245994a6af0 ConcurrentGCThread "G1 Refine#0" [stack: 0x000000fc86300000,0x000000fc86400000] [id=7508]
  0x00000245994a7520 ConcurrentGCThread "G1 Service" [stack: 0x000000fc86400000,0x000000fc86500000] [id=14892]

Threads with active compile tasks:

VM state: not at safepoint (normal execution)

VM Mutex/Monitor currently owned by a thread:  ([mutex/lock_event])
[0x0000024599420120] Metaspace_lock - owner thread: 0x00000245994271b0

Heap address: 0x00000000c2a00000, size: 982 MB, Compressed Oops mode: 32-bit

CDS archive(s) mapped at: [0x00000245b4000000-0x00000245b4bd0000-0x00000245b4bd0000), size 12386304, SharedBaseAddress: 0x00000245b4000000, ArchiveRelocationMode: 1.
Compressed class space mapped at: 0x00000245b5000000-0x00000245f5000000, reserved size: 1073741824
Narrow klass base: 0x00000245b4000000, Narrow klass shift: 0, Narrow klass range: 0x100000000

GC Precious Log:
 CPUs: 2 total, 2 available
 Memory: 3924M
 Large Page Support: Disabled
 NUMA Support: Disabled
 Compressed Oops: Enabled (32-bit)
 Heap Region Size: 1M
 Heap Min Capacity: 8M
 Heap Initial Capacity: 62M
 Heap Max Capacity: 982M
 Pre-touch: Disabled
 Parallel Workers: 2
 Concurrent Workers: 1
 Concurrent Refinement Workers: 2
 Periodic GC: Disabled

Heap:
 garbage-first heap   total 63488K, used 4096K [0x00000000c2a00000, 0x0000000100000000)
  region size 1024K, 5 young (5120K), 0 survivors (0K)
 Metaspace       used 2018K, committed 2112K, reserved 1114112K
  class space    used 201K, committed 256K, reserved 1048576K

Heap Regions: E=young(eden), S=young(survivor), O=old, HS=humongous(starts), HC=humongous(continues), CS=collection set, F=free, OA=open archive, CA=closed archive, TAMS=top-at-mark-start (previous, next)
|   0|0x00000000c2a00000, 0x00000000c2a00000, 0x00000000c2b00000|  0%| F|  |TAMS 0x00000000c2a00000, 0x00000000c2a00000| Untracked 
|   1|0x00000000c2b00000, 0x00000000c2b00000, 0x00000000c2c00000|  0%| F|  |TAMS 0x00000000c2b00000, 0x00000000c2b00000| Untracked 
|   2|0x00000000c2c00000, 0x00000000c2c00000, 0x00000000c2d00000|  0%| F|  |TAMS 0x00000000c2c00000, 0x00000000c2c00000| Untracked 
|   3|0x00000000c2d00000, 0x00000000c2d00000, 0x00000000c2e00000|  0%| F|  |TAMS 0x00000000c2d00000, 0x00000000c2d00000| Untracked 
|   4|0x00000000c2e00000, 0x00000000c2e00000, 0x00000000c2f00000|  0%| F|  |TAMS 0x00000000c2e00000, 0x00000000c2e00000| Untracked 
|   5|0x00000000c2f00000, 0x00000000c2f00000, 0x00000000c3000000|  0%| F|  |TAMS 0x00000000c2f00000, 0x00000000c2f00000| Untracked 
|   6|0x00000000c3000000, 0x00000000c3000000, 0x00000000c3100000|  0%| F|  |TAMS 0x00000000c3000000, 0x00000000c3000000| Untracked 
|   7|0x00000000c3100000, 0x00000000c3100000, 0x00000000c3200000|  0%| F|  |TAMS 0x00000000c3100000, 0x00000000c3100000| Untracked 
|   8|0x00000000c3200000, 0x00000000c3200000, 0x00000000c3300000|  0%| F|  |TAMS 0x00000000c3200000, 0x00000000c3200000| Untracked 
|   9|0x00000000c3300000, 0x00000000c3300000, 0x00000000c3400000|  0%| F|  |TAMS 0x00000000c3300000, 0x00000000c3300000| Untracked 
|  10|0x00000000c3400000, 0x00000000c3400000, 0x00000000c3500000|  0%| F|  |TAMS 0x00000000c3400000, 0x00000000c3400000| Untracked 
|  11|0x00000000c3500000, 0x00000000c3500000, 0x00000000c3600000|  0%| F|  |TAMS 0x00000000c3500000, 0x00000000c3500000| Untracked 
|  12|0x00000000c3600000, 0x00000000c3600000, 0x00000000c3700000|  0%| F|  |TAMS 0x00000000c3600000, 0x00000000c3600000| Untracked 
|  13|0x00000000c3700000, 0x00000000c3700000, 0x00000000c3800000|  0%| F|  |TAMS 0x00000000c3700000, 0x00000000c3700000| Untracked 
|  14|0x00000000c3800000, 0x00000000c3800000, 0x00000000c3900000|  0%| F|  |TAMS 0x00000000c3800000, 0x00000000c3800000| Untracked 
|  15|0x00000000c3900000, 0x00000000c3900000, 0x00000000c3a00000|  0%| F|  |TAMS 0x00000000c3900000, 0x00000000c3900000| Untracked 
|  16|0x00000000c3a00000, 0x00000000c3a00000, 0x00000000c3b00000|  0%| F|  |TAMS 0x00000000c3a00000, 0x00000000c3a00000| Untracked 
|  17|0x00000000c3b00000, 0x00000000c3b00000, 0x00000000c3c00000|  0%| F|  |TAMS 0x00000000c3b00000, 0x00000000c3b00000| Untracked 
|  18|0x00000000c3c00000, 0x00000000c3c00000, 0x00000000c3d00000|  0%| F|  |TAMS 0x00000000c3c00000, 0x00000000c3c00000| Untracked 
|  19|0x00000000c3d00000, 0x00000000c3d00000, 0x00000000c3e00000|  0%| F|  |TAMS 0x00000000c3d00000, 0x00000000c3d00000| Untracked 
|  20|0x00000000c3e00000, 0x00000000c3e00000, 0x00000000c3f00000|  0%| F|  |TAMS 0x00000000c3e00000, 0x00000000c3e00000| Untracked 
|  21|0x00000000c3f00000, 0x00000000c3f00000, 0x00000000c4000000|  0%| F|  |TAMS 0x00000000c3f00000, 0x00000000c3f00000| Untracked 
|  22|0x00000000c4000000, 0x00000000c4000000, 0x00000000c4100000|  0%| F|  |TAMS 0x00000000c4000000, 0x00000000c4000000| Untracked 
|  23|0x00000000c4100000, 0x00000000c4100000, 0x00000000c4200000|  0%| F|  |TAMS 0x00000000c4100000, 0x00000000c4100000| Untracked 
|  24|0x00000000c4200000, 0x00000000c4200000, 0x00000000c4300000|  0%| F|  |TAMS 0x00000000c4200000, 0x00000000c4200000| Untracked 
|  25|0x00000000c4300000, 0x00000000c4300000, 0x00000000c4400000|  0%| F|  |TAMS 0x00000000c4300000, 0x00000000c4300000| Untracked 
|  26|0x00000000c4400000, 0x00000000c4400000, 0x00000000c4500000|  0%| F|  |TAMS 0x00000000c4400000, 0x00000000c4400000| Untracked 
|  27|0x00000000c4500000, 0x00000000c4500000, 0x00000000c4600000|  0%| F|  |TAMS 0x00000000c4500000, 0x00000000c4500000| Untracked 
|  28|0x00000000c4600000, 0x00000000c4600000, 0x00000000c4700000|  0%| F|  |TAMS 0x00000000c4600000, 0x00000000c4600000| Untracked 
|  29|0x00000000c4700000, 0x00000000c4700000, 0x00000000c4800000|  0%| F|  |TAMS 0x00000000c4700000, 0x00000000c4700000| Untracked 
|  30|0x00000000c4800000, 0x00000000c4800000, 0x00000000c4900000|  0%| F|  |TAMS 0x00000000c4800000, 0x00000000c4800000| Untracked 
|  31|0x00000000c4900000, 0x00000000c4900000, 0x00000000c4a00000|  0%| F|  |TAMS 0x00000000c4900000, 0x00000000c4900000| Untracked 
|  32|0x00000000c4a00000, 0x00000000c4a00000, 0x00000000c4b00000|  0%| F|  |TAMS 0x00000000c4a00000, 0x00000000c4a00000| Untracked 
|  33|0x00000000c4b00000, 0x00000000c4b00000, 0x00000000c4c00000|  0%| F|  |TAMS 0x00000000c4b00000, 0x00000000c4b00000| Untracked 
|  34|0x00000000c4c00000, 0x00000000c4c00000, 0x00000000c4d00000|  0%| F|  |TAMS 0x00000000c4c00000, 0x00000000c4c00000| Untracked 
|  35|0x00000000c4d00000, 0x00000000c4d00000, 0x00000000c4e00000|  0%| F|  |TAMS 0x00000000c4d00000, 0x00000000c4d00000| Untracked 
|  36|0x00000000c4e00000, 0x00000000c4e00000, 0x00000000c4f00000|  0%| F|  |TAMS 0x00000000c4e00000, 0x00000000c4e00000| Untracked 
|  37|0x00000000c4f00000, 0x00000000c4f00000, 0x00000000c5000000|  0%| F|  |TAMS 0x00000000c4f00000, 0x00000000c4f00000| Untracked 
|  38|0x00000000c5000000, 0x00000000c5000000, 0x00000000c5100000|  0%| F|  |TAMS 0x00000000c5000000, 0x00000000c5000000| Untracked 
|  39|0x00000000c5100000, 0x00000000c5100000, 0x00000000c5200000|  0%| F|  |TAMS 0x00000000c5100000, 0x00000000c5100000| Untracked 
|  40|0x00000000c5200000, 0x00000000c5200000, 0x00000000c5300000|  0%| F|  |TAMS 0x00000000c5200000, 0x00000000c5200000| Untracked 
|  41|0x00000000c5300000, 0x00000000c5300000, 0x00000000c5400000|  0%| F|  |TAMS 0x00000000c5300000, 0x00000000c5300000| Untracked 
|  42|0x00000000c5400000, 0x00000000c5400000, 0x00000000c5500000|  0%| F|  |TAMS 0x00000000c5400000, 0x00000000c5400000| Untracked 
|  43|0x00000000c5500000, 0x00000000c5500000, 0x00000000c5600000|  0%| F|  |TAMS 0x00000000c5500000, 0x00000000c5500000| Untracked 
|  44|0x00000000c5600000, 0x00000000c5600000, 0x00000000c5700000|  0%| F|  |TAMS 0x00000000c5600000, 0x00000000c5600000| Untracked 
|  45|0x00000000c5700000, 0x00000000c5700000, 0x00000000c5800000|  0%| F|  |TAMS 0x00000000c5700000, 0x00000000c5700000| Untracked 
|  46|0x00000000c5800000, 0x00000000c5800000, 0x00000000c5900000|  0%| F|  |TAMS 0x00000000c5800000, 0x00000000c5800000| Untracked 
|  47|0x00000000c5900000, 0x00000000c5900000, 0x00000000c5a00000|  0%| F|  |TAMS 0x00000000c5900000, 0x00000000c5900000| Untracked 
|  48|0x00000000c5a00000, 0x00000000c5a00000, 0x00000000c5b00000|  0%| F|  |TAMS 0x00000000c5a00000, 0x00000000c5a00000| Untracked 
|  49|0x00000000c5b00000, 0x00000000c5b00000, 0x00000000c5c00000|  0%| F|  |TAMS 0x00000000c5b00000, 0x00000000c5b00000| Untracked 
|  50|0x00000000c5c00000, 0x00000000c5c00000, 0x00000000c5d00000|  0%| F|  |TAMS 0x00000000c5c00000, 0x00000000c5c00000| Untracked 
|  51|0x00000000c5d00000, 0x00000000c5d00000, 0x00000000c5e00000|  0%| F|  |TAMS 0x00000000c5d00000, 0x00000000c5d00000| Untracked 
|  52|0x00000000c5e00000, 0x00000000c5e00000, 0x00000000c5f00000|  0%| F|  |TAMS 0x00000000c5e00000, 0x00000000c5e00000| Untracked 
|  53|0x00000000c5f00000, 0x00000000c5f00000, 0x00000000c6000000|  0%| F|  |TAMS 0x00000000c5f00000, 0x00000000c5f00000| Untracked 
|  54|0x00000000c6000000, 0x00000000c6000000, 0x00000000c6100000|  0%| F|  |TAMS 0x00000000c6000000, 0x00000000c6000000| Untracked 
|  55|0x00000000c6100000, 0x00000000c6100000, 0x00000000c6200000|  0%| F|  |TAMS 0x00000000c6100000, 0x00000000c6100000| Untracked 
|  56|0x00000000c6200000, 0x00000000c6200000, 0x00000000c6300000|  0%| F|  |TAMS 0x00000000c6200000, 0x00000000c6200000| Untracked 
|  57|0x00000000c6300000, 0x00000000c63f65f0, 0x00000000c6400000| 96%| E|  |TAMS 0x00000000c6300000, 0x00000000c6300000| Complete 
|  58|0x00000000c6400000, 0x00000000c6500000, 0x00000000c6500000|100%| E|CS|TAMS 0x00000000c6400000, 0x00000000c6400000| Complete 
|  59|0x00000000c6500000, 0x00000000c6600000, 0x00000000c6600000|100%| E|CS|TAMS 0x00000000c6500000, 0x00000000c6500000| Complete 
|  60|0x00000000c6600000, 0x00000000c6700000, 0x00000000c6700000|100%| E|CS|TAMS 0x00000000c6600000, 0x00000000c6600000| Complete 
|  61|0x00000000c6700000, 0x00000000c6800000, 0x00000000c6800000|100%| E|CS|TAMS 0x00000000c6700000, 0x00000000c6700000| Complete 

Card table byte_map: [0x0000024599200000,0x00000245993f0000] _byte_map_base: 0x0000024598beb000

Marking Bits (Prev, Next): (CMBitMap*) 0x000002459946a310, (CMBitMap*) 0x000002459946a350
 Prev Bits: [0x00000245afed0000, 0x00000245b0e28000)
 Next Bits: [0x00000245b0e30000, 0x00000245b1d88000)

Polling page: 0x00000245972c0000

Metaspace:

Usage:
  Non-class:      1.77 MB used.
      Class:    201.35 KB used.
       Both:      1.97 MB used.

Virtual space:
  Non-class space:       64.00 MB reserved,       1.81 MB (  3%) committed,  1 nodes.
      Class space:        1.00 GB reserved,     256.00 KB ( <1%) committed,  1 nodes.
             Both:        1.06 GB reserved,       2.06 MB ( <1%) committed. 

Chunk freelists:
   Non-Class:  11.96 MB
       Class:  15.73 MB
        Both:  27.69 MB

MaxMetaspaceSize: unlimited
CompressedClassSpaceSize: 1.00 GB
Initial GC threshold: 21.00 MB
Current GC threshold: 21.00 MB
CDS: on
MetaspaceReclaimPolicy: balanced
 - commit_granule_bytes: 65536.
 - commit_granule_words: 8192.
 - virtual_space_node_default_size: 8388608.
 - enlarge_chunks_in_place: 1.
 - new_chunks_are_fully_committed: 0.
 - uncommit_free_chunks: 1.
 - use_allocation_guard: 0.
 - handle_deallocations: 1.


Internal statistics:

num_allocs_failed_limit: 0.
num_arena_births: 40.
num_arena_deaths: 0.
num_vsnodes_births: 2.
num_vsnodes_deaths: 0.
num_space_committed: 33.
num_space_uncommitted: 0.
num_chunks_returned_to_freelist: 0.
num_chunks_taken_from_freelist: 41.
num_chunk_merges: 0.
num_chunk_splits: 30.
num_chunks_enlarged: 19.
num_inconsistent_stats: 0.

CodeHeap 'non-profiled nmethods': size=120064Kb used=157Kb max_used=157Kb free=119906Kb
 bounds [0x00000245a87a0000, 0x00000245a8a10000, 0x00000245afce0000]
CodeHeap 'profiled nmethods': size=120000Kb used=634Kb max_used=634Kb free=119365Kb
 bounds [0x00000245a0ce0000, 0x00000245a0f50000, 0x00000245a8210000]
CodeHeap 'non-nmethods': size=5696Kb used=1111Kb max_used=1125Kb free=4584Kb
 bounds [0x00000245a8210000, 0x00000245a8480000, 0x00000245a87a0000]
 total_blobs=868 nmethods=476 adapters=306
 compilation: enabled
              stopped_count=0, restarted_count=0
 full_count=0

Compilation events (20 events):
Event: 0.891 Thread 0x00000245f5117510  467       3       jdk.internal.org.objectweb.asm.Frame::pop (44 bytes)
Event: 0.891 Thread 0x00000245f5117510 nmethod 467 0x00000245a0d78c90 code [0x00000245a0d78e20, 0x00000245a0d78fb8]
Event: 0.891 Thread 0x00000245f5117510  469       3       jdk.internal.org.objectweb.asm.ByteVector::putInt (74 bytes)
Event: 0.892 Thread 0x00000245f5117510 nmethod 469 0x00000245a0d79090 code [0x00000245a0d79240, 0x00000245a0d794a8]
Event: 0.892 Thread 0x00000245f5117510  468       1       jdk.internal.org.objectweb.asm.SymbolTable::getMajorVersion (5 bytes)
Event: 0.892 Thread 0x00000245f5117510 nmethod 468 0x00000245a87c7010 code [0x00000245a87c71a0, 0x00000245a87c7278]
Event: 0.893 Thread 0x00000245f5117510  470       3       java.lang.StringConcatHelper::newArray (26 bytes)
Event: 0.894 Thread 0x00000245f5117510 nmethod 470 0x00000245a0d79610 code [0x00000245a0d797c0, 0x00000245a0d79a08]
Event: 0.894 Thread 0x00000245f5117510  471       3       java.lang.StringLatin1::indexOf (36 bytes)
Event: 0.894 Thread 0x00000245f5117510 nmethod 471 0x00000245a0d79b10 code [0x00000245a0d79ce0, 0x00000245a0d79fe8]
Event: 0.894 Thread 0x00000245f5117510  472       3       jdk.internal.org.objectweb.asm.Frame::getLocal (46 bytes)
Event: 0.895 Thread 0x00000245f5117510 nmethod 472 0x00000245a0d7a110 code [0x00000245a0d7a2c0, 0x00000245a0d7a4f8]
Event: 0.895 Thread 0x00000245f5117510  473       3       jdk.internal.org.objectweb.asm.Type::getArgumentsAndReturnSizes (140 bytes)
Event: 0.898 Thread 0x00000245f5117510 nmethod 473 0x00000245a0d7a610 code [0x00000245a0d7aa00, 0x00000245a0d7c818]
Event: 0.899 Thread 0x00000245f5117510  474       3       jdk.internal.org.objectweb.asm.SymbolTable::addConstantMemberReference (147 bytes)
Event: 0.900 Thread 0x00000245f5117510 nmethod 474 0x00000245a0d7d310 code [0x00000245a0d7d580, 0x00000245a0d7de68]
Event: 0.900 Thread 0x00000245f5117510  475       3       jdk.internal.org.objectweb.asm.SymbolTable::hash (20 bytes)
Event: 0.900 Thread 0x00000245f5117510 nmethod 475 0x00000245a0d7e390 code [0x00000245a0d7e540, 0x00000245a0d7e708]
Event: 0.900 Thread 0x00000245f5117510  476       1       com.sun.jmx.mbeanserver.MXBeanMapping::getOpenType (5 bytes)
Event: 0.901 Thread 0x00000245f5117510 nmethod 476 0x00000245a87c7310 code [0x00000245a87c74a0, 0x00000245a87c7578]

GC Heap History (0 events):
No events

Deoptimization events (20 events):
Event: 0.415 Thread 0x00000245994271b0 DEOPT PACKING pc=0x00000245a0d1570c sp=0x000000fc85ffc760
Event: 0.415 Thread 0x00000245994271b0 DEOPT UNPACKING pc=0x00000245a8262b24 sp=0x000000fc85ffbbf0 mode 0
Event: 0.415 Thread 0x00000245994271b0 DEOPT PACKING pc=0x00000245a0d1570c sp=0x000000fc85ffc760
Event: 0.415 Thread 0x00000245994271b0 DEOPT UNPACKING pc=0x00000245a8262b24 sp=0x000000fc85ffbbf0 mode 0
Event: 0.416 Thread 0x00000245994271b0 DEOPT PACKING pc=0x00000245a0d1570c sp=0x000000fc85ffc760
Event: 0.416 Thread 0x00000245994271b0 DEOPT UNPACKING pc=0x00000245a8262b24 sp=0x000000fc85ffbbf0 mode 0
Event: 0.416 Thread 0x00000245994271b0 DEOPT PACKING pc=0x00000245a0d1570c sp=0x000000fc85ffc760
Event: 0.416 Thread 0x00000245994271b0 DEOPT UNPACKING pc=0x00000245a8262b24 sp=0x000000fc85ffbbf0 mode 0
Event: 0.416 Thread 0x00000245994271b0 DEOPT PACKING pc=0x00000245a0d1570c sp=0x000000fc85ffc760
Event: 0.416 Thread 0x00000245994271b0 DEOPT UNPACKING pc=0x00000245a8262b24 sp=0x000000fc85ffbbf0 mode 0
Event: 0.416 Thread 0x00000245994271b0 DEOPT PACKING pc=0x00000245a0d1570c sp=0x000000fc85ffc760
Event: 0.416 Thread 0x00000245994271b0 DEOPT UNPACKING pc=0x00000245a8262b24 sp=0x000000fc85ffbbf0 mode 0
Event: 0.416 Thread 0x00000245994271b0 DEOPT PACKING pc=0x00000245a0d1570c sp=0x000000fc85ffc760
Event: 0.416 Thread 0x00000245994271b0 DEOPT UNPACKING pc=0x00000245a8262b24 sp=0x000000fc85ffbbf0 mode 0
Event: 0.427 Thread 0x00000245994271b0 Uncommon trap: trap_request=0xffffff45 fr.pc=0x00000245a87ac398 relative=0x00000000000006b8
Event: 0.427 Thread 0x00000245994271b0 Uncommon trap: reason=unstable_if action=reinterpret pc=0x00000245a87ac398 method=java.util.HashMap.putVal(ILjava/lang/Object;Ljava/lang/Object;ZZ)Ljava/lang/Object; @ 181 c2
Event: 0.427 Thread 0x00000245994271b0 DEOPT PACKING pc=0x00000245a87ac398 sp=0x000000fc85ffd160
Event: 0.427 Thread 0x00000245994271b0 DEOPT UNPACKING pc=0x00000245a826239d sp=0x000000fc85ffd100 mode 2
Event: 0.894 Thread 0x00000245994271b0 DEOPT PACKING pc=0x00000245a0d0ba67 sp=0x000000fc85ffd1d0
Event: 0.894 Thread 0x00000245994271b0 DEOPT UNPACKING pc=0x00000245a8262b24 sp=0x000000fc85ffc5f0 mode 0

Classes unloaded (0 events):
No events

Classes redefined (0 events):
No events

Internal exceptions (4 events):
Event: 0.629 Thread 0x00000245994271b0 Exception <a 'java/lang/NoSuchMethodError'{0x00000000c64e6258}: 'java.lang.Object java.lang.invoke.DirectMethodHandle$Holder.invokeStaticInit(java.lang.Object)'> (0x00000000c64e6258) 
thrown [s\open\src\hotspot\share\interpreter\linkResolver.cpp, line 759]
Event: 0.686 Thread 0x00000245994271b0 Exception <a 'java/lang/NoSuchMethodError'{0x00000000c6301c68}: 'int java.lang.invoke.DirectMethodHandle$Holder.invokeInterface(java.lang.Object, java.lang.Object)'> (0x00000000c6301c68) 
thrown [s\open\src\hotspot\share\interpreter\linkResolver.cpp, line 759]
Event: 0.687 Thread 0x00000245994271b0 Exception <a 'java/lang/IncompatibleClassChangeError'{0x00000000c6305268}: Found class java.lang.Object, but interface was expected> (0x00000000c6305268) 
thrown [s\open\src\hotspot\share\interpreter\linkResolver.cpp, line 826]
Event: 0.691 Thread 0x00000245994271b0 Exception <a 'java/lang/NoSuchMethodError'{0x00000000c630aea8}: 'void java.lang.invoke.DirectMethodHandle$Holder.invokeStatic(java.lang.Object, java.lang.Object)'> (0x00000000c630aea8) 
thrown [s\open\src\hotspot\share\interpreter\linkResolver.cpp, line 759]

VM Operations (2 events):
Event: 0.244 Executing VM operation: HandshakeAllThreads
Event: 0.244 Executing VM operation: HandshakeAllThreads done

Events (20 events):
Event: 0.892 loading class java/lang/reflect/Proxy$ProxyBuilder$1
Event: 0.892 loading class java/lang/reflect/Proxy$ProxyBuilder$1 done
Event: 0.892 loading class java/lang/annotation/Target
Event: 0.892 loading class java/lang/annotation/Target done
Event: 0.897 loading class javax/management/DescriptorKey
Event: 0.897 loading class javax/management/DescriptorKey done
Event: 0.899 loading class sun/management/MemoryImpl
Event: 0.899 loading class java/lang/management/MemoryMXBean
Event: 0.899 loading class java/lang/management/MemoryMXBean done
Event: 0.899 loading class sun/management/MemoryImpl done
Event: 0.899 loading class java/lang/management/MemoryManagerMXBean
Event: 0.899 loading class java/lang/management/MemoryManagerMXBean done
Event: 0.900 loading class sun/management/MemoryManagerImpl
Event: 0.900 loading class sun/management/MemoryManagerImpl done
Event: 0.900 loading class com/sun/management/internal/GarbageCollectorExtImpl
Event: 0.900 loading class com/sun/management/GarbageCollectorMXBean
Event: 0.900 loading class java/lang/management/GarbageCollectorMXBean
Event: 0.900 loading class java/lang/management/GarbageCollectorMXBean done
Event: 0.900 loading class com/sun/management/GarbageCollectorMXBean done
Event: 0.900 loading class sun/management/GarbageCollectorImpl


Dynamic libraries:
0x00007ff66bdc0000 - 0x00007ff66bdd0000 	C:\Program Files\Java\jdk-17\bin\java.exe
0x00007ffd522b0000 - 0x00007ffd524a8000 	C:\Windows\SYSTEM32\ntdll.dll
0x00007ffd515c0000 - 0x00007ffd51681000 	C:\Windows\System32\KERNEL32.DLL
0x00007ffd4fa00000 - 0x00007ffd4fcf6000 	C:\Windows\System32\KERNELBASE.dll
0x00007ffd4fea0000 - 0x00007ffd4ffa0000 	C:\Windows\System32\ucrtbase.dll
0x00007ffd48410000 - 0x00007ffd48429000 	C:\Program Files\Java\jdk-17\bin\jli.dll
0x00007ffd509d0000 - 0x00007ffd50a80000 	C:\Windows\System32\ADVAPI32.dll
0x00007ffd514c0000 - 0x00007ffd5155e000 	C:\Windows\System32\msvcrt.dll
0x00007ffd50a90000 - 0x00007ffd50b30000 	C:\Windows\System32\sechost.dll
0x00007ffd508a0000 - 0x00007ffd509c3000 	C:\Windows\System32\RPCRT4.dll
0x00007ffd502b0000 - 0x00007ffd502d7000 	C:\Windows\System32\bcrypt.dll
0x00007ffd50600000 - 0x00007ffd5079f000 	C:\Windows\System32\USER32.dll
0x00007ffd4fd70000 - 0x00007ffd4fd92000 	C:\Windows\System32\win32u.dll
0x00007ffd50490000 - 0x00007ffd504bb000 	C:\Windows\System32\GDI32.dll
0x00007ffd4ffa0000 - 0x00007ffd500b7000 	C:\Windows\System32\gdi32full.dll
0x00007ffd4f960000 - 0x00007ffd4f9fd000 	C:\Windows\System32\msvcp_win.dll
0x00007ffd483d0000 - 0x00007ffd483eb000 	C:\Program Files\Java\jdk-17\bin\VCRUNTIME140.dll
0x00007ffd38d70000 - 0x00007ffd3900a000 	C:\Windows\WinSxS\amd64_microsoft.windows.common-controls_6595b64144ccf1df_6.0.19041.4355_none_60b8b9eb71f62e16\COMCTL32.dll
0x00007ffd47a80000 - 0x00007ffd47a8a000 	C:\Windows\SYSTEM32\VERSION.dll
0x00007ffd504c0000 - 0x00007ffd504ef000 	C:\Windows\System32\IMM32.DLL
0x00007ffd49280000 - 0x00007ffd4928c000 	C:\Program Files\Java\jdk-17\bin\vcruntime140_1.dll
0x00007ffd21640000 - 0x00007ffd216ce000 	C:\Program Files\Java\jdk-17\bin\msvcp140.dll
0x00007ffcdd560000 - 0x00007ffcde13f000 	C:\Program Files\Java\jdk-17\bin\server\jvm.dll
0x00007ffd507a0000 - 0x00007ffd507a8000 	C:\Windows\System32\PSAPI.DLL
0x00007ffd3c270000 - 0x00007ffd3c279000 	C:\Windows\SYSTEM32\WSOCK32.dll
0x00007ffd513c0000 - 0x00007ffd5142b000 	C:\Windows\System32\WS2_32.dll
0x00007ffd3b9a0000 - 0x00007ffd3b9c7000 	C:\Windows\SYSTEM32\WINMM.dll
0x00007ffd4d700000 - 0x00007ffd4d712000 	C:\Windows\SYSTEM32\kernel.appcore.dll
0x00007ffd48a60000 - 0x00007ffd48a6a000 	C:\Program Files\Java\jdk-17\bin\jimage.dll
0x00007ffd4b3b0000 - 0x00007ffd4b594000 	C:\Windows\SYSTEM32\DBGHELP.DLL
0x00007ffd46de0000 - 0x00007ffd46e14000 	C:\Windows\SYSTEM32\dbgcore.DLL
0x00007ffd50220000 - 0x00007ffd502a2000 	C:\Windows\System32\bcryptPrimitives.dll
0x00007ffd3a820000 - 0x00007ffd3a845000 	C:\Program Files\Java\jdk-17\bin\java.dll
0x00007ffd210a0000 - 0x00007ffd21177000 	C:\Program Files\Java\jdk-17\bin\jsvml.dll
0x00007ffd50b30000 - 0x00007ffd5129c000 	C:\Windows\System32\SHELL32.dll
0x00007ffd4d9e0000 - 0x00007ffd4e17e000 	C:\Windows\SYSTEM32\windows.storage.dll
0x00007ffd517c0000 - 0x00007ffd51b13000 	C:\Windows\System32\combase.dll
0x00007ffd4f2b0000 - 0x00007ffd4f2de000 	C:\Windows\SYSTEM32\Wldp.dll
0x00007ffd520f0000 - 0x00007ffd521bd000 	C:\Windows\System32\OLEAUT32.dll
0x00007ffd521c0000 - 0x00007ffd5226d000 	C:\Windows\System32\SHCORE.dll
0x00007ffd50840000 - 0x00007ffd50895000 	C:\Windows\System32\shlwapi.dll
0x00007ffd4f890000 - 0x00007ffd4f8b4000 	C:\Windows\SYSTEM32\profapi.dll
0x00007ffd48390000 - 0x00007ffd483a9000 	C:\Program Files\Java\jdk-17\bin\net.dll
0x00007ffd46560000 - 0x00007ffd4666a000 	C:\Windows\SYSTEM32\WINHTTP.dll
0x00007ffd4f010000 - 0x00007ffd4f07a000 	C:\Windows\system32\mswsock.dll
0x00007ffd47920000 - 0x00007ffd47936000 	C:\Program Files\Java\jdk-17\bin\nio.dll
0x00007ffd3ddd0000 - 0x00007ffd3dde8000 	C:\Program Files\Java\jdk-17\bin\zip.dll
0x00007ffd48480000 - 0x00007ffd4848a000 	C:\Program Files\Java\jdk-17\bin\management.dll
0x00007ffd48220000 - 0x00007ffd4822b000 	C:\Program Files\Java\jdk-17\bin\management_ext.dll

dbghelp: loaded successfully - version: 4.0.5 - missing functions: none
symbol engine: initialized successfully - sym options: 0x614 - pdb path: .;C:\Program Files\Java\jdk-17\bin;C:\Windows\SYSTEM32;C:\Windows\WinSxS\amd64_microsoft.windows.common-controls_6595b64144ccf1df_6.0.19041.4355_none_60b8b9eb71f62e16;C:\Program Files\Java\jdk-17\bin\server

VM Arguments:
jvm_args: -Dcom.sun.management.jmxremote -Dcom.sun.management.jmxremote.port=56570 -Dcom.sun.management.jmxremote.authenticate=false -Dcom.sun.management.jmxremote.ssl=false -Dspring.jmx.enabled=true -Djava.rmi.server.hostname=localhost -Dspring.application.admin.enabled=true -Dspring.boot.project.name=demo -XX:+ShowCodeDetailsInExceptionMessages 
java_command: com.example.demo.DemoApplication
java_class_path (initial): C:\Users\maxim\Downloads\07_pooJava\clase9\demo3\target\classes;C:\Users\maxim\.m2\repository\org\springframework\boot\spring-boot-starter-web\3.3.1\spring-boot-starter-web-3.3.1.jar;C:\Users\maxim\.m2\repository\org\springframework\boot\spring-boot-starter\3.3.1\spring-boot-starter-3.3.1.jar;C:\Users\maxim\.m2\repository\org\springframework\boot\spring-boot\3.3.1\spring-boot-3.3.1.jar;C:\Users\maxim\.m2\repository\org\springframework\boot\spring-boot-autoconfigure\3.3.1\spring-boot-autoconfigure-3.3.1.jar;C:\Users\maxim\.m2\repository\org\springframework\boot\spring-boot-starter-logging\3.3.1\spring-boot-starter-logging-3.3.1.jar;C:\Users\maxim\.m2\repository\ch\qos\logback\logback-classic\1.5.6\logback-classic-1.5.6.jar;C:\Users\maxim\.m2\repository\ch\qos\logback\logback-core\1.5.6\logback-core-1.5.6.jar;C:\Users\maxim\.m2\repository\org\apache\logging\log4j\log4j-to-slf4j\2.23.1\log4j-to-slf4j-2.23.1.jar;C:\Users\maxim\.m2\repository\org\apache\logging\log4j\log4j-api\2.23.1\log4j-api-2.23.1.jar;C:\Users\maxim\.m2\repository\org\slf4j\jul-to-slf4j\2.0.13\jul-to-slf4j-2.0.13.jar;C:\Users\maxim\.m2\repository\jakarta\annotation\jakarta.annotation-api\2.1.1\jakarta.annotation-api-2.1.1.jar;C:\Users\maxim\.m2\repository\org\yaml\snakeyaml\2.2\snakeyaml-2.2.jar;C:\Users\maxim\.m2\repository\org\springframework\boot\spring-boot-starter-json\3.3.1\spring-boot-starter-json-3.3.1.jar;C:\Users\maxim\.m2\repository\com\fasterxml\jackson\core\jackson-databind\2.17.1\jackson-databind-2.17.1.jar;C:\Users\maxim\.m2\repository\com\fasterxml\jackson\core\jackson-annotations\2.17.1\jackson-annotations-2.17.1.jar;C:\Users\maxim\.m2\repository\com\fasterxml\jackson\core\jackson-core\2.17.1\jackson-core-2.17.1.jar;C:\Users\maxim\.m2\repository\com\fasterxml\jackson\datatype\jackson-datatype-jdk8\2.17.1\jackson-datatype-jdk8-2.17.1.jar;C:\Users\maxim\.m2\repository\com\fasterxml\jackson\datatype\jackson-datatype-jsr310\2.17.1\jackson-datatype-jsr310-2.17.
Launcher Type: SUN_STANDARD

[Global flags]
     intx CICompilerCount                          = 2                                         {product} {ergonomic}
     uint ConcGCThreads                            = 1                                         {product} {ergonomic}
     uint G1ConcRefinementThreads                  = 2                                         {product} {ergonomic}
   size_t G1HeapRegionSize                         = 1048576                                   {product} {ergonomic}
    uintx GCDrainStackTargetSize                   = 64                                        {product} {ergonomic}
   size_t InitialHeapSize                          = 65011712                                  {product} {ergonomic}
     bool ManagementServer                         = true                                      {product} {command line}
   size_t MarkStackSize                            = 4194304                                   {product} {ergonomic}
   size_t MaxHeapSize                              = 1029701632                                {product} {ergonomic}
   size_t MaxNewSize                               = 617611264                                 {product} {ergonomic}
   size_t MinHeapDeltaBytes                        = 1048576                                   {product} {ergonomic}
   size_t MinHeapSize                              = 8388608                                   {product} {ergonomic}
    uintx NonNMethodCodeHeapSize                   = 5826188                                {pd product} {ergonomic}
    uintx NonProfiledCodeHeapSize                  = 122916026                              {pd product} {ergonomic}
    uintx ProfiledCodeHeapSize                     = 122916026                              {pd product} {ergonomic}
    uintx ReservedCodeCacheSize                    = 251658240                              {pd product} {ergonomic}
     bool SegmentedCodeCache                       = true                                      {product} {ergonomic}
     bool ShowCodeDetailsInExceptionMessages       = true                                   {manageable} {command line}
   size_t SoftMaxHeapSize                          = 1029701632                             {manageable} {ergonomic}
     bool UseCompressedClassPointers               = true                           {product lp64_product} {ergonomic}
     bool UseCompressedOops                        = true                           {product lp64_product} {ergonomic}
     bool UseG1GC                                  = true                                      {product} {ergonomic}
     bool UseLargePagesIndividualAllocation        = false                                  {pd product} {ergonomic}

Logging:
Log output configuration:
 #0: stdout all=warning uptime,level,tags
 #1: stderr all=off uptime,level,tags

Environment Variables:
JAVA_HOME=C:\Program Files\Java\jdk-17
PATH=C:\Python312\Scripts\;C:\Python312\;C:\Program Files\Eclipse Adoptium\jdk-21.0.3.9-hotspot\bin;C:\Program Files\Common Files\Oracle\Java\javapath;C:\Windows\system32;C:\Windows;C:\Windows\System32\Wbem;C:\Windows\System32\WindowsPowerShell\v1.0\;C:\Windows\System32\OpenSSH\;C:\Program Files\Git\cmd;C:\Program Files\MongoDB\Server\7.0\bin;C:\Program Files\MongoDB\Server\7.0\bin;C:\Program Files\nodejs\;C:\ProgramData\chocolatey\bin;C:\Python\Scripts\;C:\Python\;C:\Users\maxim\AppData\Local\Programs\Python\Python38-32\Scripts\;C:\Users\maxim\AppData\Local\Programs\Python\Python38-32\;C:\Users\maxim\AppData\Local\Microsoft\WindowsApps;C:\Users\maxim\AppData\Local\GitHubDesktop\bin;C:\Users\maxim\AppData\Local\Programs\Microsoft VS Code\bin;C:\Users\maxim\AppData\Roaming\npm
USERNAME=maxim
LANG=en_US.UTF-8
OS=Windows_NT
PROCESSOR_IDENTIFIER=Intel64 Family 6 Model 92 Stepping 9, GenuineIntel



---------------  S Y S T E M  ---------------

OS:
 Windows 10 , 64 bit Build 19041 (10.0.19041.4597)
OS uptime: 1 days 7:03 hours

CPU: total 2 (initial active 2) (2 cores per cpu, 1 threads per core) family 6 model 92 stepping 9 microcode 0x38, cx8, cmov, fxsr, mmx, 3dnowpref, sse, sse2, sse3, ssse3, sse4.1, sse4.2, popcnt, tsc, tscinvbit, aes, erms, clmul, sha, clflush, clflushopt

Memory: 4k page, system-wide physical 3924M (351M free)
TotalPageFile size 9232M (AvailPageFile size 2M)
current process WorkingSet (physical memory assigned to process): 43M, peak: 43M
current process commit charge ("private bytes"): 133M, peak: 133M

vm_info: Java HotSpot(TM) 64-Bit Server VM (17.0.10+11-LTS-240) for windows-amd64 JRE (17.0.10+11-LTS-240), built on Dec 19 2023 21:47:25 by "mach5one" with MS VC++ 17.1 (VS2022)

END.
